<?xml version="1.0" encoding="UTF-8"?>
<coverage generated="1760108827466" clover="3.2.0">
  <project timestamp="1760108827466" name="All files">
    <metrics statements="544" coveredstatements="457" conditionals="267" coveredconditionals="171" methods="70" coveredmethods="43" elements="881" coveredelements="671" complexity="0" loc="544" ncloc="544" packages="1" files="1" classes="1"/>
    <file name="theme-generator.js" path="C:\Users\Ramoncito\Documents\GitHub\inyectortamaclarooscuro\theme-generator.js">
      <metrics statements="544" coveredstatements="457" conditionals="267" coveredconditionals="171" methods="70" coveredmethods="43"/>
      <line num="10" count="3" type="stmt"/>
      <line num="43" count="3" type="stmt"/>
      <line num="50" count="3" type="stmt"/>
      <line num="51" count="3" type="stmt"/>
      <line num="52" count="3" type="stmt"/>
      <line num="60" count="3" type="stmt"/>
      <line num="74" count="3" type="stmt"/>
      <line num="93" count="3" type="stmt"/>
      <line num="100" count="3" type="stmt"/>
      <line num="101" count="3" type="stmt"/>
      <line num="106" count="20" type="stmt"/>
      <line num="107" count="20" type="stmt"/>
      <line num="108" count="20" type="stmt"/>
      <line num="111" count="20" type="stmt"/>
      <line num="112" count="20" type="stmt"/>
      <line num="115" count="20" type="stmt"/>
      <line num="116" count="20" type="stmt"/>
      <line num="121" count="20" type="stmt"/>
      <line num="129" count="20" type="cond" truecount="4" falsecount="0"/>
      <line num="130" count="1" type="stmt"/>
      <line num="131" count="1" type="stmt"/>
      <line num="134" count="20" type="cond" truecount="2" falsecount="0"/>
      <line num="135" count="20" type="stmt"/>
      <line num="138" count="20" type="stmt"/>
      <line num="143" count="20" type="cond" truecount="2" falsecount="0"/>
      <line num="144" count="20" type="stmt"/>
      <line num="145" count="20" type="stmt"/>
      <line num="146" count="20" type="stmt"/>
      <line num="149" count="20" type="stmt"/>
      <line num="157" count="20" type="stmt"/>
      <line num="158" count="40" type="cond" truecount="2" falsecount="0"/>
      <line num="159" count="1" type="stmt"/>
      <line num="160" count="1" type="cond" truecount="1" falsecount="1"/>
      <line num="172" count="40" type="cond" truecount="1" falsecount="1"/>
      <line num="174" count="40" type="cond" truecount="2" falsecount="0"/>
      <line num="175" count="40" type="stmt"/>
      <line num="176" count="40" type="cond" truecount="1" falsecount="1"/>
      <line num="179" count="40" type="stmt"/>
      <line num="180" count="40" type="stmt"/>
      <line num="181" count="40" type="stmt"/>
      <line num="183" count="40" type="stmt"/>
      <line num="184" count="40" type="stmt"/>
      <line num="187" count="40" type="cond" truecount="2" falsecount="0"/>
      <line num="188" count="15" type="stmt"/>
      <line num="189" count="15" type="cond" truecount="1" falsecount="1"/>
      <line num="190" count="15" type="cond" truecount="1" falsecount="2"/>
      <line num="191" count="0" type="cond" truecount="0" falsecount="2"/>
      <line num="192" count="0" type="stmt"/>
      <line num="193" count="15" type="stmt"/>
      <line num="195" count="15" type="stmt"/>
      <line num="199" count="40" type="stmt"/>
      <line num="201" count="0" type="stmt"/>
      <line num="202" count="0" type="stmt"/>
      <line num="212" count="20" type="stmt"/>
      <line num="213" count="20" type="stmt"/>
      <line num="214" count="40" type="stmt"/>
      <line num="215" count="40" type="stmt"/>
      <line num="221" count="40" type="cond" truecount="2" falsecount="0"/>
      <line num="223" count="20" type="stmt"/>
      <line num="224" count="20" type="cond" truecount="2" falsecount="0"/>
      <line num="226" count="5" type="stmt"/>
      <line num="228" count="15" type="stmt"/>
      <line num="230" count="40" type="stmt"/>
      <line num="232" count="20" type="stmt"/>
      <line num="241" count="109" type="stmt"/>
      <line num="242" count="109" type="stmt"/>
      <line num="243" count="218" type="stmt"/>
      <line num="244" count="218" type="cond" truecount="3" falsecount="1"/>
      <line num="245" count="218" type="stmt"/>
      <line num="247" count="109" type="stmt"/>
      <line num="256" count="0" type="cond" truecount="0" falsecount="2"/>
      <line num="265" count="109" type="stmt"/>
      <line num="266" count="109" type="cond" truecount="1" falsecount="1"/>
      <line num="267" count="0" type="stmt"/>
      <line num="273" count="109" type="cond" truecount="1" falsecount="1"/>
      <line num="274" count="109" type="stmt"/>
      <line num="275" count="109" type="stmt"/>
      <line num="278" count="0" type="cond" truecount="0" falsecount="2"/>
      <line num="279" count="0" type="stmt"/>
      <line num="280" count="0" type="stmt"/>
      <line num="283" count="0" type="cond" truecount="0" falsecount="2"/>
      <line num="284" count="0" type="stmt"/>
      <line num="285" count="0" type="stmt"/>
      <line num="288" count="0" type="cond" truecount="0" falsecount="2"/>
      <line num="289" count="0" type="stmt"/>
      <line num="290" count="0" type="stmt"/>
      <line num="291" count="0" type="stmt"/>
      <line num="292" count="0" type="stmt"/>
      <line num="293" count="0" type="stmt"/>
      <line num="294" count="0" type="stmt"/>
      <line num="295" count="0" type="cond" truecount="0" falsecount="2"/>
      <line num="296" count="0" type="cond" truecount="0" falsecount="2"/>
      <line num="297" count="0" type="cond" truecount="0" falsecount="2"/>
      <line num="298" count="0" type="cond" truecount="0" falsecount="2"/>
      <line num="299" count="0" type="cond" truecount="0" falsecount="2"/>
      <line num="300" count="0" type="stmt"/>
      <line num="301" count="0" type="stmt"/>
      <line num="304" count="0" type="stmt"/>
      <line num="305" count="0" type="cond" truecount="0" falsecount="2"/>
      <line num="306" count="0" type="stmt"/>
      <line num="307" count="0" type="stmt"/>
      <line num="310" count="0" type="stmt"/>
      <line num="319" count="109" type="stmt"/>
      <line num="320" count="109" type="cond" truecount="1" falsecount="1"/>
      <line num="324" count="109" type="stmt"/>
      <line num="325" count="109" type="stmt"/>
      <line num="333" count="89" type="stmt"/>
      <line num="334" count="89" type="stmt"/>
      <line num="335" count="89" type="stmt"/>
      <line num="344" count="111" type="stmt"/>
      <line num="346" count="111" type="cond" truecount="4" falsecount="0"/>
      <line num="348" count="16" type="stmt"/>
      <line num="351" count="16" type="cond" truecount="1" falsecount="1"/>
      <line num="352" count="16" type="stmt"/>
      <line num="353" count="16" type="stmt"/>
      <line num="356" count="16" type="stmt"/>
      <line num="360" count="16" type="cond" truecount="5" falsecount="0"/>
      <line num="361" count="2" type="stmt"/>
      <line num="362" count="2" type="stmt"/>
      <line num="363" count="2" type="stmt"/>
      <line num="368" count="2" type="stmt"/>
      <line num="369" count="2" type="stmt"/>
      <line num="372" count="2" type="stmt"/>
      <line num="373" count="2" type="stmt"/>
      <line num="382" count="14" type="stmt"/>
      <line num="383" count="14" type="stmt"/>
      <line num="386" count="0" type="stmt"/>
      <line num="396" count="16" type="cond" truecount="2" falsecount="0"/>
      <line num="397" count="2" type="cond" truecount="2" falsecount="0"/>
      <line num="401" count="16" type="stmt"/>
      <line num="402" count="16" type="cond" truecount="3" falsecount="1"/>
      <line num="406" count="16" type="cond" truecount="2" falsecount="0"/>
      <line num="407" count="3" type="stmt"/>
      <line num="408" count="3" type="stmt"/>
      <line num="410" count="13" type="stmt"/>
      <line num="411" count="13" type="stmt"/>
      <line num="416" count="16" type="cond" truecount="2" falsecount="0"/>
      <line num="417" count="3" type="stmt"/>
      <line num="419" count="13" type="stmt"/>
      <line num="423" count="16" type="stmt"/>
      <line num="426" count="16" type="stmt"/>
      <line num="431" count="16" type="stmt"/>
      <line num="434" count="16" type="stmt"/>
      <line num="438" count="20" type="stmt"/>
      <line num="439" count="20" type="stmt"/>
      <line num="440" count="20" type="cond" truecount="1" falsecount="1"/>
      <line num="442" count="0" type="stmt"/>
      <line num="443" count="0" type="cond" truecount="0" falsecount="4"/>
      <line num="444" count="0" type="stmt"/>
      <line num="447" count="0" type="stmt"/>
      <line num="448" count="0" type="stmt"/>
      <line num="450" count="0" type="stmt"/>
      <line num="455" count="20" type="stmt"/>
      <line num="456" count="20" type="stmt"/>
      <line num="457" count="20" type="stmt"/>
      <line num="459" count="20" type="cond" truecount="2" falsecount="0"/>
      <line num="464" count="20" type="stmt"/>
      <line num="477" count="20" type="cond" truecount="2" falsecount="0"/>
      <line num="478" count="18" type="stmt"/>
      <line num="482" count="20" type="stmt"/>
      <line num="483" count="20" type="stmt"/>
      <line num="484" count="20" type="stmt"/>
      <line num="486" count="20" type="stmt"/>
      <line num="503" count="20" type="stmt"/>
      <line num="504" count="20" type="stmt"/>
      <line num="505" count="20" type="stmt"/>
      <line num="507" count="20" type="cond" truecount="2" falsecount="0"/>
      <line num="508" count="18" type="stmt"/>
      <line num="514" count="20" type="stmt"/>
      <line num="515" count="20" type="stmt"/>
      <line num="516" count="20" type="stmt"/>
      <line num="517" count="20" type="stmt"/>
      <line num="524" count="20" type="stmt"/>
      <line num="528" count="20" type="stmt"/>
      <line num="529" count="20" type="stmt"/>
      <line num="530" count="20" type="stmt"/>
      <line num="536" count="20" type="stmt"/>
      <line num="537" count="20" type="stmt"/>
      <line num="538" count="20" type="stmt"/>
      <line num="545" count="20" type="stmt"/>
      <line num="548" count="20" type="stmt"/>
      <line num="549" count="20" type="stmt"/>
      <line num="551" count="20" type="cond" truecount="1" falsecount="1"/>
      <line num="552" count="0" type="stmt"/>
      <line num="553" count="0" type="stmt"/>
      <line num="554" count="0" type="stmt"/>
      <line num="555" count="0" type="stmt"/>
      <line num="556" count="0" type="stmt"/>
      <line num="570" count="0" type="stmt"/>
      <line num="571" count="0" type="stmt"/>
      <line num="573" count="0" type="stmt"/>
      <line num="574" count="0" type="stmt"/>
      <line num="575" count="0" type="stmt"/>
      <line num="577" count="0" type="stmt"/>
      <line num="581" count="20" type="stmt"/>
      <line num="582" count="20" type="stmt"/>
      <line num="583" count="20" type="stmt"/>
      <line num="584" count="20" type="stmt"/>
      <line num="586" count="20" type="stmt"/>
      <line num="606" count="20" type="stmt"/>
      <line num="607" count="20" type="stmt"/>
      <line num="608" count="110" type="stmt"/>
      <line num="609" count="110" type="stmt"/>
      <line num="610" count="110" type="stmt"/>
      <line num="613" count="20" type="stmt"/>
      <line num="617" count="20" type="stmt"/>
      <line num="618" count="40" type="cond" truecount="2" falsecount="0"/>
      <line num="619" count="20" type="stmt"/>
      <line num="622" count="20" type="stmt"/>
      <line num="628" count="1" type="cond" truecount="1" falsecount="1"/>
      <line num="629" count="1" type="stmt"/>
      <line num="632" count="1" type="stmt"/>
      <line num="633" count="1" type="stmt"/>
      <line num="636" count="1" type="stmt"/>
      <line num="639" count="1" type="stmt"/>
      <line num="643" count="2" type="cond" truecount="1" falsecount="1"/>
      <line num="645" count="2" type="cond" truecount="2" falsecount="0"/>
      <line num="646" count="1" type="stmt"/>
      <line num="649" count="1" type="stmt"/>
      <line num="650" count="1" type="cond" truecount="1" falsecount="1"/>
      <line num="651" count="1" type="stmt"/>
      <line num="652" count="1" type="stmt"/>
      <line num="655" count="1" type="stmt"/>
      <line num="657" count="1" type="stmt"/>
      <line num="658" count="1" type="cond" truecount="1" falsecount="1"/>
      <line num="659" count="1" type="stmt"/>
      <line num="660" count="1" type="stmt"/>
      <line num="663" count="1" type="cond" truecount="1" falsecount="1"/>
      <line num="664" count="1" type="stmt"/>
      <line num="667" count="1" type="stmt"/>
      <line num="668" count="1" type="cond" truecount="1" falsecount="1"/>
      <line num="669" count="0" type="stmt"/>
      <line num="670" count="0" type="stmt"/>
      <line num="674" count="1" type="stmt"/>
      <line num="675" count="1" type="stmt"/>
      <line num="676" count="1" type="stmt"/>
      <line num="677" count="1" type="stmt"/>
      <line num="680" count="1" type="stmt"/>
      <line num="685" count="3" type="cond" truecount="2" falsecount="0"/>
      <line num="686" count="1" type="stmt"/>
      <line num="687" count="1" type="stmt"/>
      <line num="688" count="1" type="stmt"/>
      <line num="690" count="3" type="stmt"/>
      <line num="691" count="3" type="stmt"/>
      <line num="692" count="3" type="stmt"/>
      <line num="696" count="1" type="cond" truecount="1" falsecount="1"/>
      <line num="697" count="1" type="stmt"/>
      <line num="698" count="1" type="stmt"/>
      <line num="708" count="1" type="stmt"/>
      <line num="709" count="1" type="stmt"/>
      <line num="711" count="1" type="cond" truecount="1" falsecount="1"/>
      <line num="713" count="1" type="stmt"/>
      <line num="718" count="1" type="stmt"/>
      <line num="720" count="1" type="stmt"/>
      <line num="723" count="3" type="stmt"/>
      <line num="724" count="3" type="cond" truecount="2" falsecount="0"/>
      <line num="725" count="2" type="stmt"/>
      <line num="726" count="2" type="stmt"/>
      <line num="727" count="2" type="stmt"/>
      <line num="729" count="1" type="stmt"/>
      <line num="730" count="1" type="stmt"/>
      <line num="731" count="1" type="stmt"/>
      <line num="733" count="1" type="stmt"/>
      <line num="734" count="1" type="cond" truecount="1" falsecount="1"/>
      <line num="736" count="1" type="stmt"/>
      <line num="739" count="1" type="stmt"/>
      <line num="740" count="1" type="stmt"/>
      <line num="749" count="20" type="stmt"/>
      <line num="753" count="20" type="stmt"/>
      <line num="754" count="1" type="cond" truecount="1" falsecount="1"/>
      <line num="756" count="1" type="stmt"/>
      <line num="757" count="1" type="stmt"/>
      <line num="758" count="1" type="stmt"/>
      <line num="759" count="1" type="stmt"/>
      <line num="761" count="1" type="stmt"/>
      <line num="762" count="1" type="stmt"/>
      <line num="764" count="1" type="stmt"/>
      <line num="765" count="1" type="stmt"/>
      <line num="768" count="20" type="stmt"/>
      <line num="769" count="1" type="cond" truecount="1" falsecount="1"/>
      <line num="772" count="1" type="cond" truecount="1" falsecount="1"/>
      <line num="773" count="1" type="stmt"/>
      <line num="775" count="1" type="stmt"/>
      <line num="776" count="1" type="stmt"/>
      <line num="777" count="1" type="stmt"/>
      <line num="781" count="1" type="stmt"/>
      <line num="782" count="1" type="stmt"/>
      <line num="783" count="1" type="stmt"/>
      <line num="784" count="1" type="stmt"/>
      <line num="785" count="1" type="stmt"/>
      <line num="786" count="1" type="stmt"/>
      <line num="789" count="20" type="stmt"/>
      <line num="790" count="1" type="stmt"/>
      <line num="791" count="1" type="stmt"/>
      <line num="792" count="1" type="stmt"/>
      <line num="793" count="1" type="stmt"/>
      <line num="796" count="1" type="stmt"/>
      <line num="799" count="20" type="stmt"/>
      <line num="807" count="20" type="stmt"/>
      <line num="808" count="20" type="stmt"/>
      <line num="809" count="20" type="stmt"/>
      <line num="810" count="20" type="stmt"/>
      <line num="811" count="20" type="stmt"/>
      <line num="819" count="17" type="cond" truecount="1" falsecount="1"/>
      <line num="821" count="17" type="cond" truecount="2" falsecount="0"/>
      <line num="823" count="17" type="stmt"/>
      <line num="824" count="17" type="stmt"/>
      <line num="825" count="17" type="stmt"/>
      <line num="830" count="20" type="stmt"/>
      <line num="831" count="20" type="cond" truecount="2" falsecount="0"/>
      <line num="832" count="20" type="cond" truecount="2" falsecount="0"/>
      <line num="833" count="20" type="stmt"/>
      <line num="834" count="20" type="stmt"/>
      <line num="837" count="20" type="stmt"/>
      <line num="838" count="20" type="cond" truecount="2" falsecount="0"/>
      <line num="839" count="20" type="stmt"/>
      <line num="840" count="100" type="stmt"/>
      <line num="842" count="20" type="stmt"/>
      <line num="915" count="20" type="stmt"/>
      <line num="916" count="20" type="stmt"/>
      <line num="1046" count="20" type="stmt"/>
      <line num="1048" count="20" type="stmt"/>
      <line num="1049" count="20" type="stmt"/>
      <line num="1058" count="40" type="stmt"/>
      <line num="1059" count="40" type="cond" truecount="2" falsecount="0"/>
      <line num="1068" count="20" type="cond" truecount="2" falsecount="0"/>
      <line num="1072" count="20" type="stmt"/>
      <line num="1074" count="20" type="stmt"/>
      <line num="1075" count="158" type="stmt"/>
      <line num="1078" count="158" type="stmt"/>
      <line num="1079" count="158" type="cond" truecount="3" falsecount="1"/>
      <line num="1081" count="0" type="cond" truecount="0" falsecount="2"/>
      <line num="1082" count="0" type="stmt"/>
      <line num="1083" count="0" type="stmt"/>
      <line num="1088" count="158" type="cond" truecount="2" falsecount="2"/>
      <line num="1089" count="0" type="stmt"/>
      <line num="1090" count="0" type="stmt"/>
      <line num="1094" count="158" type="cond" truecount="2" falsecount="0"/>
      <line num="1095" count="5" type="stmt"/>
      <line num="1097" count="5" type="stmt"/>
      <line num="1098" count="5" type="stmt"/>
      <line num="1099" count="5" type="stmt"/>
      <line num="1100" count="5" type="cond" truecount="2" falsecount="2"/>
      <line num="1101" count="5" type="stmt"/>
      <line num="1104" count="5" type="cond" truecount="5" falsecount="0"/>
      <line num="1105" count="1" type="stmt"/>
      <line num="1106" count="1" type="stmt"/>
      <line num="1118" count="20" type="stmt"/>
      <line num="1119" count="1" type="stmt"/>
      <line num="1120" count="1" type="cond" truecount="3" falsecount="1"/>
      <line num="1121" count="1" type="stmt"/>
      <line num="1122" count="1" type="stmt"/>
      <line num="1127" count="20" type="stmt"/>
      <line num="1128" count="1" type="stmt"/>
      <line num="1131" count="20" type="stmt"/>
      <line num="1132" count="192" type="stmt"/>
      <line num="1133" count="848" type="cond" truecount="1" falsecount="1"/>
      <line num="1134" count="848" type="stmt"/>
      <line num="1136" count="960" type="cond" truecount="2" falsecount="0"/>
      <line num="1139" count="603" type="cond" truecount="2" falsecount="0"/>
      <line num="1143" count="498" type="stmt"/>
      <line num="1144" count="498" type="stmt"/>
      <line num="1145" count="498" type="cond" truecount="2" falsecount="0"/>
      <line num="1147" count="498" type="cond" truecount="4" falsecount="0"/>
      <line num="1148" count="1" type="stmt"/>
      <line num="1149" count="1" type="stmt"/>
      <line num="1153" count="498" type="cond" truecount="2" falsecount="0"/>
      <line num="1154" count="1" type="stmt"/>
      <line num="1161" count="20" type="stmt"/>
      <line num="1171" count="20" type="stmt"/>
      <line num="1173" count="1" type="cond" truecount="1" falsecount="1"/>
      <line num="1174" count="0" type="stmt"/>
      <line num="1177" count="1" type="stmt"/>
      <line num="1180" count="1" type="stmt"/>
      <line num="1181" count="1" type="cond" truecount="1" falsecount="1"/>
      <line num="1182" count="1" type="stmt"/>
      <line num="1183" count="1" type="stmt"/>
      <line num="1184" count="1" type="stmt"/>
      <line num="1185" count="1" type="stmt"/>
      <line num="1189" count="20" type="stmt"/>
      <line num="1190" count="1" type="stmt"/>
      <line num="1192" count="1" type="cond" truecount="1" falsecount="1"/>
      <line num="1193" count="1" type="cond" truecount="1" falsecount="1"/>
      <line num="1194" count="1" type="cond" truecount="1" falsecount="1"/>
      <line num="1195" count="0" type="stmt"/>
      <line num="1198" count="1" type="stmt"/>
      <line num="1206" count="20" type="stmt"/>
      <line num="1217" count="110" type="stmt"/>
      <line num="1218" count="110" type="stmt"/>
      <line num="1228" count="2" type="stmt"/>
      <line num="1229" count="2" type="stmt"/>
      <line num="1230" count="14" type="cond" truecount="3" falsecount="0"/>
      <line num="1238" count="20" type="stmt"/>
      <line num="1242" count="20" type="stmt"/>
      <line num="1243" count="20" type="stmt"/>
      <line num="1244" count="20" type="cond" truecount="1" falsecount="1"/>
      <line num="1245" count="20" type="stmt"/>
      <line num="1247" count="20" type="stmt"/>
      <line num="1248" count="20" type="stmt"/>
      <line num="1250" count="20" type="cond" truecount="1" falsecount="1"/>
      <line num="1251" count="20" type="stmt"/>
      <line num="1253" count="20" type="stmt"/>
      <line num="1254" count="0" type="cond" truecount="0" falsecount="4"/>
      <line num="1255" count="0" type="stmt"/>
      <line num="1256" count="0" type="stmt"/>
      <line num="1262" count="20" type="stmt"/>
      <line num="1265" count="20" type="stmt"/>
      <line num="1267" count="20" type="stmt"/>
      <line num="1268" count="20" type="cond" truecount="3" falsecount="0"/>
      <line num="1270" count="20" type="stmt"/>
      <line num="1273" count="20" type="cond" truecount="1" falsecount="1"/>
      <line num="1274" count="0" type="stmt"/>
      <line num="1276" count="0" type="stmt"/>
      <line num="1277" count="0" type="stmt"/>
      <line num="1278" count="0" type="stmt"/>
      <line num="1282" count="0" type="stmt"/>
      <line num="1283" count="0" type="cond" truecount="0" falsecount="4"/>
      <line num="1284" count="0" type="stmt"/>
      <line num="1289" count="0" type="stmt"/>
      <line num="1294" count="20" type="stmt"/>
      <line num="1296" count="0" type="cond" truecount="0" falsecount="2"/>
      <line num="1297" count="0" type="stmt"/>
      <line num="1300" count="0" type="stmt"/>
      <line num="1301" count="0" type="stmt"/>
      <line num="1303" count="0" type="cond" truecount="0" falsecount="2"/>
      <line num="1304" count="0" type="stmt"/>
      <line num="1310" count="20" type="stmt"/>
      <line num="1311" count="20" type="stmt"/>
      <line num="1312" count="20" type="stmt"/>
      <line num="1313" count="13" type="cond" truecount="4" falsecount="0"/>
      <line num="1314" count="1" type="stmt"/>
      <line num="1320" count="89" type="stmt"/>
      <line num="1321" count="20" type="stmt"/>
      <line num="1322" count="20" type="stmt"/>
      <line num="1331" count="2" type="stmt"/>
      <line num="1332" count="2" type="stmt"/>
      <line num="1333" count="2" type="stmt"/>
      <line num="1334" count="2" type="stmt"/>
      <line num="1337" count="2" type="stmt"/>
      <line num="1340" count="10" type="cond" truecount="1" falsecount="1"/>
      <line num="1341" count="0" type="stmt"/>
      <line num="1343" count="10" type="stmt"/>
      <line num="1346" count="2" type="stmt"/>
      <line num="1348" count="2" type="stmt"/>
      <line num="1357" count="3" type="stmt"/>
      <line num="1385" count="6" type="stmt"/>
      <line num="1389" count="6" type="stmt"/>
      <line num="1390" count="6" type="cond" truecount="2" falsecount="0"/>
      <line num="1391" count="6" type="stmt"/>
      <line num="1392" count="6" type="stmt"/>
      <line num="1396" count="6" type="stmt"/>
      <line num="1397" count="6" type="stmt"/>
      <line num="1399" count="6" type="stmt"/>
      <line num="1402" count="6" type="stmt"/>
      <line num="1403" count="2" type="cond" truecount="1" falsecount="1"/>
      <line num="1404" count="0" type="stmt"/>
      <line num="1409" count="6" type="stmt"/>
      <line num="1410" count="0" type="stmt"/>
      <line num="1414" count="6" type="stmt"/>
      <line num="1415" count="12" type="cond" truecount="4" falsecount="1"/>
      <line num="1416" count="0" type="stmt"/>
      <line num="1418" count="12" type="cond" truecount="1" falsecount="1"/>
      <line num="1419" count="12" type="stmt"/>
      <line num="1420" count="12" type="stmt"/>
      <line num="1426" count="6" type="stmt"/>
      <line num="1427" count="6" type="stmt"/>
      <line num="1428" count="6" type="stmt"/>
      <line num="1439" count="6" type="stmt"/>
      <line num="1440" count="6" type="stmt"/>
      <line num="1444" count="6" type="stmt"/>
      <line num="1445" count="6" type="stmt"/>
      <line num="1446" count="6" type="stmt"/>
      <line num="1458" count="6" type="stmt"/>
      <line num="1459" count="6" type="stmt"/>
      <line num="1469" count="6" type="stmt"/>
      <line num="1470" count="6" type="stmt"/>
      <line num="1471" count="6" type="stmt"/>
      <line num="1472" count="6" type="stmt"/>
      <line num="1482" count="6" type="stmt"/>
      <line num="1485" count="6" type="stmt"/>
      <line num="1486" count="6" type="stmt"/>
      <line num="1488" count="6" type="stmt"/>
      <line num="1489" count="6" type="stmt"/>
      <line num="1490" count="6" type="stmt"/>
      <line num="1496" count="6" type="stmt"/>
      <line num="1497" count="6" type="stmt"/>
      <line num="1498" count="6" type="stmt"/>
      <line num="1499" count="6" type="stmt"/>
      <line num="1500" count="6" type="stmt"/>
      <line num="1502" count="6" type="stmt"/>
      <line num="1503" count="1704" type="stmt"/>
      <line num="1504" count="1704" type="stmt"/>
      <line num="1505" count="1704" type="stmt"/>
      <line num="1512" count="1704" type="stmt"/>
      <line num="1513" count="1704" type="stmt"/>
      <line num="1514" count="1704" type="stmt"/>
      <line num="1515" count="1704" type="stmt"/>
      <line num="1518" count="6" type="stmt"/>
      <line num="1519" count="6" type="stmt"/>
      <line num="1520" count="6" type="stmt"/>
      <line num="1531" count="6" type="stmt"/>
      <line num="1533" count="6" type="stmt"/>
      <line num="1534" count="6" type="stmt"/>
      <line num="1535" count="6" type="stmt"/>
      <line num="1536" count="6" type="stmt"/>
      <line num="1537" count="6" type="stmt"/>
      <line num="1538" count="6" type="stmt"/>
      <line num="1541" count="6" type="stmt"/>
      <line num="1545" count="6" type="stmt"/>
      <line num="1546" count="6" type="stmt"/>
      <line num="1547" count="6" type="stmt"/>
      <line num="1548" count="6" type="stmt"/>
      <line num="1549" count="6" type="stmt"/>
      <line num="1550" count="6" type="stmt"/>
      <line num="1554" count="17" type="stmt"/>
      <line num="1555" count="17" type="cond" truecount="2" falsecount="0"/>
      <line num="1558" count="16" type="stmt"/>
      <line num="1560" count="16" type="cond" truecount="2" falsecount="0"/>
      <line num="1562" count="8" type="cond" truecount="1" falsecount="1"/>
      <line num="1563" count="0" type="stmt"/>
      <line num="1564" count="0" type="stmt"/>
      <line num="1565" count="0" type="stmt"/>
      <line num="1566" count="0" type="stmt"/>
      <line num="1571" count="8" type="stmt"/>
      <line num="1573" count="8" type="stmt"/>
      <line num="1576" count="8" type="stmt"/>
      <line num="1577" count="8" type="cond" truecount="2" falsecount="2"/>
      <line num="1578" count="0" type="stmt"/>
      <line num="1579" count="0" type="stmt"/>
      <line num="1585" count="2" type="stmt"/>
      <line num="1586" count="2" type="stmt"/>
      <line num="1587" count="2" type="cond" truecount="2" falsecount="0"/>
      <line num="1588" count="2" type="stmt"/>
      <line num="1592" count="6" type="stmt"/>
      <line num="1593" count="6" type="cond" truecount="2" falsecount="0"/>
      <line num="1594" count="1" type="stmt"/>
      <line num="1595" count="1" type="stmt"/>
      <line num="1608" count="3" type="stmt"/>
      <line num="1619" count="3" type="stmt"/>
      <line num="2116" count="852" type="stmt"/>
      <line num="2122" count="3" type="stmt"/>
      <line num="2124" count="0" type="stmt"/>
      <line num="2127" count="0" type="stmt"/>
      <line num="2134" count="8892" type="cond" truecount="2" falsecount="0"/>
    </file>
  </project>
</coverage>
