<?xml version="1.0" encoding="UTF-8"?>
<coverage generated="1760107198483" clover="3.2.0">
  <project timestamp="1760107198483" name="All files">
    <metrics statements="534" coveredstatements="435" conditionals="263" coveredconditionals="163" methods="69" coveredmethods="39" elements="866" coveredelements="637" complexity="0" loc="534" ncloc="534" packages="1" files="1" classes="1"/>
    <file name="theme-generator.js" path="C:\Users\Ramoncito\Documents\GitHub\inyectortamaclarooscuro\theme-generator.js">
      <metrics statements="534" coveredstatements="435" conditionals="263" coveredconditionals="163" methods="69" coveredmethods="39"/>
      <line num="10" count="3" type="stmt"/>
      <line num="43" count="3" type="stmt"/>
      <line num="50" count="3" type="stmt"/>
      <line num="51" count="3" type="stmt"/>
      <line num="52" count="3" type="stmt"/>
      <line num="60" count="3" type="stmt"/>
      <line num="74" count="3" type="stmt"/>
      <line num="93" count="3" type="stmt"/>
      <line num="100" count="3" type="stmt"/>
      <line num="101" count="3" type="stmt"/>
      <line num="106" count="18" type="stmt"/>
      <line num="107" count="18" type="stmt"/>
      <line num="108" count="18" type="stmt"/>
      <line num="111" count="18" type="stmt"/>
      <line num="112" count="18" type="stmt"/>
      <line num="115" count="18" type="stmt"/>
      <line num="116" count="18" type="stmt"/>
      <line num="119" count="18" type="stmt"/>
      <line num="127" count="18" type="cond" truecount="4" falsecount="0"/>
      <line num="128" count="1" type="stmt"/>
      <line num="129" count="1" type="stmt"/>
      <line num="132" count="18" type="cond" truecount="2" falsecount="0"/>
      <line num="133" count="18" type="stmt"/>
      <line num="136" count="18" type="stmt"/>
      <line num="141" count="18" type="cond" truecount="2" falsecount="0"/>
      <line num="142" count="18" type="stmt"/>
      <line num="143" count="18" type="stmt"/>
      <line num="144" count="18" type="stmt"/>
      <line num="147" count="18" type="stmt"/>
      <line num="155" count="18" type="stmt"/>
      <line num="156" count="36" type="cond" truecount="2" falsecount="0"/>
      <line num="157" count="1" type="stmt"/>
      <line num="158" count="1" type="cond" truecount="1" falsecount="1"/>
      <line num="170" count="36" type="cond" truecount="1" falsecount="1"/>
      <line num="172" count="36" type="cond" truecount="2" falsecount="0"/>
      <line num="173" count="36" type="stmt"/>
      <line num="174" count="36" type="cond" truecount="1" falsecount="1"/>
      <line num="177" count="36" type="stmt"/>
      <line num="178" count="36" type="stmt"/>
      <line num="179" count="36" type="stmt"/>
      <line num="181" count="36" type="stmt"/>
      <line num="182" count="36" type="stmt"/>
      <line num="185" count="36" type="cond" truecount="2" falsecount="0"/>
      <line num="186" count="13" type="stmt"/>
      <line num="187" count="13" type="cond" truecount="1" falsecount="1"/>
      <line num="188" count="13" type="cond" truecount="1" falsecount="2"/>
      <line num="189" count="0" type="cond" truecount="0" falsecount="2"/>
      <line num="190" count="0" type="stmt"/>
      <line num="191" count="13" type="stmt"/>
      <line num="193" count="13" type="stmt"/>
      <line num="197" count="36" type="stmt"/>
      <line num="199" count="0" type="stmt"/>
      <line num="200" count="0" type="stmt"/>
      <line num="210" count="18" type="stmt"/>
      <line num="211" count="18" type="stmt"/>
      <line num="212" count="36" type="stmt"/>
      <line num="213" count="36" type="stmt"/>
      <line num="219" count="36" type="cond" truecount="2" falsecount="0"/>
      <line num="221" count="18" type="stmt"/>
      <line num="222" count="18" type="cond" truecount="2" falsecount="0"/>
      <line num="224" count="5" type="stmt"/>
      <line num="226" count="13" type="stmt"/>
      <line num="228" count="36" type="stmt"/>
      <line num="230" count="18" type="stmt"/>
      <line num="239" count="80" type="stmt"/>
      <line num="240" count="80" type="stmt"/>
      <line num="241" count="160" type="stmt"/>
      <line num="242" count="160" type="cond" truecount="3" falsecount="1"/>
      <line num="243" count="160" type="stmt"/>
      <line num="245" count="80" type="stmt"/>
      <line num="254" count="0" type="cond" truecount="0" falsecount="2"/>
      <line num="263" count="80" type="stmt"/>
      <line num="264" count="80" type="cond" truecount="1" falsecount="1"/>
      <line num="265" count="0" type="stmt"/>
      <line num="271" count="80" type="cond" truecount="1" falsecount="1"/>
      <line num="272" count="80" type="stmt"/>
      <line num="273" count="80" type="stmt"/>
      <line num="276" count="0" type="cond" truecount="0" falsecount="2"/>
      <line num="277" count="0" type="stmt"/>
      <line num="278" count="0" type="stmt"/>
      <line num="281" count="0" type="cond" truecount="0" falsecount="2"/>
      <line num="282" count="0" type="stmt"/>
      <line num="283" count="0" type="stmt"/>
      <line num="286" count="0" type="cond" truecount="0" falsecount="2"/>
      <line num="287" count="0" type="stmt"/>
      <line num="288" count="0" type="stmt"/>
      <line num="289" count="0" type="stmt"/>
      <line num="290" count="0" type="stmt"/>
      <line num="291" count="0" type="stmt"/>
      <line num="292" count="0" type="stmt"/>
      <line num="293" count="0" type="cond" truecount="0" falsecount="2"/>
      <line num="294" count="0" type="cond" truecount="0" falsecount="2"/>
      <line num="295" count="0" type="cond" truecount="0" falsecount="2"/>
      <line num="296" count="0" type="cond" truecount="0" falsecount="2"/>
      <line num="297" count="0" type="cond" truecount="0" falsecount="2"/>
      <line num="298" count="0" type="stmt"/>
      <line num="299" count="0" type="stmt"/>
      <line num="302" count="0" type="stmt"/>
      <line num="303" count="0" type="cond" truecount="0" falsecount="2"/>
      <line num="304" count="0" type="stmt"/>
      <line num="305" count="0" type="stmt"/>
      <line num="308" count="0" type="stmt"/>
      <line num="317" count="80" type="stmt"/>
      <line num="318" count="80" type="cond" truecount="1" falsecount="1"/>
      <line num="322" count="80" type="stmt"/>
      <line num="323" count="80" type="stmt"/>
      <line num="331" count="62" type="stmt"/>
      <line num="332" count="62" type="stmt"/>
      <line num="333" count="62" type="stmt"/>
      <line num="342" count="82" type="stmt"/>
      <line num="344" count="82" type="cond" truecount="4" falsecount="0"/>
      <line num="346" count="14" type="stmt"/>
      <line num="349" count="14" type="cond" truecount="1" falsecount="1"/>
      <line num="350" count="14" type="stmt"/>
      <line num="351" count="14" type="stmt"/>
      <line num="354" count="14" type="stmt"/>
      <line num="358" count="14" type="cond" truecount="5" falsecount="0"/>
      <line num="359" count="2" type="stmt"/>
      <line num="360" count="2" type="stmt"/>
      <line num="361" count="2" type="stmt"/>
      <line num="366" count="2" type="stmt"/>
      <line num="367" count="2" type="stmt"/>
      <line num="370" count="2" type="stmt"/>
      <line num="371" count="2" type="stmt"/>
      <line num="380" count="12" type="stmt"/>
      <line num="381" count="12" type="stmt"/>
      <line num="384" count="0" type="stmt"/>
      <line num="394" count="14" type="cond" truecount="2" falsecount="0"/>
      <line num="395" count="2" type="cond" truecount="2" falsecount="0"/>
      <line num="399" count="14" type="stmt"/>
      <line num="400" count="14" type="cond" truecount="3" falsecount="1"/>
      <line num="404" count="14" type="cond" truecount="2" falsecount="0"/>
      <line num="405" count="3" type="stmt"/>
      <line num="406" count="3" type="stmt"/>
      <line num="408" count="11" type="stmt"/>
      <line num="409" count="11" type="stmt"/>
      <line num="414" count="14" type="cond" truecount="2" falsecount="0"/>
      <line num="415" count="3" type="stmt"/>
      <line num="417" count="11" type="stmt"/>
      <line num="421" count="14" type="stmt"/>
      <line num="424" count="14" type="stmt"/>
      <line num="429" count="14" type="stmt"/>
      <line num="432" count="14" type="stmt"/>
      <line num="436" count="18" type="stmt"/>
      <line num="437" count="18" type="stmt"/>
      <line num="438" count="18" type="cond" truecount="1" falsecount="1"/>
      <line num="440" count="0" type="stmt"/>
      <line num="441" count="0" type="cond" truecount="0" falsecount="4"/>
      <line num="442" count="0" type="stmt"/>
      <line num="445" count="0" type="stmt"/>
      <line num="446" count="0" type="stmt"/>
      <line num="448" count="0" type="stmt"/>
      <line num="453" count="18" type="stmt"/>
      <line num="454" count="18" type="stmt"/>
      <line num="455" count="18" type="stmt"/>
      <line num="457" count="18" type="cond" truecount="2" falsecount="0"/>
      <line num="462" count="18" type="stmt"/>
      <line num="475" count="18" type="cond" truecount="2" falsecount="0"/>
      <line num="476" count="16" type="stmt"/>
      <line num="480" count="18" type="stmt"/>
      <line num="481" count="18" type="stmt"/>
      <line num="482" count="18" type="stmt"/>
      <line num="484" count="18" type="stmt"/>
      <line num="501" count="18" type="stmt"/>
      <line num="502" count="18" type="stmt"/>
      <line num="503" count="18" type="stmt"/>
      <line num="505" count="18" type="cond" truecount="2" falsecount="0"/>
      <line num="506" count="16" type="stmt"/>
      <line num="512" count="18" type="stmt"/>
      <line num="513" count="18" type="stmt"/>
      <line num="514" count="18" type="stmt"/>
      <line num="515" count="18" type="stmt"/>
      <line num="522" count="18" type="stmt"/>
      <line num="526" count="18" type="stmt"/>
      <line num="527" count="18" type="stmt"/>
      <line num="528" count="18" type="stmt"/>
      <line num="534" count="18" type="stmt"/>
      <line num="535" count="18" type="stmt"/>
      <line num="536" count="18" type="stmt"/>
      <line num="543" count="18" type="stmt"/>
      <line num="546" count="18" type="stmt"/>
      <line num="547" count="18" type="stmt"/>
      <line num="549" count="18" type="cond" truecount="1" falsecount="1"/>
      <line num="550" count="0" type="stmt"/>
      <line num="551" count="0" type="stmt"/>
      <line num="552" count="0" type="stmt"/>
      <line num="553" count="0" type="stmt"/>
      <line num="554" count="0" type="stmt"/>
      <line num="568" count="0" type="stmt"/>
      <line num="569" count="0" type="stmt"/>
      <line num="571" count="0" type="stmt"/>
      <line num="572" count="0" type="stmt"/>
      <line num="573" count="0" type="stmt"/>
      <line num="575" count="0" type="stmt"/>
      <line num="579" count="18" type="stmt"/>
      <line num="580" count="18" type="stmt"/>
      <line num="581" count="18" type="stmt"/>
      <line num="582" count="18" type="stmt"/>
      <line num="584" count="18" type="stmt"/>
      <line num="604" count="18" type="stmt"/>
      <line num="605" count="18" type="stmt"/>
      <line num="606" count="81" type="stmt"/>
      <line num="607" count="81" type="stmt"/>
      <line num="608" count="81" type="stmt"/>
      <line num="611" count="18" type="stmt"/>
      <line num="615" count="18" type="stmt"/>
      <line num="616" count="36" type="cond" truecount="2" falsecount="0"/>
      <line num="617" count="18" type="stmt"/>
      <line num="620" count="18" type="stmt"/>
      <line num="626" count="1" type="cond" truecount="1" falsecount="1"/>
      <line num="627" count="1" type="stmt"/>
      <line num="630" count="1" type="stmt"/>
      <line num="633" count="1" type="stmt"/>
      <line num="636" count="1" type="stmt"/>
      <line num="640" count="2" type="cond" truecount="1" falsecount="1"/>
      <line num="642" count="2" type="cond" truecount="2" falsecount="0"/>
      <line num="643" count="1" type="stmt"/>
      <line num="646" count="1" type="stmt"/>
      <line num="647" count="1" type="cond" truecount="1" falsecount="1"/>
      <line num="648" count="1" type="stmt"/>
      <line num="649" count="1" type="stmt"/>
      <line num="652" count="1" type="stmt"/>
      <line num="654" count="1" type="stmt"/>
      <line num="655" count="1" type="cond" truecount="1" falsecount="1"/>
      <line num="656" count="1" type="stmt"/>
      <line num="657" count="1" type="stmt"/>
      <line num="660" count="1" type="cond" truecount="1" falsecount="1"/>
      <line num="661" count="1" type="stmt"/>
      <line num="664" count="1" type="stmt"/>
      <line num="665" count="1" type="cond" truecount="1" falsecount="1"/>
      <line num="666" count="0" type="stmt"/>
      <line num="667" count="0" type="stmt"/>
      <line num="671" count="1" type="stmt"/>
      <line num="672" count="1" type="stmt"/>
      <line num="673" count="1" type="stmt"/>
      <line num="674" count="1" type="stmt"/>
      <line num="677" count="1" type="stmt"/>
      <line num="682" count="3" type="cond" truecount="2" falsecount="0"/>
      <line num="683" count="1" type="stmt"/>
      <line num="684" count="1" type="stmt"/>
      <line num="685" count="1" type="stmt"/>
      <line num="687" count="3" type="stmt"/>
      <line num="688" count="3" type="stmt"/>
      <line num="689" count="3" type="stmt"/>
      <line num="693" count="1" type="cond" truecount="1" falsecount="1"/>
      <line num="694" count="1" type="stmt"/>
      <line num="695" count="1" type="stmt"/>
      <line num="705" count="1" type="stmt"/>
      <line num="706" count="1" type="stmt"/>
      <line num="708" count="1" type="cond" truecount="1" falsecount="1"/>
      <line num="710" count="1" type="stmt"/>
      <line num="715" count="1" type="stmt"/>
      <line num="717" count="1" type="stmt"/>
      <line num="720" count="3" type="stmt"/>
      <line num="721" count="3" type="cond" truecount="2" falsecount="0"/>
      <line num="722" count="2" type="stmt"/>
      <line num="723" count="2" type="stmt"/>
      <line num="724" count="2" type="stmt"/>
      <line num="726" count="1" type="stmt"/>
      <line num="727" count="1" type="stmt"/>
      <line num="728" count="1" type="stmt"/>
      <line num="730" count="1" type="stmt"/>
      <line num="731" count="1" type="cond" truecount="1" falsecount="1"/>
      <line num="733" count="1" type="stmt"/>
      <line num="736" count="1" type="stmt"/>
      <line num="737" count="1" type="stmt"/>
      <line num="746" count="18" type="stmt"/>
      <line num="750" count="18" type="stmt"/>
      <line num="751" count="1" type="cond" truecount="1" falsecount="1"/>
      <line num="753" count="1" type="stmt"/>
      <line num="754" count="1" type="stmt"/>
      <line num="755" count="1" type="stmt"/>
      <line num="756" count="1" type="stmt"/>
      <line num="758" count="1" type="stmt"/>
      <line num="759" count="1" type="stmt"/>
      <line num="761" count="1" type="stmt"/>
      <line num="762" count="1" type="stmt"/>
      <line num="765" count="18" type="stmt"/>
      <line num="766" count="1" type="cond" truecount="1" falsecount="1"/>
      <line num="769" count="1" type="cond" truecount="1" falsecount="1"/>
      <line num="770" count="1" type="stmt"/>
      <line num="772" count="1" type="stmt"/>
      <line num="773" count="1" type="stmt"/>
      <line num="774" count="1" type="stmt"/>
      <line num="778" count="1" type="stmt"/>
      <line num="779" count="1" type="stmt"/>
      <line num="780" count="1" type="stmt"/>
      <line num="781" count="1" type="stmt"/>
      <line num="782" count="1" type="stmt"/>
      <line num="783" count="1" type="stmt"/>
      <line num="786" count="18" type="stmt"/>
      <line num="787" count="1" type="stmt"/>
      <line num="788" count="1" type="stmt"/>
      <line num="789" count="1" type="stmt"/>
      <line num="790" count="1" type="stmt"/>
      <line num="793" count="1" type="stmt"/>
      <line num="796" count="18" type="stmt"/>
      <line num="804" count="18" type="stmt"/>
      <line num="805" count="18" type="stmt"/>
      <line num="806" count="18" type="stmt"/>
      <line num="807" count="18" type="stmt"/>
      <line num="808" count="18" type="stmt"/>
      <line num="816" count="15" type="cond" truecount="1" falsecount="1"/>
      <line num="818" count="15" type="cond" truecount="2" falsecount="0"/>
      <line num="820" count="15" type="stmt"/>
      <line num="821" count="15" type="stmt"/>
      <line num="822" count="15" type="stmt"/>
      <line num="827" count="18" type="stmt"/>
      <line num="828" count="18" type="cond" truecount="2" falsecount="0"/>
      <line num="829" count="18" type="cond" truecount="2" falsecount="0"/>
      <line num="830" count="18" type="stmt"/>
      <line num="831" count="18" type="stmt"/>
      <line num="834" count="18" type="stmt"/>
      <line num="835" count="18" type="cond" truecount="2" falsecount="0"/>
      <line num="836" count="18" type="stmt"/>
      <line num="837" count="90" type="stmt"/>
      <line num="839" count="18" type="stmt"/>
      <line num="912" count="18" type="stmt"/>
      <line num="913" count="18" type="stmt"/>
      <line num="1043" count="18" type="stmt"/>
      <line num="1045" count="18" type="stmt"/>
      <line num="1046" count="18" type="stmt"/>
      <line num="1055" count="36" type="stmt"/>
      <line num="1056" count="36" type="cond" truecount="2" falsecount="0"/>
      <line num="1065" count="18" type="cond" truecount="2" falsecount="0"/>
      <line num="1069" count="18" type="stmt"/>
      <line num="1071" count="18" type="stmt"/>
      <line num="1072" count="147" type="stmt"/>
      <line num="1075" count="147" type="stmt"/>
      <line num="1076" count="147" type="cond" truecount="3" falsecount="1"/>
      <line num="1078" count="0" type="cond" truecount="0" falsecount="2"/>
      <line num="1079" count="0" type="stmt"/>
      <line num="1080" count="0" type="stmt"/>
      <line num="1085" count="147" type="cond" truecount="2" falsecount="2"/>
      <line num="1086" count="0" type="stmt"/>
      <line num="1087" count="0" type="stmt"/>
      <line num="1091" count="147" type="cond" truecount="2" falsecount="0"/>
      <line num="1092" count="4" type="stmt"/>
      <line num="1093" count="4" type="stmt"/>
      <line num="1094" count="4" type="cond" truecount="5" falsecount="0"/>
      <line num="1095" count="1" type="stmt"/>
      <line num="1096" count="1" type="stmt"/>
      <line num="1108" count="18" type="stmt"/>
      <line num="1109" count="1" type="stmt"/>
      <line num="1110" count="1" type="cond" truecount="3" falsecount="1"/>
      <line num="1111" count="1" type="stmt"/>
      <line num="1112" count="1" type="stmt"/>
      <line num="1117" count="18" type="stmt"/>
      <line num="1118" count="1" type="stmt"/>
      <line num="1121" count="18" type="stmt"/>
      <line num="1122" count="137" type="stmt"/>
      <line num="1123" count="604" type="cond" truecount="1" falsecount="1"/>
      <line num="1124" count="604" type="stmt"/>
      <line num="1126" count="715" type="cond" truecount="2" falsecount="0"/>
      <line num="1129" count="442" type="cond" truecount="2" falsecount="0"/>
      <line num="1133" count="364" type="stmt"/>
      <line num="1134" count="364" type="stmt"/>
      <line num="1135" count="364" type="cond" truecount="2" falsecount="0"/>
      <line num="1137" count="364" type="cond" truecount="4" falsecount="0"/>
      <line num="1138" count="1" type="stmt"/>
      <line num="1139" count="1" type="stmt"/>
      <line num="1143" count="364" type="cond" truecount="2" falsecount="0"/>
      <line num="1144" count="1" type="stmt"/>
      <line num="1151" count="18" type="stmt"/>
      <line num="1161" count="18" type="stmt"/>
      <line num="1163" count="0" type="cond" truecount="0" falsecount="2"/>
      <line num="1164" count="0" type="stmt"/>
      <line num="1167" count="0" type="stmt"/>
      <line num="1170" count="0" type="stmt"/>
      <line num="1171" count="0" type="cond" truecount="0" falsecount="2"/>
      <line num="1172" count="0" type="stmt"/>
      <line num="1173" count="0" type="stmt"/>
      <line num="1174" count="0" type="stmt"/>
      <line num="1175" count="0" type="stmt"/>
      <line num="1179" count="18" type="stmt"/>
      <line num="1180" count="0" type="stmt"/>
      <line num="1182" count="0" type="cond" truecount="0" falsecount="2"/>
      <line num="1183" count="0" type="cond" truecount="0" falsecount="4"/>
      <line num="1184" count="0" type="stmt"/>
      <line num="1185" count="0" type="cond" truecount="0" falsecount="2"/>
      <line num="1187" count="0" type="stmt"/>
      <line num="1194" count="18" type="stmt"/>
      <line num="1205" count="99" type="stmt"/>
      <line num="1206" count="99" type="stmt"/>
      <line num="1216" count="1" type="stmt"/>
      <line num="1217" count="1" type="stmt"/>
      <line num="1218" count="8" type="cond" truecount="3" falsecount="0"/>
      <line num="1226" count="18" type="stmt"/>
      <line num="1230" count="18" type="stmt"/>
      <line num="1231" count="18" type="stmt"/>
      <line num="1232" count="18" type="cond" truecount="1" falsecount="1"/>
      <line num="1233" count="18" type="stmt"/>
      <line num="1235" count="18" type="stmt"/>
      <line num="1236" count="18" type="stmt"/>
      <line num="1238" count="18" type="cond" truecount="1" falsecount="1"/>
      <line num="1239" count="18" type="stmt"/>
      <line num="1241" count="18" type="stmt"/>
      <line num="1242" count="0" type="cond" truecount="0" falsecount="4"/>
      <line num="1243" count="0" type="stmt"/>
      <line num="1244" count="0" type="stmt"/>
      <line num="1250" count="18" type="stmt"/>
      <line num="1253" count="18" type="stmt"/>
      <line num="1255" count="18" type="stmt"/>
      <line num="1256" count="18" type="cond" truecount="3" falsecount="0"/>
      <line num="1258" count="18" type="stmt"/>
      <line num="1261" count="18" type="cond" truecount="1" falsecount="1"/>
      <line num="1262" count="0" type="stmt"/>
      <line num="1264" count="0" type="stmt"/>
      <line num="1265" count="0" type="stmt"/>
      <line num="1266" count="0" type="stmt"/>
      <line num="1270" count="0" type="stmt"/>
      <line num="1271" count="0" type="cond" truecount="0" falsecount="4"/>
      <line num="1272" count="0" type="stmt"/>
      <line num="1277" count="0" type="stmt"/>
      <line num="1282" count="18" type="stmt"/>
      <line num="1284" count="0" type="cond" truecount="0" falsecount="2"/>
      <line num="1285" count="0" type="stmt"/>
      <line num="1288" count="0" type="stmt"/>
      <line num="1289" count="0" type="stmt"/>
      <line num="1291" count="0" type="cond" truecount="0" falsecount="2"/>
      <line num="1292" count="0" type="stmt"/>
      <line num="1298" count="18" type="stmt"/>
      <line num="1299" count="20" type="stmt"/>
      <line num="1300" count="20" type="stmt"/>
      <line num="1301" count="13" type="cond" truecount="4" falsecount="0"/>
      <line num="1302" count="1" type="stmt"/>
      <line num="1308" count="62" type="stmt"/>
      <line num="1309" count="18" type="stmt"/>
      <line num="1318" count="1" type="stmt"/>
      <line num="1319" count="1" type="stmt"/>
      <line num="1322" count="1" type="stmt"/>
      <line num="1323" count="5" type="stmt"/>
      <line num="1325" count="1" type="stmt"/>
      <line num="1327" count="1" type="stmt"/>
      <line num="1336" count="3" type="stmt"/>
      <line num="1364" count="6" type="stmt"/>
      <line num="1368" count="6" type="stmt"/>
      <line num="1369" count="6" type="cond" truecount="2" falsecount="0"/>
      <line num="1370" count="6" type="stmt"/>
      <line num="1371" count="6" type="stmt"/>
      <line num="1375" count="6" type="stmt"/>
      <line num="1376" count="6" type="stmt"/>
      <line num="1378" count="6" type="stmt"/>
      <line num="1381" count="6" type="stmt"/>
      <line num="1382" count="2" type="cond" truecount="1" falsecount="1"/>
      <line num="1383" count="0" type="stmt"/>
      <line num="1388" count="6" type="stmt"/>
      <line num="1389" count="0" type="stmt"/>
      <line num="1393" count="6" type="stmt"/>
      <line num="1394" count="12" type="cond" truecount="4" falsecount="1"/>
      <line num="1395" count="0" type="stmt"/>
      <line num="1397" count="12" type="cond" truecount="1" falsecount="1"/>
      <line num="1398" count="12" type="stmt"/>
      <line num="1399" count="12" type="stmt"/>
      <line num="1405" count="6" type="stmt"/>
      <line num="1406" count="6" type="stmt"/>
      <line num="1407" count="6" type="stmt"/>
      <line num="1418" count="6" type="stmt"/>
      <line num="1419" count="6" type="stmt"/>
      <line num="1423" count="6" type="stmt"/>
      <line num="1424" count="6" type="stmt"/>
      <line num="1425" count="6" type="stmt"/>
      <line num="1437" count="6" type="stmt"/>
      <line num="1438" count="6" type="stmt"/>
      <line num="1448" count="6" type="stmt"/>
      <line num="1449" count="6" type="stmt"/>
      <line num="1450" count="6" type="stmt"/>
      <line num="1451" count="6" type="stmt"/>
      <line num="1461" count="6" type="stmt"/>
      <line num="1464" count="6" type="stmt"/>
      <line num="1465" count="6" type="stmt"/>
      <line num="1467" count="6" type="stmt"/>
      <line num="1468" count="6" type="stmt"/>
      <line num="1469" count="6" type="stmt"/>
      <line num="1475" count="6" type="stmt"/>
      <line num="1476" count="6" type="stmt"/>
      <line num="1477" count="6" type="stmt"/>
      <line num="1478" count="6" type="stmt"/>
      <line num="1479" count="6" type="stmt"/>
      <line num="1481" count="6" type="stmt"/>
      <line num="1482" count="1704" type="stmt"/>
      <line num="1483" count="1704" type="stmt"/>
      <line num="1484" count="1704" type="stmt"/>
      <line num="1491" count="1704" type="stmt"/>
      <line num="1492" count="1704" type="stmt"/>
      <line num="1493" count="1704" type="stmt"/>
      <line num="1494" count="1704" type="stmt"/>
      <line num="1497" count="6" type="stmt"/>
      <line num="1498" count="6" type="stmt"/>
      <line num="1499" count="6" type="stmt"/>
      <line num="1510" count="6" type="stmt"/>
      <line num="1512" count="6" type="stmt"/>
      <line num="1513" count="6" type="stmt"/>
      <line num="1514" count="6" type="stmt"/>
      <line num="1515" count="6" type="stmt"/>
      <line num="1516" count="6" type="stmt"/>
      <line num="1517" count="6" type="stmt"/>
      <line num="1520" count="6" type="stmt"/>
      <line num="1524" count="6" type="stmt"/>
      <line num="1525" count="6" type="stmt"/>
      <line num="1526" count="6" type="stmt"/>
      <line num="1527" count="6" type="stmt"/>
      <line num="1528" count="6" type="stmt"/>
      <line num="1529" count="6" type="stmt"/>
      <line num="1533" count="17" type="stmt"/>
      <line num="1534" count="17" type="cond" truecount="2" falsecount="0"/>
      <line num="1537" count="16" type="stmt"/>
      <line num="1539" count="16" type="cond" truecount="2" falsecount="0"/>
      <line num="1541" count="8" type="cond" truecount="1" falsecount="1"/>
      <line num="1542" count="0" type="stmt"/>
      <line num="1543" count="0" type="stmt"/>
      <line num="1544" count="0" type="stmt"/>
      <line num="1545" count="0" type="stmt"/>
      <line num="1550" count="8" type="stmt"/>
      <line num="1552" count="8" type="stmt"/>
      <line num="1555" count="8" type="stmt"/>
      <line num="1556" count="8" type="cond" truecount="2" falsecount="2"/>
      <line num="1557" count="0" type="stmt"/>
      <line num="1558" count="0" type="stmt"/>
      <line num="1564" count="2" type="stmt"/>
      <line num="1565" count="2" type="stmt"/>
      <line num="1566" count="2" type="cond" truecount="2" falsecount="0"/>
      <line num="1567" count="2" type="stmt"/>
      <line num="1571" count="6" type="stmt"/>
      <line num="1572" count="6" type="cond" truecount="2" falsecount="0"/>
      <line num="1573" count="1" type="stmt"/>
      <line num="1574" count="1" type="stmt"/>
      <line num="1587" count="3" type="stmt"/>
      <line num="1598" count="3" type="stmt"/>
      <line num="2095" count="852" type="stmt"/>
      <line num="2101" count="3" type="stmt"/>
      <line num="2103" count="0" type="stmt"/>
      <line num="2106" count="0" type="stmt"/>
      <line num="2113" count="8892" type="cond" truecount="2" falsecount="0"/>
    </file>
  </project>
</coverage>
