{"C:\\Users\\Ramoncito\\Downloads\\Nueva carpeta\\inyectortamaclarooscuro-main\\theme-generator.js": {"path":"C:\\Users\\Ramoncito\\Downloads\\Nueva carpeta\\inyectortamaclarooscuro-main\\theme-generator.js","statementMap":{"0":{"start":{"line":10,"column":18},"end":{"line":40,"column":1}},"1":{"start":{"line":43,"column":16},"end":{"line":49,"column":1}},"2":{"start":{"line":50,"column":21},"end":{"line":50,"column":23}},"3":{"start":{"line":51,"column":26},"end":{"line":51,"column":28}},"4":{"start":{"line":52,"column":21},"end":{"line":57,"column":1}},"5":{"start":{"line":60,"column":18},"end":{"line":72,"column":1}},"6":{"start":{"line":74,"column":17},"end":{"line":86,"column":1}},"7":{"start":{"line":93,"column":19},"end":{"line":99,"column":3}},"8":{"start":{"line":100,"column":24},"end":{"line":100,"column":26}},"9":{"start":{"line":101,"column":29},"end":{"line":101,"column":31}},"10":{"start":{"line":106,"column":12},"end":{"line":106,"column":17}},"11":{"start":{"line":107,"column":25},"end":{"line":107,"column":30}},"12":{"start":{"line":108,"column":16},"end":{"line":108,"column":25}},"13":{"start":{"line":111,"column":32},"end":{"line":111,"column":37}},"14":{"start":{"line":112,"column":17},"end":{"line":112,"column":20}},"15":{"start":{"line":115,"column":20},"end":{"line":115,"column":25}},"16":{"start":{"line":116,"column":18},"end":{"line":116,"column":19}},"17":{"start":{"line":119,"column":15},"end":{"line":119,"column":17}},"18":{"start":{"line":127,"column":4},"end":{"line":130,"column":5}},"19":{"start":{"line":128,"column":6},"end":{"line":128,"column":96}},"20":{"start":{"line":129,"column":6},"end":{"line":129,"column":25}},"21":{"start":{"line":132,"column":4},"end":{"line":132,"column":77}},"22":{"start":{"line":133,"column":4},"end":{"line":133,"column":27}},"23":{"start":{"line":136,"column":4},"end":{"line":140,"column":6}},"24":{"start":{"line":141,"column":4},"end":{"line":141,"column":63}},"25":{"start":{"line":142,"column":4},"end":{"line":142,"column":74}},"26":{"start":{"line":143,"column":4},"end":{"line":143,"column":92}},"27":{"start":{"line":144,"column":4},"end":{"line":144,"column":82}},"28":{"start":{"line":147,"column":4},"end":{"line":147,"column":17}},"29":{"start":{"line":155,"column":4},"end":{"line":160,"column":5}},"30":{"start":{"line":156,"column":6},"end":{"line":159,"column":7}},"31":{"start":{"line":157,"column":8},"end":{"line":157,"column":107}},"32":{"start":{"line":158,"column":8},"end":{"line":158,"column":76}},"33":{"start":{"line":170,"column":4},"end":{"line":198,"column":5}},"34":{"start":{"line":172,"column":22},"end":{"line":172,"column":104}},"35":{"start":{"line":173,"column":21},"end":{"line":173,"column":78}},"36":{"start":{"line":174,"column":6},"end":{"line":174,"column":64}},"37":{"start":{"line":174,"column":19},"end":{"line":174,"column":64}},"38":{"start":{"line":177,"column":14},"end":{"line":177,"column":43}},"39":{"start":{"line":178,"column":14},"end":{"line":178,"column":43}},"40":{"start":{"line":179,"column":14},"end":{"line":179,"column":43}},"41":{"start":{"line":181,"column":18},"end":{"line":181,"column":35}},"42":{"start":{"line":181,"column":43},"end":{"line":181,"column":60}},"43":{"start":{"line":182,"column":14},"end":{"line":182,"column":15}},"44":{"start":{"line":182,"column":21},"end":{"line":182,"column":22}},"45":{"start":{"line":182,"column":28},"end":{"line":182,"column":43}},"46":{"start":{"line":185,"column":6},"end":{"line":194,"column":7}},"47":{"start":{"line":186,"column":18},"end":{"line":186,"column":27}},"48":{"start":{"line":187,"column":8},"end":{"line":187,"column":60}},"49":{"start":{"line":188,"column":8},"end":{"line":192,"column":9}},"50":{"start":{"line":189,"column":18},"end":{"line":189,"column":52}},"51":{"start":{"line":189,"column":53},"end":{"line":189,"column":59}},"52":{"start":{"line":190,"column":18},"end":{"line":190,"column":38}},"53":{"start":{"line":190,"column":39},"end":{"line":190,"column":45}},"54":{"start":{"line":191,"column":18},"end":{"line":191,"column":38}},"55":{"start":{"line":191,"column":39},"end":{"line":191,"column":45}},"56":{"start":{"line":193,"column":8},"end":{"line":193,"column":15}},"57":{"start":{"line":197,"column":6},"end":{"line":197,"column":88}},"58":{"start":{"line":199,"column":4},"end":{"line":199,"column":86}},"59":{"start":{"line":200,"column":4},"end":{"line":200,"column":34}},"60":{"start":{"line":210,"column":23},"end":{"line":210,"column":25}},"61":{"start":{"line":211,"column":4},"end":{"line":229,"column":5}},"62":{"start":{"line":212,"column":18},"end":{"line":212,"column":37}},"63":{"start":{"line":213,"column":24},"end":{"line":213,"column":35}},"64":{"start":{"line":219,"column":6},"end":{"line":227,"column":7}},"65":{"start":{"line":221,"column":8},"end":{"line":221,"column":46}},"66":{"start":{"line":222,"column":13},"end":{"line":227,"column":7}},"67":{"start":{"line":224,"column":8},"end":{"line":224,"column":47}},"68":{"start":{"line":226,"column":8},"end":{"line":226,"column":26}},"69":{"start":{"line":228,"column":6},"end":{"line":228,"column":83}},"70":{"start":{"line":230,"column":4},"end":{"line":230,"column":22}},"71":{"start":{"line":239,"column":18},"end":{"line":239,"column":31}},"72":{"start":{"line":240,"column":4},"end":{"line":244,"column":5}},"73":{"start":{"line":241,"column":22},"end":{"line":241,"column":70}},"74":{"start":{"line":242,"column":6},"end":{"line":242,"column":68}},"75":{"start":{"line":242,"column":53},"end":{"line":242,"column":68}},"76":{"start":{"line":243,"column":6},"end":{"line":243,"column":38}},"77":{"start":{"line":245,"column":4},"end":{"line":245,"column":32}},"78":{"start":{"line":254,"column":4},"end":{"line":254,"column":50}},"79":{"start":{"line":263,"column":27},"end":{"line":263,"column":59}},"80":{"start":{"line":264,"column":4},"end":{"line":266,"column":5}},"81":{"start":{"line":265,"column":6},"end":{"line":265,"column":74}},"82":{"start":{"line":271,"column":4},"end":{"line":274,"column":5}},"83":{"start":{"line":272,"column":26},"end":{"line":272,"column":43}},"84":{"start":{"line":273,"column":6},"end":{"line":273,"column":25}},"85":{"start":{"line":276,"column":4},"end":{"line":279,"column":5}},"86":{"start":{"line":277,"column":26},"end":{"line":277,"column":57}},"87":{"start":{"line":277,"column":41},"end":{"line":277,"column":56}},"88":{"start":{"line":278,"column":6},"end":{"line":278,"column":25}},"89":{"start":{"line":281,"column":4},"end":{"line":284,"column":5}},"90":{"start":{"line":282,"column":26},"end":{"line":282,"column":61}},"91":{"start":{"line":282,"column":41},"end":{"line":282,"column":60}},"92":{"start":{"line":283,"column":6},"end":{"line":283,"column":25}},"93":{"start":{"line":286,"column":4},"end":{"line":300,"column":5}},"94":{"start":{"line":287,"column":26},"end":{"line":287,"column":43}},"95":{"start":{"line":288,"column":21},"end":{"line":288,"column":28}},"96":{"start":{"line":288,"column":39},"end":{"line":288,"column":46}},"97":{"start":{"line":289,"column":16},"end":{"line":289,"column":55}},"98":{"start":{"line":290,"column":16},"end":{"line":290,"column":54}},"99":{"start":{"line":291,"column":16},"end":{"line":291,"column":30}},"100":{"start":{"line":292,"column":19},"end":{"line":292,"column":20}},"101":{"start":{"line":292,"column":31},"end":{"line":292,"column":32}},"102":{"start":{"line":292,"column":43},"end":{"line":292,"column":44}},"103":{"start":{"line":293,"column":6},"end":{"line":298,"column":52}},"104":{"start":{"line":293,"column":20},"end":{"line":293,"column":57}},"105":{"start":{"line":294,"column":11},"end":{"line":298,"column":52}},"106":{"start":{"line":294,"column":26},"end":{"line":294,"column":63}},"107":{"start":{"line":295,"column":11},"end":{"line":298,"column":52}},"108":{"start":{"line":295,"column":26},"end":{"line":295,"column":63}},"109":{"start":{"line":296,"column":11},"end":{"line":298,"column":52}},"110":{"start":{"line":296,"column":26},"end":{"line":296,"column":63}},"111":{"start":{"line":297,"column":11},"end":{"line":298,"column":52}},"112":{"start":{"line":297,"column":26},"end":{"line":297,"column":63}},"113":{"start":{"line":298,"column":13},"end":{"line":298,"column":50}},"114":{"start":{"line":299,"column":6},"end":{"line":299,"column":121}},"115":{"start":{"line":302,"column":21},"end":{"line":302,"column":57}},"116":{"start":{"line":303,"column":4},"end":{"line":306,"column":5}},"117":{"start":{"line":304,"column":6},"end":{"line":304,"column":53}},"118":{"start":{"line":305,"column":6},"end":{"line":305,"column":46}},"119":{"start":{"line":308,"column":4},"end":{"line":308,"column":16}},"120":{"start":{"line":317,"column":16},"end":{"line":317,"column":51}},"121":{"start":{"line":318,"column":4},"end":{"line":318,"column":27}},"122":{"start":{"line":318,"column":14},"end":{"line":318,"column":27}},"123":{"start":{"line":322,"column":23},"end":{"line":322,"column":68}},"124":{"start":{"line":323,"column":4},"end":{"line":323,"column":27}},"125":{"start":{"line":331,"column":24},"end":{"line":331,"column":59}},"126":{"start":{"line":332,"column":4},"end":{"line":332,"column":63}},"127":{"start":{"line":333,"column":4},"end":{"line":333,"column":32}},"128":{"start":{"line":342,"column":4},"end":{"line":385,"column":5}},"129":{"start":{"line":344,"column":6},"end":{"line":344,"column":109}},"130":{"start":{"line":344,"column":102},"end":{"line":344,"column":109}},"131":{"start":{"line":346,"column":6},"end":{"line":346,"column":28}},"132":{"start":{"line":349,"column":6},"end":{"line":352,"column":7}},"133":{"start":{"line":350,"column":8},"end":{"line":350,"column":57}},"134":{"start":{"line":351,"column":8},"end":{"line":351,"column":135}},"135":{"start":{"line":351,"column":66},"end":{"line":351,"column":117}},"136":{"start":{"line":354,"column":6},"end":{"line":354,"column":71}},"137":{"start":{"line":358,"column":6},"end":{"line":382,"column":7}},"138":{"start":{"line":359,"column":18},"end":{"line":359,"column":31}},"139":{"start":{"line":360,"column":18},"end":{"line":360,"column":31}},"140":{"start":{"line":361,"column":26},"end":{"line":364,"column":9}},"141":{"start":{"line":366,"column":27},"end":{"line":368,"column":10}},"142":{"start":{"line":367,"column":10},"end":{"line":367,"column":48}},"143":{"start":{"line":370,"column":8},"end":{"line":378,"column":11}},"144":{"start":{"line":371,"column":10},"end":{"line":377,"column":12}},"145":{"start":{"line":380,"column":8},"end":{"line":380,"column":59}},"146":{"start":{"line":381,"column":8},"end":{"line":381,"column":46}},"147":{"start":{"line":384,"column":6},"end":{"line":384,"column":51}},"148":{"start":{"line":394,"column":4},"end":{"line":396,"column":5}},"149":{"start":{"line":395,"column":6},"end":{"line":395,"column":80}},"150":{"start":{"line":399,"column":23},"end":{"line":399,"column":65}},"151":{"start":{"line":400,"column":4},"end":{"line":400,"column":106}},"152":{"start":{"line":400,"column":20},"end":{"line":400,"column":106}},"153":{"start":{"line":404,"column":4},"end":{"line":410,"column":5}},"154":{"start":{"line":405,"column":6},"end":{"line":405,"column":51}},"155":{"start":{"line":406,"column":6},"end":{"line":406,"column":55}},"156":{"start":{"line":408,"column":6},"end":{"line":408,"column":52}},"157":{"start":{"line":409,"column":6},"end":{"line":409,"column":54}},"158":{"start":{"line":414,"column":4},"end":{"line":418,"column":5}},"159":{"start":{"line":415,"column":6},"end":{"line":415,"column":70}},"160":{"start":{"line":417,"column":6},"end":{"line":417,"column":61}},"161":{"start":{"line":421,"column":4},"end":{"line":421,"column":76}},"162":{"start":{"line":424,"column":4},"end":{"line":426,"column":8}},"163":{"start":{"line":429,"column":4},"end":{"line":429,"column":80}},"164":{"start":{"line":429,"column":32},"end":{"line":429,"column":78}},"165":{"start":{"line":432,"column":4},"end":{"line":432,"column":31}},"166":{"start":{"line":436,"column":4},"end":{"line":447,"column":5}},"167":{"start":{"line":437,"column":31},"end":{"line":437,"column":74}},"168":{"start":{"line":438,"column":6},"end":{"line":438,"column":41}},"169":{"start":{"line":438,"column":29},"end":{"line":438,"column":41}},"170":{"start":{"line":440,"column":28},"end":{"line":440,"column":56}},"171":{"start":{"line":441,"column":6},"end":{"line":443,"column":7}},"172":{"start":{"line":442,"column":8},"end":{"line":442,"column":82}},"173":{"start":{"line":445,"column":6},"end":{"line":445,"column":67}},"174":{"start":{"line":446,"column":6},"end":{"line":446,"column":53}},"175":{"start":{"line":448,"column":4},"end":{"line":448,"column":16}},"176":{"start":{"line":453,"column":4},"end":{"line":453,"column":59}},"177":{"start":{"line":454,"column":4},"end":{"line":454,"column":57}},"178":{"start":{"line":455,"column":4},"end":{"line":455,"column":73}},"179":{"start":{"line":457,"column":34},"end":{"line":460,"column":5}},"180":{"start":{"line":462,"column":4},"end":{"line":472,"column":7}},"181":{"start":{"line":475,"column":4},"end":{"line":477,"column":5}},"182":{"start":{"line":476,"column":6},"end":{"line":476,"column":62}},"183":{"start":{"line":480,"column":4},"end":{"line":480,"column":58}},"184":{"start":{"line":481,"column":4},"end":{"line":481,"column":50}},"185":{"start":{"line":482,"column":4},"end":{"line":482,"column":87}},"186":{"start":{"line":484,"column":4},"end":{"line":499,"column":7}},"187":{"start":{"line":501,"column":4},"end":{"line":501,"column":110}},"188":{"start":{"line":501,"column":59},"end":{"line":501,"column":108}},"189":{"start":{"line":502,"column":4},"end":{"line":502,"column":107}},"190":{"start":{"line":502,"column":58},"end":{"line":502,"column":105}},"191":{"start":{"line":503,"column":4},"end":{"line":503,"column":95}},"192":{"start":{"line":503,"column":56},"end":{"line":503,"column":93}},"193":{"start":{"line":505,"column":4},"end":{"line":507,"column":5}},"194":{"start":{"line":506,"column":6},"end":{"line":506,"column":109}},"195":{"start":{"line":512,"column":4},"end":{"line":512,"column":54}},"196":{"start":{"line":513,"column":4},"end":{"line":513,"column":59}},"197":{"start":{"line":514,"column":4},"end":{"line":514,"column":71}},"198":{"start":{"line":515,"column":4},"end":{"line":515,"column":48}},"199":{"start":{"line":522,"column":24},"end":{"line":522,"column":36}},"200":{"start":{"line":526,"column":26},"end":{"line":526,"column":48}},"201":{"start":{"line":527,"column":4},"end":{"line":527,"column":62}},"202":{"start":{"line":528,"column":4},"end":{"line":528,"column":63}},"203":{"start":{"line":534,"column":25},"end":{"line":534,"column":54}},"204":{"start":{"line":535,"column":4},"end":{"line":535,"column":44}},"205":{"start":{"line":536,"column":4},"end":{"line":542,"column":7}},"206":{"start":{"line":543,"column":4},"end":{"line":543,"column":73}},"207":{"start":{"line":546,"column":4},"end":{"line":546,"column":114}},"208":{"start":{"line":546,"column":64},"end":{"line":546,"column":112}},"209":{"start":{"line":547,"column":4},"end":{"line":547,"column":115}},"210":{"start":{"line":547,"column":64},"end":{"line":547,"column":113}},"211":{"start":{"line":549,"column":4},"end":{"line":576,"column":5}},"212":{"start":{"line":550,"column":6},"end":{"line":550,"column":61}},"213":{"start":{"line":551,"column":6},"end":{"line":551,"column":42}},"214":{"start":{"line":552,"column":6},"end":{"line":552,"column":81}},"215":{"start":{"line":553,"column":6},"end":{"line":553,"column":73}},"216":{"start":{"line":554,"column":6},"end":{"line":567,"column":9}},"217":{"start":{"line":568,"column":6},"end":{"line":570,"column":9}},"218":{"start":{"line":569,"column":8},"end":{"line":569,"column":57}},"219":{"start":{"line":571,"column":6},"end":{"line":574,"column":9}},"220":{"start":{"line":572,"column":8},"end":{"line":572,"column":75}},"221":{"start":{"line":573,"column":8},"end":{"line":573,"column":62}},"222":{"start":{"line":575,"column":6},"end":{"line":575,"column":52}},"223":{"start":{"line":579,"column":35},"end":{"line":579,"column":67}},"224":{"start":{"line":580,"column":4},"end":{"line":580,"column":49}},"225":{"start":{"line":581,"column":4},"end":{"line":581,"column":141}},"226":{"start":{"line":582,"column":4},"end":{"line":582,"column":116}},"227":{"start":{"line":584,"column":4},"end":{"line":603,"column":7}},"228":{"start":{"line":604,"column":4},"end":{"line":604,"column":112}},"229":{"start":{"line":604,"column":66},"end":{"line":604,"column":110}},"230":{"start":{"line":605,"column":4},"end":{"line":609,"column":7}},"231":{"start":{"line":606,"column":8},"end":{"line":606,"column":78}},"232":{"start":{"line":607,"column":8},"end":{"line":607,"column":65}},"233":{"start":{"line":608,"column":8},"end":{"line":608,"column":86}},"234":{"start":{"line":611,"column":4},"end":{"line":611,"column":53}},"235":{"start":{"line":615,"column":4},"end":{"line":618,"column":7}},"236":{"start":{"line":616,"column":6},"end":{"line":616,"column":23}},"237":{"start":{"line":616,"column":16},"end":{"line":616,"column":23}},"238":{"start":{"line":617,"column":6},"end":{"line":617,"column":50}},"239":{"start":{"line":620,"column":4},"end":{"line":620,"column":24}},"240":{"start":{"line":626,"column":4},"end":{"line":626,"column":41}},"241":{"start":{"line":626,"column":34},"end":{"line":626,"column":41}},"242":{"start":{"line":627,"column":4},"end":{"line":627,"column":27}},"243":{"start":{"line":630,"column":4},"end":{"line":630,"column":48}},"244":{"start":{"line":633,"column":4},"end":{"line":633,"column":94}},"245":{"start":{"line":636,"column":4},"end":{"line":636,"column":87}},"246":{"start":{"line":640,"column":4},"end":{"line":640,"column":58}},"247":{"start":{"line":640,"column":51},"end":{"line":640,"column":58}},"248":{"start":{"line":642,"column":4},"end":{"line":678,"column":5}},"249":{"start":{"line":643,"column":6},"end":{"line":643,"column":29}},"250":{"start":{"line":646,"column":26},"end":{"line":646,"column":95}},"251":{"start":{"line":647,"column":6},"end":{"line":650,"column":7}},"252":{"start":{"line":648,"column":8},"end":{"line":648,"column":43}},"253":{"start":{"line":649,"column":8},"end":{"line":649,"column":53}},"254":{"start":{"line":652,"column":6},"end":{"line":652,"column":65}},"255":{"start":{"line":654,"column":6},"end":{"line":658,"column":15}},"256":{"start":{"line":655,"column":8},"end":{"line":655,"column":45}},"257":{"start":{"line":655,"column":38},"end":{"line":655,"column":45}},"258":{"start":{"line":656,"column":8},"end":{"line":656,"column":110}},"259":{"start":{"line":657,"column":8},"end":{"line":657,"column":31}},"260":{"start":{"line":660,"column":11},"end":{"line":678,"column":5}},"261":{"start":{"line":661,"column":6},"end":{"line":661,"column":29}},"262":{"start":{"line":664,"column":29},"end":{"line":664,"column":105}},"263":{"start":{"line":665,"column":6},"end":{"line":668,"column":7}},"264":{"start":{"line":666,"column":8},"end":{"line":666,"column":46}},"265":{"start":{"line":667,"column":8},"end":{"line":667,"column":56}},"266":{"start":{"line":671,"column":6},"end":{"line":671,"column":34}},"267":{"start":{"line":672,"column":6},"end":{"line":672,"column":53}},"268":{"start":{"line":673,"column":6},"end":{"line":673,"column":65}},"269":{"start":{"line":674,"column":6},"end":{"line":674,"column":58}},"270":{"start":{"line":677,"column":6},"end":{"line":677,"column":85}},"271":{"start":{"line":682,"column":4},"end":{"line":686,"column":5}},"272":{"start":{"line":683,"column":6},"end":{"line":683,"column":60}},"273":{"start":{"line":684,"column":6},"end":{"line":684,"column":58}},"274":{"start":{"line":685,"column":6},"end":{"line":685,"column":64}},"275":{"start":{"line":687,"column":4},"end":{"line":687,"column":48}},"276":{"start":{"line":688,"column":4},"end":{"line":688,"column":46}},"277":{"start":{"line":689,"column":4},"end":{"line":689,"column":69}},"278":{"start":{"line":693,"column":4},"end":{"line":696,"column":5}},"279":{"start":{"line":694,"column":6},"end":{"line":694,"column":48}},"280":{"start":{"line":695,"column":6},"end":{"line":695,"column":76}},"281":{"start":{"line":705,"column":21},"end":{"line":705,"column":51}},"282":{"start":{"line":706,"column":4},"end":{"line":706,"column":50}},"283":{"start":{"line":708,"column":4},"end":{"line":708,"column":76}},"284":{"start":{"line":710,"column":4},"end":{"line":713,"column":7}},"285":{"start":{"line":715,"column":4},"end":{"line":715,"column":40}},"286":{"start":{"line":717,"column":4},"end":{"line":717,"column":78}},"287":{"start":{"line":717,"column":59},"end":{"line":717,"column":76}},"288":{"start":{"line":720,"column":6},"end":{"line":720,"column":46}},"289":{"start":{"line":721,"column":6},"end":{"line":738,"column":7}},"290":{"start":{"line":722,"column":10},"end":{"line":722,"column":60}},"291":{"start":{"line":723,"column":10},"end":{"line":723,"column":91}},"292":{"start":{"line":724,"column":10},"end":{"line":724,"column":142}},"293":{"start":{"line":724,"column":79},"end":{"line":724,"column":124}},"294":{"start":{"line":726,"column":10},"end":{"line":726,"column":55}},"295":{"start":{"line":727,"column":10},"end":{"line":727,"column":56}},"296":{"start":{"line":728,"column":10},"end":{"line":728,"column":126}},"297":{"start":{"line":730,"column":30},"end":{"line":730,"column":102}},"298":{"start":{"line":731,"column":10},"end":{"line":731,"column":109}},"299":{"start":{"line":731,"column":27},"end":{"line":731,"column":109}},"300":{"start":{"line":733,"column":10},"end":{"line":733,"column":140}},"301":{"start":{"line":733,"column":79},"end":{"line":733,"column":122}},"302":{"start":{"line":736,"column":10},"end":{"line":736,"column":154}},"303":{"start":{"line":737,"column":10},"end":{"line":737,"column":61}},"304":{"start":{"line":737,"column":27},"end":{"line":737,"column":53}},"305":{"start":{"line":746,"column":21},"end":{"line":746,"column":26}},"306":{"start":{"line":750,"column":24},"end":{"line":763,"column":5}},"307":{"start":{"line":751,"column":6},"end":{"line":751,"column":33}},"308":{"start":{"line":751,"column":26},"end":{"line":751,"column":33}},"309":{"start":{"line":753,"column":6},"end":{"line":753,"column":24}},"310":{"start":{"line":754,"column":19},"end":{"line":754,"column":50}},"311":{"start":{"line":755,"column":6},"end":{"line":755,"column":38}},"312":{"start":{"line":756,"column":6},"end":{"line":756,"column":37}},"313":{"start":{"line":758,"column":6},"end":{"line":758,"column":40}},"314":{"start":{"line":759,"column":6},"end":{"line":759,"column":40}},"315":{"start":{"line":761,"column":6},"end":{"line":761,"column":65}},"316":{"start":{"line":762,"column":6},"end":{"line":762,"column":77}},"317":{"start":{"line":765,"column":24},"end":{"line":784,"column":5}},"318":{"start":{"line":766,"column":6},"end":{"line":766,"column":30}},"319":{"start":{"line":766,"column":23},"end":{"line":766,"column":30}},"320":{"start":{"line":769,"column":6},"end":{"line":776,"column":7}},"321":{"start":{"line":770,"column":8},"end":{"line":775,"column":30}},"322":{"start":{"line":772,"column":23},"end":{"line":772,"column":54}},"323":{"start":{"line":773,"column":10},"end":{"line":773,"column":87}},"324":{"start":{"line":774,"column":10},"end":{"line":774,"column":31}},"325":{"start":{"line":778,"column":16},"end":{"line":778,"column":99}},"326":{"start":{"line":779,"column":16},"end":{"line":779,"column":101}},"327":{"start":{"line":780,"column":6},"end":{"line":780,"column":36}},"328":{"start":{"line":781,"column":6},"end":{"line":781,"column":35}},"329":{"start":{"line":782,"column":6},"end":{"line":782,"column":36}},"330":{"start":{"line":783,"column":6},"end":{"line":783,"column":35}},"331":{"start":{"line":786,"column":22},"end":{"line":794,"column":5}},"332":{"start":{"line":787,"column":6},"end":{"line":787,"column":25}},"333":{"start":{"line":788,"column":6},"end":{"line":788,"column":39}},"334":{"start":{"line":789,"column":6},"end":{"line":789,"column":100}},"335":{"start":{"line":790,"column":6},"end":{"line":790,"column":68}},"336":{"start":{"line":793,"column":6},"end":{"line":793,"column":120}},"337":{"start":{"line":796,"column":4},"end":{"line":796,"column":55}},"338":{"start":{"line":804,"column":23},"end":{"line":804,"column":52}},"339":{"start":{"line":805,"column":4},"end":{"line":805,"column":38}},"340":{"start":{"line":806,"column":4},"end":{"line":806,"column":51}},"341":{"start":{"line":807,"column":4},"end":{"line":807,"column":180}},"342":{"start":{"line":808,"column":4},"end":{"line":808,"column":42}},"343":{"start":{"line":816,"column":4},"end":{"line":816,"column":36}},"344":{"start":{"line":816,"column":29},"end":{"line":816,"column":36}},"345":{"start":{"line":818,"column":4},"end":{"line":818,"column":71}},"346":{"start":{"line":820,"column":4},"end":{"line":820,"column":70}},"347":{"start":{"line":821,"column":4},"end":{"line":821,"column":78}},"348":{"start":{"line":822,"column":4},"end":{"line":822,"column":57}},"349":{"start":{"line":827,"column":25},"end":{"line":827,"column":78}},"350":{"start":{"line":828,"column":26},"end":{"line":828,"column":55}},"351":{"start":{"line":829,"column":28},"end":{"line":829,"column":57}},"352":{"start":{"line":830,"column":61},"end":{"line":830,"column":80}},"353":{"start":{"line":831,"column":23},"end":{"line":831,"column":49}},"354":{"start":{"line":834,"column":27},"end":{"line":834,"column":129}},"355":{"start":{"line":835,"column":27},"end":{"line":835,"column":97}},"356":{"start":{"line":835,"column":75},"end":{"line":835,"column":96}},"357":{"start":{"line":836,"column":34},"end":{"line":836,"column":86}},"358":{"start":{"line":837,"column":31},"end":{"line":837,"column":109}},"359":{"start":{"line":837,"column":64},"end":{"line":837,"column":96}},"360":{"start":{"line":839,"column":4},"end":{"line":908,"column":6}},"361":{"start":{"line":912,"column":41},"end":{"line":912,"column":60}},"362":{"start":{"line":913,"column":4},"end":{"line":1039,"column":6}},"363":{"start":{"line":1043,"column":25},"end":{"line":1043,"column":56}},"364":{"start":{"line":1045,"column":4},"end":{"line":1045,"column":96}},"365":{"start":{"line":1046,"column":4},"end":{"line":1046,"column":44}},"366":{"start":{"line":1055,"column":19},"end":{"line":1055,"column":72}},"367":{"start":{"line":1056,"column":4},"end":{"line":1057,"column":30}},"368":{"start":{"line":1065,"column":31},"end":{"line":1065,"column":103}},"369":{"start":{"line":1065,"column":79},"end":{"line":1065,"column":102}},"370":{"start":{"line":1069,"column":24},"end":{"line":1069,"column":85}},"371":{"start":{"line":1071,"column":4},"end":{"line":1099,"column":5}},"372":{"start":{"line":1071,"column":17},"end":{"line":1071,"column":18}},"373":{"start":{"line":1072,"column":17},"end":{"line":1072,"column":31}},"374":{"start":{"line":1075,"column":28},"end":{"line":1075,"column":55}},"375":{"start":{"line":1076,"column":6},"end":{"line":1082,"column":7}},"376":{"start":{"line":1078,"column":8},"end":{"line":1081,"column":9}},"377":{"start":{"line":1079,"column":10},"end":{"line":1079,"column":65}},"378":{"start":{"line":1080,"column":10},"end":{"line":1080,"column":19}},"379":{"start":{"line":1085,"column":6},"end":{"line":1088,"column":7}},"380":{"start":{"line":1085,"column":73},"end":{"line":1085,"column":79}},"381":{"start":{"line":1086,"column":8},"end":{"line":1086,"column":50}},"382":{"start":{"line":1087,"column":8},"end":{"line":1087,"column":17}},"383":{"start":{"line":1091,"column":6},"end":{"line":1098,"column":7}},"384":{"start":{"line":1092,"column":26},"end":{"line":1092,"column":60}},"385":{"start":{"line":1093,"column":32},"end":{"line":1093,"column":86}},"386":{"start":{"line":1094,"column":8},"end":{"line":1097,"column":9}},"387":{"start":{"line":1095,"column":10},"end":{"line":1095,"column":47}},"388":{"start":{"line":1096,"column":10},"end":{"line":1096,"column":60}},"389":{"start":{"line":1108,"column":32},"end":{"line":1114,"column":5}},"390":{"start":{"line":1109,"column":22},"end":{"line":1109,"column":34}},"391":{"start":{"line":1110,"column":6},"end":{"line":1113,"column":7}},"392":{"start":{"line":1111,"column":8},"end":{"line":1111,"column":93}},"393":{"start":{"line":1112,"column":8},"end":{"line":1112,"column":67}},"394":{"start":{"line":1117,"column":4},"end":{"line":1119,"column":7}},"395":{"start":{"line":1118,"column":6},"end":{"line":1118,"column":69}},"396":{"start":{"line":1121,"column":4},"end":{"line":1146,"column":7}},"397":{"start":{"line":1122,"column":6},"end":{"line":1145,"column":7}},"398":{"start":{"line":1123,"column":8},"end":{"line":1144,"column":9}},"399":{"start":{"line":1124,"column":10},"end":{"line":1143,"column":13}},"400":{"start":{"line":1126,"column":12},"end":{"line":1126,"column":60}},"401":{"start":{"line":1126,"column":53},"end":{"line":1126,"column":60}},"402":{"start":{"line":1130,"column":26},"end":{"line":1130,"column":55}},"403":{"start":{"line":1131,"column":27},"end":{"line":1131,"column":53}},"404":{"start":{"line":1132,"column":34},"end":{"line":1132,"column":77}},"405":{"start":{"line":1134,"column":12},"end":{"line":1137,"column":13}},"406":{"start":{"line":1135,"column":14},"end":{"line":1135,"column":95}},"407":{"start":{"line":1136,"column":14},"end":{"line":1136,"column":68}},"408":{"start":{"line":1140,"column":12},"end":{"line":1142,"column":13}},"409":{"start":{"line":1141,"column":14},"end":{"line":1141,"column":74}},"410":{"start":{"line":1148,"column":4},"end":{"line":1151,"column":7}},"411":{"start":{"line":1158,"column":25},"end":{"line":1174,"column":5}},"412":{"start":{"line":1160,"column":6},"end":{"line":1162,"column":7}},"413":{"start":{"line":1161,"column":8},"end":{"line":1161,"column":15}},"414":{"start":{"line":1164,"column":6},"end":{"line":1164,"column":95}},"415":{"start":{"line":1167,"column":28},"end":{"line":1167,"column":102}},"416":{"start":{"line":1168,"column":6},"end":{"line":1173,"column":7}},"417":{"start":{"line":1169,"column":29},"end":{"line":1169,"column":56}},"418":{"start":{"line":1170,"column":8},"end":{"line":1170,"column":45}},"419":{"start":{"line":1171,"column":8},"end":{"line":1171,"column":37}},"420":{"start":{"line":1172,"column":8},"end":{"line":1172,"column":43}},"421":{"start":{"line":1176,"column":20},"end":{"line":1189,"column":5}},"422":{"start":{"line":1177,"column":6},"end":{"line":1188,"column":7}},"423":{"start":{"line":1179,"column":20},"end":{"line":1179,"column":78}},"424":{"start":{"line":1180,"column":8},"end":{"line":1185,"column":9}},"425":{"start":{"line":1181,"column":10},"end":{"line":1181,"column":37}},"426":{"start":{"line":1182,"column":15},"end":{"line":1185,"column":9}},"427":{"start":{"line":1184,"column":10},"end":{"line":1184,"column":100}},"428":{"start":{"line":1184,"column":56},"end":{"line":1184,"column":82}},"429":{"start":{"line":1191,"column":4},"end":{"line":1191,"column":65}},"430":{"start":{"line":1202,"column":4},"end":{"line":1202,"column":53}},"431":{"start":{"line":1203,"column":4},"end":{"line":1203,"column":62}},"432":{"start":{"line":1213,"column":4},"end":{"line":1213,"column":47}},"433":{"start":{"line":1214,"column":4},"end":{"line":1216,"column":6}},"434":{"start":{"line":1215,"column":11},"end":{"line":1215,"column":79}},"435":{"start":{"line":1223,"column":27},"end":{"line":1223,"column":53}},"436":{"start":{"line":1227,"column":4},"end":{"line":1227,"column":29}},"437":{"start":{"line":1228,"column":4},"end":{"line":1228,"column":29}},"438":{"start":{"line":1229,"column":4},"end":{"line":1231,"column":5}},"439":{"start":{"line":1230,"column":6},"end":{"line":1230,"column":33}},"440":{"start":{"line":1232,"column":4},"end":{"line":1232,"column":38}},"441":{"start":{"line":1233,"column":4},"end":{"line":1233,"column":36}},"442":{"start":{"line":1235,"column":4},"end":{"line":1244,"column":5}},"443":{"start":{"line":1236,"column":6},"end":{"line":1236,"column":33}},"444":{"start":{"line":1238,"column":6},"end":{"line":1243,"column":9}},"445":{"start":{"line":1239,"column":8},"end":{"line":1242,"column":9}},"446":{"start":{"line":1240,"column":10},"end":{"line":1240,"column":107}},"447":{"start":{"line":1241,"column":10},"end":{"line":1241,"column":96}},"448":{"start":{"line":1247,"column":4},"end":{"line":1247,"column":87}},"449":{"start":{"line":1250,"column":28},"end":{"line":1250,"column":68}},"450":{"start":{"line":1252,"column":29},"end":{"line":1252,"column":78}},"451":{"start":{"line":1253,"column":31},"end":{"line":1253,"column":115}},"452":{"start":{"line":1255,"column":4},"end":{"line":1255,"column":38}},"453":{"start":{"line":1258,"column":4},"end":{"line":1275,"column":5}},"454":{"start":{"line":1259,"column":27},"end":{"line":1259,"column":40}},"455":{"start":{"line":1261,"column":6},"end":{"line":1264,"column":9}},"456":{"start":{"line":1262,"column":8},"end":{"line":1262,"column":83}},"457":{"start":{"line":1263,"column":8},"end":{"line":1263,"column":46}},"458":{"start":{"line":1267,"column":6},"end":{"line":1271,"column":9}},"459":{"start":{"line":1268,"column":8},"end":{"line":1270,"column":9}},"460":{"start":{"line":1269,"column":10},"end":{"line":1269,"column":50}},"461":{"start":{"line":1274,"column":6},"end":{"line":1274,"column":60}},"462":{"start":{"line":1279,"column":4},"end":{"line":1292,"column":7}},"463":{"start":{"line":1281,"column":6},"end":{"line":1283,"column":7}},"464":{"start":{"line":1282,"column":8},"end":{"line":1282,"column":15}},"465":{"start":{"line":1285,"column":6},"end":{"line":1285,"column":34}},"466":{"start":{"line":1286,"column":6},"end":{"line":1291,"column":14}},"467":{"start":{"line":1288,"column":8},"end":{"line":1290,"column":9}},"468":{"start":{"line":1289,"column":10},"end":{"line":1289,"column":64}},"469":{"start":{"line":1289,"column":38},"end":{"line":1289,"column":62}},"470":{"start":{"line":1295,"column":4},"end":{"line":1302,"column":7}},"471":{"start":{"line":1296,"column":6},"end":{"line":1296,"column":34}},"472":{"start":{"line":1297,"column":6},"end":{"line":1301,"column":14}},"473":{"start":{"line":1298,"column":8},"end":{"line":1300,"column":9}},"474":{"start":{"line":1299,"column":10},"end":{"line":1299,"column":56}},"475":{"start":{"line":1305,"column":21},"end":{"line":1305,"column":76}},"476":{"start":{"line":1305,"column":48},"end":{"line":1305,"column":75}},"477":{"start":{"line":1306,"column":4},"end":{"line":1306,"column":95}},"478":{"start":{"line":1315,"column":4},"end":{"line":1315,"column":37}},"479":{"start":{"line":1316,"column":4},"end":{"line":1316,"column":38}},"480":{"start":{"line":1319,"column":4},"end":{"line":1321,"column":7}},"481":{"start":{"line":1320,"column":6},"end":{"line":1320,"column":58}},"482":{"start":{"line":1322,"column":4},"end":{"line":1322,"column":25}},"483":{"start":{"line":1324,"column":4},"end":{"line":1324,"column":77}},"484":{"start":{"line":1333,"column":22},"end":{"line":1336,"column":1}},"485":{"start":{"line":1361,"column":19},"end":{"line":1361,"column":22}},"486":{"start":{"line":1365,"column":8},"end":{"line":1365,"column":40}},"487":{"start":{"line":1366,"column":8},"end":{"line":1366,"column":55}},"488":{"start":{"line":1367,"column":8},"end":{"line":1367,"column":60}},"489":{"start":{"line":1368,"column":8},"end":{"line":1368,"column":21}},"490":{"start":{"line":1372,"column":8},"end":{"line":1372,"column":40}},"491":{"start":{"line":1373,"column":8},"end":{"line":1373,"column":28}},"492":{"start":{"line":1375,"column":8},"end":{"line":1375,"column":35}},"493":{"start":{"line":1378,"column":8},"end":{"line":1382,"column":11}},"494":{"start":{"line":1379,"column":12},"end":{"line":1381,"column":13}},"495":{"start":{"line":1380,"column":16},"end":{"line":1380,"column":40}},"496":{"start":{"line":1385,"column":8},"end":{"line":1387,"column":11}},"497":{"start":{"line":1386,"column":12},"end":{"line":1386,"column":37}},"498":{"start":{"line":1390,"column":8},"end":{"line":1398,"column":11}},"499":{"start":{"line":1391,"column":12},"end":{"line":1393,"column":13}},"500":{"start":{"line":1392,"column":16},"end":{"line":1392,"column":23}},"501":{"start":{"line":1394,"column":12},"end":{"line":1397,"column":13}},"502":{"start":{"line":1395,"column":39},"end":{"line":1395,"column":76}},"503":{"start":{"line":1396,"column":16},"end":{"line":1396,"column":50}},"504":{"start":{"line":1402,"column":8},"end":{"line":1402,"column":64}},"505":{"start":{"line":1403,"column":8},"end":{"line":1403,"column":65}},"506":{"start":{"line":1404,"column":8},"end":{"line":1413,"column":11}},"507":{"start":{"line":1415,"column":8},"end":{"line":1415,"column":81}},"508":{"start":{"line":1416,"column":8},"end":{"line":1416,"column":59}},"509":{"start":{"line":1420,"column":8},"end":{"line":1420,"column":52}},"510":{"start":{"line":1421,"column":8},"end":{"line":1421,"column":51}},"511":{"start":{"line":1422,"column":8},"end":{"line":1432,"column":11}},"512":{"start":{"line":1434,"column":8},"end":{"line":1434,"column":59}},"513":{"start":{"line":1435,"column":8},"end":{"line":1442,"column":11}},"514":{"start":{"line":1445,"column":8},"end":{"line":1445,"column":64}},"515":{"start":{"line":1446,"column":8},"end":{"line":1446,"column":53}},"516":{"start":{"line":1447,"column":8},"end":{"line":1447,"column":128}},"517":{"start":{"line":1448,"column":8},"end":{"line":1457,"column":11}},"518":{"start":{"line":1458,"column":8},"end":{"line":1458,"column":88}},"519":{"start":{"line":1458,"column":63},"end":{"line":1458,"column":86}},"520":{"start":{"line":1461,"column":8},"end":{"line":1461,"column":123}},"521":{"start":{"line":1461,"column":68},"end":{"line":1461,"column":121}},"522":{"start":{"line":1462,"column":8},"end":{"line":1462,"column":121}},"523":{"start":{"line":1462,"column":68},"end":{"line":1462,"column":119}},"524":{"start":{"line":1464,"column":23},"end":{"line":1464,"column":51}},"525":{"start":{"line":1465,"column":8},"end":{"line":1465,"column":56}},"526":{"start":{"line":1466,"column":8},"end":{"line":1470,"column":11}},"527":{"start":{"line":1472,"column":21},"end":{"line":1472,"column":50}},"528":{"start":{"line":1473,"column":8},"end":{"line":1473,"column":36}},"529":{"start":{"line":1474,"column":8},"end":{"line":1474,"column":81}},"530":{"start":{"line":1475,"column":8},"end":{"line":1475,"column":32}},"531":{"start":{"line":1476,"column":8},"end":{"line":1476,"column":38}},"532":{"start":{"line":1478,"column":8},"end":{"line":1492,"column":11}},"533":{"start":{"line":1479,"column":27},"end":{"line":1479,"column":56}},"534":{"start":{"line":1480,"column":12},"end":{"line":1480,"column":41}},"535":{"start":{"line":1481,"column":12},"end":{"line":1487,"column":15}},"536":{"start":{"line":1488,"column":12},"end":{"line":1488,"column":95}},"537":{"start":{"line":1488,"column":55},"end":{"line":1488,"column":93}},"538":{"start":{"line":1489,"column":12},"end":{"line":1489,"column":91}},"539":{"start":{"line":1489,"column":54},"end":{"line":1489,"column":89}},"540":{"start":{"line":1490,"column":12},"end":{"line":1490,"column":91}},"541":{"start":{"line":1490,"column":51},"end":{"line":1490,"column":89}},"542":{"start":{"line":1491,"column":12},"end":{"line":1491,"column":37}},"543":{"start":{"line":1494,"column":8},"end":{"line":1494,"column":62}},"544":{"start":{"line":1495,"column":8},"end":{"line":1495,"column":56}},"545":{"start":{"line":1496,"column":8},"end":{"line":1506,"column":11}},"546":{"start":{"line":1507,"column":8},"end":{"line":1507,"column":84}},"547":{"start":{"line":1507,"column":59},"end":{"line":1507,"column":82}},"548":{"start":{"line":1509,"column":8},"end":{"line":1509,"column":63}},"549":{"start":{"line":1510,"column":8},"end":{"line":1510,"column":47}},"550":{"start":{"line":1511,"column":8},"end":{"line":1511,"column":45}},"551":{"start":{"line":1512,"column":8},"end":{"line":1512,"column":59}},"552":{"start":{"line":1513,"column":8},"end":{"line":1513,"column":52}},"553":{"start":{"line":1514,"column":8},"end":{"line":1514,"column":47}},"554":{"start":{"line":1517,"column":8},"end":{"line":1517,"column":33}},"555":{"start":{"line":1521,"column":8},"end":{"line":1521,"column":74}},"556":{"start":{"line":1522,"column":8},"end":{"line":1522,"column":61}},"557":{"start":{"line":1523,"column":8},"end":{"line":1523,"column":73}},"558":{"start":{"line":1524,"column":8},"end":{"line":1524,"column":82}},"559":{"start":{"line":1525,"column":8},"end":{"line":1525,"column":64}},"560":{"start":{"line":1526,"column":8},"end":{"line":1526,"column":80}},"561":{"start":{"line":1530,"column":26},"end":{"line":1530,"column":63}},"562":{"start":{"line":1531,"column":8},"end":{"line":1531,"column":39}},"563":{"start":{"line":1531,"column":32},"end":{"line":1531,"column":39}},"564":{"start":{"line":1534,"column":33},"end":{"line":1534,"column":82}},"565":{"start":{"line":1536,"column":8},"end":{"line":1557,"column":9}},"566":{"start":{"line":1538,"column":12},"end":{"line":1544,"column":13}},"567":{"start":{"line":1539,"column":16},"end":{"line":1539,"column":120}},"568":{"start":{"line":1540,"column":16},"end":{"line":1543,"column":35}},"569":{"start":{"line":1541,"column":20},"end":{"line":1541,"column":60}},"570":{"start":{"line":1542,"column":20},"end":{"line":1542,"column":58}},"571":{"start":{"line":1547,"column":12},"end":{"line":1547,"column":48}},"572":{"start":{"line":1549,"column":12},"end":{"line":1549,"column":47}},"573":{"start":{"line":1552,"column":40},"end":{"line":1552,"column":94}},"574":{"start":{"line":1553,"column":12},"end":{"line":1556,"column":13}},"575":{"start":{"line":1554,"column":16},"end":{"line":1554,"column":56}},"576":{"start":{"line":1555,"column":16},"end":{"line":1555,"column":126}},"577":{"start":{"line":1561,"column":8},"end":{"line":1561,"column":60}},"578":{"start":{"line":1562,"column":8},"end":{"line":1562,"column":60}},"579":{"start":{"line":1563,"column":8},"end":{"line":1563,"column":69}},"580":{"start":{"line":1564,"column":8},"end":{"line":1564,"column":32}},"581":{"start":{"line":1568,"column":30},"end":{"line":1568,"column":71}},"582":{"start":{"line":1569,"column":8},"end":{"line":1572,"column":9}},"583":{"start":{"line":1570,"column":12},"end":{"line":1570,"column":69}},"584":{"start":{"line":1571,"column":12},"end":{"line":1571,"column":56}},"585":{"start":{"line":1584,"column":39},"end":{"line":1591,"column":1}},"586":{"start":{"line":1595,"column":22},"end":{"line":2090,"column":1}},"587":{"start":{"line":2092,"column":25},"end":{"line":2095,"column":3}},"588":{"start":{"line":2092,"column":49},"end":{"line":2095,"column":1}},"589":{"start":{"line":2098,"column":0},"end":{"line":2107,"column":3}},"590":{"start":{"line":2100,"column":29},"end":{"line":2100,"column":82}},"591":{"start":{"line":2103,"column":4},"end":{"line":2106,"column":7}},"592":{"start":{"line":2135,"column":0},"end":{"line":2135,"column":42694}},"593":{"start":{"line":2135,"column":14},"end":{"line":2135,"column":118}},"594":{"start":{"line":2135,"column":127},"end":{"line":2135,"column":33568}},"595":{"start":{"line":2135,"column":33577},"end":{"line":2135,"column":33672}},"596":{"start":{"line":2135,"column":33586},"end":{"line":2135,"column":33671}},"597":{"start":{"line":2135,"column":33673},"end":{"line":2135,"column":42689}}},"fnMap":{"0":{"name":"(anonymous_0)","decl":{"start":{"line":126,"column":2},"end":{"line":126,"column":3}},"loc":{"start":{"line":126,"column":46},"end":{"line":148,"column":3}},"line":126},"1":{"name":"(anonymous_1)","decl":{"start":{"line":277,"column":36},"end":{"line":277,"column":37}},"loc":{"start":{"line":277,"column":41},"end":{"line":277,"column":56}},"line":277},"2":{"name":"(anonymous_2)","decl":{"start":{"line":282,"column":36},"end":{"line":282,"column":37}},"loc":{"start":{"line":282,"column":41},"end":{"line":282,"column":60}},"line":282},"3":{"name":"(anonymous_3)","decl":{"start":{"line":330,"column":2},"end":{"line":330,"column":3}},"loc":{"start":{"line":330,"column":25},"end":{"line":334,"column":3}},"line":330},"4":{"name":"(anonymous_4)","decl":{"start":{"line":341,"column":2},"end":{"line":341,"column":3}},"loc":{"start":{"line":341,"column":41},"end":{"line":386,"column":3}},"line":341},"5":{"name":"(anonymous_5)","decl":{"start":{"line":351,"column":60},"end":{"line":351,"column":61}},"loc":{"start":{"line":351,"column":66},"end":{"line":351,"column":117}},"line":351},"6":{"name":"(anonymous_6)","decl":{"start":{"line":366,"column":56},"end":{"line":366,"column":57}},"loc":{"start":{"line":366,"column":62},"end":{"line":368,"column":9}},"line":366},"7":{"name":"(anonymous_7)","decl":{"start":{"line":370,"column":30},"end":{"line":370,"column":31}},"loc":{"start":{"line":370,"column":36},"end":{"line":378,"column":9}},"line":370},"8":{"name":"(anonymous_8)","decl":{"start":{"line":429,"column":26},"end":{"line":429,"column":27}},"loc":{"start":{"line":429,"column":32},"end":{"line":429,"column":78}},"line":429},"9":{"name":"(anonymous_9)","decl":{"start":{"line":501,"column":53},"end":{"line":501,"column":54}},"loc":{"start":{"line":501,"column":59},"end":{"line":501,"column":108}},"line":501},"10":{"name":"(anonymous_10)","decl":{"start":{"line":502,"column":52},"end":{"line":502,"column":53}},"loc":{"start":{"line":502,"column":58},"end":{"line":502,"column":105}},"line":502},"11":{"name":"(anonymous_11)","decl":{"start":{"line":503,"column":49},"end":{"line":503,"column":50}},"loc":{"start":{"line":503,"column":56},"end":{"line":503,"column":93}},"line":503},"12":{"name":"(anonymous_12)","decl":{"start":{"line":546,"column":58},"end":{"line":546,"column":59}},"loc":{"start":{"line":546,"column":64},"end":{"line":546,"column":112}},"line":546},"13":{"name":"(anonymous_13)","decl":{"start":{"line":547,"column":58},"end":{"line":547,"column":59}},"loc":{"start":{"line":547,"column":64},"end":{"line":547,"column":113}},"line":547},"14":{"name":"(anonymous_14)","decl":{"start":{"line":568,"column":59},"end":{"line":568,"column":60}},"loc":{"start":{"line":568,"column":65},"end":{"line":570,"column":7}},"line":568},"15":{"name":"(anonymous_15)","decl":{"start":{"line":571,"column":52},"end":{"line":571,"column":53}},"loc":{"start":{"line":571,"column":58},"end":{"line":574,"column":7}},"line":571},"16":{"name":"(anonymous_16)","decl":{"start":{"line":604,"column":60},"end":{"line":604,"column":61}},"loc":{"start":{"line":604,"column":66},"end":{"line":604,"column":110}},"line":604},"17":{"name":"(anonymous_17)","decl":{"start":{"line":605,"column":50},"end":{"line":605,"column":51}},"loc":{"start":{"line":605,"column":56},"end":{"line":609,"column":5}},"line":605},"18":{"name":"(anonymous_18)","decl":{"start":{"line":615,"column":58},"end":{"line":615,"column":59}},"loc":{"start":{"line":615,"column":65},"end":{"line":618,"column":5}},"line":615},"19":{"name":"(anonymous_19)","decl":{"start":{"line":654,"column":17},"end":{"line":654,"column":18}},"loc":{"start":{"line":654,"column":23},"end":{"line":658,"column":7}},"line":654},"20":{"name":"(anonymous_20)","decl":{"start":{"line":717,"column":53},"end":{"line":717,"column":54}},"loc":{"start":{"line":717,"column":59},"end":{"line":717,"column":76}},"line":717},"21":{"name":"(anonymous_21)","decl":{"start":{"line":724,"column":73},"end":{"line":724,"column":74}},"loc":{"start":{"line":724,"column":79},"end":{"line":724,"column":124}},"line":724},"22":{"name":"(anonymous_22)","decl":{"start":{"line":733,"column":73},"end":{"line":733,"column":74}},"loc":{"start":{"line":733,"column":79},"end":{"line":733,"column":122}},"line":733},"23":{"name":"(anonymous_23)","decl":{"start":{"line":737,"column":21},"end":{"line":737,"column":22}},"loc":{"start":{"line":737,"column":27},"end":{"line":737,"column":53}},"line":737},"24":{"name":"(anonymous_24)","decl":{"start":{"line":750,"column":24},"end":{"line":750,"column":25}},"loc":{"start":{"line":750,"column":31},"end":{"line":763,"column":5}},"line":750},"25":{"name":"(anonymous_25)","decl":{"start":{"line":765,"column":24},"end":{"line":765,"column":25}},"loc":{"start":{"line":765,"column":31},"end":{"line":784,"column":5}},"line":765},"26":{"name":"(anonymous_26)","decl":{"start":{"line":770,"column":35},"end":{"line":770,"column":36}},"loc":{"start":{"line":770,"column":41},"end":{"line":775,"column":9}},"line":770},"27":{"name":"(anonymous_27)","decl":{"start":{"line":786,"column":22},"end":{"line":786,"column":23}},"loc":{"start":{"line":786,"column":28},"end":{"line":794,"column":5}},"line":786},"28":{"name":"(anonymous_28)","decl":{"start":{"line":835,"column":70},"end":{"line":835,"column":71}},"loc":{"start":{"line":835,"column":75},"end":{"line":835,"column":96}},"line":835},"29":{"name":"(anonymous_29)","decl":{"start":{"line":837,"column":57},"end":{"line":837,"column":58}},"loc":{"start":{"line":837,"column":64},"end":{"line":837,"column":96}},"line":837},"30":{"name":"(anonymous_30)","decl":{"start":{"line":1065,"column":74},"end":{"line":1065,"column":75}},"loc":{"start":{"line":1065,"column":79},"end":{"line":1065,"column":102}},"line":1065},"31":{"name":"(anonymous_31)","decl":{"start":{"line":1085,"column":67},"end":{"line":1085,"column":68}},"loc":{"start":{"line":1085,"column":73},"end":{"line":1085,"column":79}},"line":1085},"32":{"name":"(anonymous_32)","decl":{"start":{"line":1108,"column":32},"end":{"line":1108,"column":33}},"loc":{"start":{"line":1108,"column":43},"end":{"line":1114,"column":5}},"line":1108},"33":{"name":"(anonymous_33)","decl":{"start":{"line":1117,"column":51},"end":{"line":1117,"column":52}},"loc":{"start":{"line":1117,"column":62},"end":{"line":1119,"column":5}},"line":1117},"34":{"name":"(anonymous_34)","decl":{"start":{"line":1121,"column":47},"end":{"line":1121,"column":48}},"loc":{"start":{"line":1121,"column":62},"end":{"line":1146,"column":5}},"line":1121},"35":{"name":"(anonymous_35)","decl":{"start":{"line":1124,"column":38},"end":{"line":1124,"column":39}},"loc":{"start":{"line":1124,"column":46},"end":{"line":1143,"column":11}},"line":1124},"36":{"name":"(anonymous_36)","decl":{"start":{"line":1158,"column":25},"end":{"line":1158,"column":26}},"loc":{"start":{"line":1158,"column":43},"end":{"line":1174,"column":5}},"line":1158},"37":{"name":"(anonymous_37)","decl":{"start":{"line":1176,"column":20},"end":{"line":1176,"column":21}},"loc":{"start":{"line":1176,"column":33},"end":{"line":1189,"column":5}},"line":1176},"38":{"name":"(anonymous_38)","decl":{"start":{"line":1184,"column":50},"end":{"line":1184,"column":51}},"loc":{"start":{"line":1184,"column":56},"end":{"line":1184,"column":82}},"line":1184},"39":{"name":"(anonymous_39)","decl":{"start":{"line":1215,"column":6},"end":{"line":1215,"column":7}},"loc":{"start":{"line":1215,"column":11},"end":{"line":1215,"column":79}},"line":1215},"40":{"name":"(anonymous_40)","decl":{"start":{"line":1238,"column":48},"end":{"line":1238,"column":49}},"loc":{"start":{"line":1238,"column":59},"end":{"line":1243,"column":7}},"line":1238},"41":{"name":"(anonymous_41)","decl":{"start":{"line":1261,"column":58},"end":{"line":1261,"column":59}},"loc":{"start":{"line":1261,"column":65},"end":{"line":1264,"column":7}},"line":1261},"42":{"name":"(anonymous_42)","decl":{"start":{"line":1267,"column":48},"end":{"line":1267,"column":49}},"loc":{"start":{"line":1267,"column":59},"end":{"line":1271,"column":7}},"line":1267},"43":{"name":"(anonymous_43)","decl":{"start":{"line":1279,"column":55},"end":{"line":1279,"column":56}},"loc":{"start":{"line":1279,"column":62},"end":{"line":1292,"column":5}},"line":1279},"44":{"name":"(anonymous_44)","decl":{"start":{"line":1286,"column":33},"end":{"line":1286,"column":34}},"loc":{"start":{"line":1286,"column":39},"end":{"line":1291,"column":7}},"line":1286},"45":{"name":"(anonymous_45)","decl":{"start":{"line":1289,"column":32},"end":{"line":1289,"column":33}},"loc":{"start":{"line":1289,"column":38},"end":{"line":1289,"column":62}},"line":1289},"46":{"name":"(anonymous_46)","decl":{"start":{"line":1295,"column":46},"end":{"line":1295,"column":47}},"loc":{"start":{"line":1295,"column":53},"end":{"line":1302,"column":5}},"line":1295},"47":{"name":"(anonymous_47)","decl":{"start":{"line":1297,"column":33},"end":{"line":1297,"column":34}},"loc":{"start":{"line":1297,"column":39},"end":{"line":1301,"column":7}},"line":1297},"48":{"name":"(anonymous_48)","decl":{"start":{"line":1305,"column":42},"end":{"line":1305,"column":43}},"loc":{"start":{"line":1305,"column":48},"end":{"line":1305,"column":75}},"line":1305},"49":{"name":"(anonymous_49)","decl":{"start":{"line":1313,"column":2},"end":{"line":1313,"column":3}},"loc":{"start":{"line":1313,"column":12},"end":{"line":1325,"column":3}},"line":1313},"50":{"name":"(anonymous_50)","decl":{"start":{"line":1319,"column":28},"end":{"line":1319,"column":29}},"loc":{"start":{"line":1319,"column":69},"end":{"line":1321,"column":5}},"line":1319},"51":{"name":"(anonymous_51)","decl":{"start":{"line":1364,"column":4},"end":{"line":1364,"column":5}},"loc":{"start":{"line":1364,"column":45},"end":{"line":1369,"column":5}},"line":1364},"52":{"name":"(anonymous_52)","decl":{"start":{"line":1378,"column":46},"end":{"line":1378,"column":47}},"loc":{"start":{"line":1378,"column":53},"end":{"line":1382,"column":9}},"line":1378},"53":{"name":"(anonymous_53)","decl":{"start":{"line":1385,"column":47},"end":{"line":1385,"column":48}},"loc":{"start":{"line":1385,"column":53},"end":{"line":1387,"column":9}},"line":1385},"54":{"name":"(anonymous_54)","decl":{"start":{"line":1390,"column":43},"end":{"line":1390,"column":44}},"loc":{"start":{"line":1390,"column":50},"end":{"line":1398,"column":9}},"line":1390},"55":{"name":"(anonymous_55)","decl":{"start":{"line":1458,"column":57},"end":{"line":1458,"column":58}},"loc":{"start":{"line":1458,"column":63},"end":{"line":1458,"column":86}},"line":1458},"56":{"name":"(anonymous_56)","decl":{"start":{"line":1461,"column":62},"end":{"line":1461,"column":63}},"loc":{"start":{"line":1461,"column":68},"end":{"line":1461,"column":121}},"line":1461},"57":{"name":"(anonymous_57)","decl":{"start":{"line":1462,"column":62},"end":{"line":1462,"column":63}},"loc":{"start":{"line":1462,"column":68},"end":{"line":1462,"column":119}},"line":1462},"58":{"name":"(anonymous_58)","decl":{"start":{"line":1478,"column":32},"end":{"line":1478,"column":33}},"loc":{"start":{"line":1478,"column":44},"end":{"line":1492,"column":9}},"line":1478},"59":{"name":"(anonymous_59)","decl":{"start":{"line":1488,"column":49},"end":{"line":1488,"column":50}},"loc":{"start":{"line":1488,"column":55},"end":{"line":1488,"column":93}},"line":1488},"60":{"name":"(anonymous_60)","decl":{"start":{"line":1489,"column":48},"end":{"line":1489,"column":49}},"loc":{"start":{"line":1489,"column":54},"end":{"line":1489,"column":89}},"line":1489},"61":{"name":"(anonymous_61)","decl":{"start":{"line":1490,"column":45},"end":{"line":1490,"column":46}},"loc":{"start":{"line":1490,"column":51},"end":{"line":1490,"column":89}},"line":1490},"62":{"name":"(anonymous_62)","decl":{"start":{"line":1507,"column":53},"end":{"line":1507,"column":54}},"loc":{"start":{"line":1507,"column":59},"end":{"line":1507,"column":82}},"line":1507},"63":{"name":"(anonymous_63)","decl":{"start":{"line":1529,"column":4},"end":{"line":1529,"column":5}},"loc":{"start":{"line":1529,"column":22},"end":{"line":1558,"column":5}},"line":1529},"64":{"name":"(anonymous_64)","decl":{"start":{"line":1540,"column":66},"end":{"line":1540,"column":67}},"loc":{"start":{"line":1540,"column":72},"end":{"line":1543,"column":17}},"line":1540},"65":{"name":"(anonymous_65)","decl":{"start":{"line":2092,"column":43},"end":{"line":2092,"column":44}},"loc":{"start":{"line":2092,"column":49},"end":{"line":2095,"column":1}},"line":2092},"66":{"name":"(anonymous_66)","decl":{"start":{"line":2098,"column":46},"end":{"line":2098,"column":47}},"loc":{"start":{"line":2098,"column":52},"end":{"line":2107,"column":1}},"line":2098},"67":{"name":"(anonymous_67)","decl":{"start":{"line":2135,"column":1},"end":{"line":2135,"column":2}},"loc":{"start":{"line":2135,"column":5},"end":{"line":2135,"column":42690}},"line":2135},"68":{"name":"(anonymous_68)","decl":{"start":{"line":2135,"column":33583},"end":{"line":2135,"column":33584}},"loc":{"start":{"line":2135,"column":33586},"end":{"line":2135,"column":33671}},"line":2135}},"branchMap":{"0":{"loc":{"start":{"line":126,"column":26},"end":{"line":126,"column":44}},"type":"default-arg","locations":[{"start":{"line":126,"column":42},"end":{"line":126,"column":44}}],"line":126},"1":{"loc":{"start":{"line":127,"column":4},"end":{"line":130,"column":5}},"type":"if","locations":[{"start":{"line":127,"column":4},"end":{"line":130,"column":5}},{"start":{},"end":{}}],"line":127},"2":{"loc":{"start":{"line":127,"column":8},"end":{"line":127,"column":67}},"type":"binary-expr","locations":[{"start":{"line":127,"column":8},"end":{"line":127,"column":41}},{"start":{"line":127,"column":45},"end":{"line":127,"column":67}}],"line":127},"3":{"loc":{"start":{"line":132,"column":23},"end":{"line":132,"column":76}},"type":"binary-expr","locations":[{"start":{"line":132,"column":23},"end":{"line":132,"column":33}},{"start":{"line":132,"column":37},"end":{"line":132,"column":76}}],"line":132},"4":{"loc":{"start":{"line":141,"column":24},"end":{"line":141,"column":62}},"type":"binary-expr","locations":[{"start":{"line":141,"column":24},"end":{"line":141,"column":55}},{"start":{"line":141,"column":59},"end":{"line":141,"column":62}}],"line":141},"5":{"loc":{"start":{"line":156,"column":6},"end":{"line":159,"column":7}},"type":"if","locations":[{"start":{"line":156,"column":6},"end":{"line":159,"column":7}},{"start":{},"end":{}}],"line":156},"6":{"loc":{"start":{"line":158,"column":33},"end":{"line":158,"column":75}},"type":"cond-expr","locations":[{"start":{"line":158,"column":54},"end":{"line":158,"column":63}},{"start":{"line":158,"column":66},"end":{"line":158,"column":75}}],"line":158},"7":{"loc":{"start":{"line":170,"column":4},"end":{"line":198,"column":5}},"type":"if","locations":[{"start":{"line":170,"column":4},"end":{"line":198,"column":5}},{"start":{},"end":{}}],"line":170},"8":{"loc":{"start":{"line":172,"column":22},"end":{"line":172,"column":104}},"type":"cond-expr","locations":[{"start":{"line":172,"column":41},"end":{"line":172,"column":98}},{"start":{"line":172,"column":101},"end":{"line":172,"column":104}}],"line":172},"9":{"loc":{"start":{"line":174,"column":6},"end":{"line":174,"column":64}},"type":"if","locations":[{"start":{"line":174,"column":6},"end":{"line":174,"column":64}},{"start":{},"end":{}}],"line":174},"10":{"loc":{"start":{"line":185,"column":6},"end":{"line":194,"column":7}},"type":"if","locations":[{"start":{"line":185,"column":6},"end":{"line":194,"column":7}},{"start":{},"end":{}}],"line":185},"11":{"loc":{"start":{"line":187,"column":12},"end":{"line":187,"column":59}},"type":"cond-expr","locations":[{"start":{"line":187,"column":22},"end":{"line":187,"column":41}},{"start":{"line":187,"column":44},"end":{"line":187,"column":59}}],"line":187},"12":{"loc":{"start":{"line":188,"column":8},"end":{"line":192,"column":9}},"type":"switch","locations":[{"start":{"line":189,"column":10},"end":{"line":189,"column":59}},{"start":{"line":190,"column":10},"end":{"line":190,"column":45}},{"start":{"line":191,"column":10},"end":{"line":191,"column":45}}],"line":188},"13":{"loc":{"start":{"line":189,"column":37},"end":{"line":189,"column":50}},"type":"cond-expr","locations":[{"start":{"line":189,"column":45},"end":{"line":189,"column":46}},{"start":{"line":189,"column":49},"end":{"line":189,"column":50}}],"line":189},"14":{"loc":{"start":{"line":219,"column":6},"end":{"line":227,"column":7}},"type":"if","locations":[{"start":{"line":219,"column":6},"end":{"line":227,"column":7}},{"start":{"line":222,"column":13},"end":{"line":227,"column":7}}],"line":219},"15":{"loc":{"start":{"line":222,"column":13},"end":{"line":227,"column":7}},"type":"if","locations":[{"start":{"line":222,"column":13},"end":{"line":227,"column":7}},{"start":{"line":225,"column":13},"end":{"line":227,"column":7}}],"line":222},"16":{"loc":{"start":{"line":242,"column":6},"end":{"line":242,"column":68}},"type":"if","locations":[{"start":{"line":242,"column":6},"end":{"line":242,"column":68}},{"start":{},"end":{}}],"line":242},"17":{"loc":{"start":{"line":242,"column":10},"end":{"line":242,"column":51}},"type":"binary-expr","locations":[{"start":{"line":242,"column":10},"end":{"line":242,"column":17}},{"start":{"line":242,"column":21},"end":{"line":242,"column":51}}],"line":242},"18":{"loc":{"start":{"line":254,"column":11},"end":{"line":254,"column":49}},"type":"binary-expr","locations":[{"start":{"line":254,"column":11},"end":{"line":254,"column":41}},{"start":{"line":254,"column":45},"end":{"line":254,"column":49}}],"line":254},"19":{"loc":{"start":{"line":264,"column":4},"end":{"line":266,"column":5}},"type":"if","locations":[{"start":{"line":264,"column":4},"end":{"line":266,"column":5}},{"start":{},"end":{}}],"line":264},"20":{"loc":{"start":{"line":271,"column":4},"end":{"line":274,"column":5}},"type":"if","locations":[{"start":{"line":271,"column":4},"end":{"line":274,"column":5}},{"start":{},"end":{}}],"line":271},"21":{"loc":{"start":{"line":276,"column":4},"end":{"line":279,"column":5}},"type":"if","locations":[{"start":{"line":276,"column":4},"end":{"line":279,"column":5}},{"start":{},"end":{}}],"line":276},"22":{"loc":{"start":{"line":281,"column":4},"end":{"line":284,"column":5}},"type":"if","locations":[{"start":{"line":281,"column":4},"end":{"line":284,"column":5}},{"start":{},"end":{}}],"line":281},"23":{"loc":{"start":{"line":286,"column":4},"end":{"line":300,"column":5}},"type":"if","locations":[{"start":{"line":286,"column":4},"end":{"line":300,"column":5}},{"start":{},"end":{}}],"line":286},"24":{"loc":{"start":{"line":293,"column":6},"end":{"line":298,"column":52}},"type":"if","locations":[{"start":{"line":293,"column":6},"end":{"line":298,"column":52}},{"start":{"line":294,"column":11},"end":{"line":298,"column":52}}],"line":293},"25":{"loc":{"start":{"line":294,"column":11},"end":{"line":298,"column":52}},"type":"if","locations":[{"start":{"line":294,"column":11},"end":{"line":298,"column":52}},{"start":{"line":295,"column":11},"end":{"line":298,"column":52}}],"line":294},"26":{"loc":{"start":{"line":295,"column":11},"end":{"line":298,"column":52}},"type":"if","locations":[{"start":{"line":295,"column":11},"end":{"line":298,"column":52}},{"start":{"line":296,"column":11},"end":{"line":298,"column":52}}],"line":295},"27":{"loc":{"start":{"line":296,"column":11},"end":{"line":298,"column":52}},"type":"if","locations":[{"start":{"line":296,"column":11},"end":{"line":298,"column":52}},{"start":{"line":297,"column":11},"end":{"line":298,"column":52}}],"line":296},"28":{"loc":{"start":{"line":297,"column":11},"end":{"line":298,"column":52}},"type":"if","locations":[{"start":{"line":297,"column":11},"end":{"line":298,"column":52}},{"start":{"line":298,"column":11},"end":{"line":298,"column":52}}],"line":297},"29":{"loc":{"start":{"line":303,"column":4},"end":{"line":306,"column":5}},"type":"if","locations":[{"start":{"line":303,"column":4},"end":{"line":306,"column":5}},{"start":{},"end":{}}],"line":303},"30":{"loc":{"start":{"line":318,"column":4},"end":{"line":318,"column":27}},"type":"if","locations":[{"start":{"line":318,"column":4},"end":{"line":318,"column":27}},{"start":{},"end":{}}],"line":318},"31":{"loc":{"start":{"line":341,"column":19},"end":{"line":341,"column":39}},"type":"default-arg","locations":[{"start":{"line":341,"column":34},"end":{"line":341,"column":39}}],"line":341},"32":{"loc":{"start":{"line":344,"column":6},"end":{"line":344,"column":109}},"type":"if","locations":[{"start":{"line":344,"column":6},"end":{"line":344,"column":109}},{"start":{},"end":{}}],"line":344},"33":{"loc":{"start":{"line":344,"column":10},"end":{"line":344,"column":100}},"type":"binary-expr","locations":[{"start":{"line":344,"column":10},"end":{"line":344,"column":33}},{"start":{"line":344,"column":37},"end":{"line":344,"column":100}}],"line":344},"34":{"loc":{"start":{"line":349,"column":6},"end":{"line":352,"column":7}},"type":"if","locations":[{"start":{"line":349,"column":6},"end":{"line":352,"column":7}},{"start":{},"end":{}}],"line":349},"35":{"loc":{"start":{"line":358,"column":6},"end":{"line":382,"column":7}},"type":"if","locations":[{"start":{"line":358,"column":6},"end":{"line":382,"column":7}},{"start":{"line":379,"column":13},"end":{"line":382,"column":7}}],"line":358},"36":{"loc":{"start":{"line":358,"column":10},"end":{"line":358,"column":85}},"type":"binary-expr","locations":[{"start":{"line":358,"column":10},"end":{"line":358,"column":38}},{"start":{"line":358,"column":42},"end":{"line":358,"column":54}},{"start":{"line":358,"column":58},"end":{"line":358,"column":85}}],"line":358},"37":{"loc":{"start":{"line":394,"column":4},"end":{"line":396,"column":5}},"type":"if","locations":[{"start":{"line":394,"column":4},"end":{"line":396,"column":5}},{"start":{},"end":{}}],"line":394},"38":{"loc":{"start":{"line":395,"column":47},"end":{"line":395,"column":78}},"type":"cond-expr","locations":[{"start":{"line":395,"column":62},"end":{"line":395,"column":68}},{"start":{"line":395,"column":71},"end":{"line":395,"column":78}}],"line":395},"39":{"loc":{"start":{"line":400,"column":4},"end":{"line":400,"column":106}},"type":"if","locations":[{"start":{"line":400,"column":4},"end":{"line":400,"column":106}},{"start":{},"end":{}}],"line":400},"40":{"loc":{"start":{"line":400,"column":69},"end":{"line":400,"column":102}},"type":"cond-expr","locations":[{"start":{"line":400,"column":84},"end":{"line":400,"column":92}},{"start":{"line":400,"column":95},"end":{"line":400,"column":102}}],"line":400},"41":{"loc":{"start":{"line":404,"column":4},"end":{"line":410,"column":5}},"type":"if","locations":[{"start":{"line":404,"column":4},"end":{"line":410,"column":5}},{"start":{"line":407,"column":11},"end":{"line":410,"column":5}}],"line":404},"42":{"loc":{"start":{"line":414,"column":4},"end":{"line":418,"column":5}},"type":"if","locations":[{"start":{"line":414,"column":4},"end":{"line":418,"column":5}},{"start":{"line":416,"column":11},"end":{"line":418,"column":5}}],"line":414},"43":{"loc":{"start":{"line":438,"column":6},"end":{"line":438,"column":41}},"type":"if","locations":[{"start":{"line":438,"column":6},"end":{"line":438,"column":41}},{"start":{},"end":{}}],"line":438},"44":{"loc":{"start":{"line":441,"column":6},"end":{"line":443,"column":7}},"type":"if","locations":[{"start":{"line":441,"column":6},"end":{"line":443,"column":7}},{"start":{},"end":{}}],"line":441},"45":{"loc":{"start":{"line":441,"column":10},"end":{"line":441,"column":89}},"type":"binary-expr","locations":[{"start":{"line":441,"column":10},"end":{"line":441,"column":48}},{"start":{"line":441,"column":52},"end":{"line":441,"column":89}}],"line":441},"46":{"loc":{"start":{"line":457,"column":34},"end":{"line":460,"column":5}},"type":"binary-expr","locations":[{"start":{"line":457,"column":34},"end":{"line":457,"column":64}},{"start":{"line":457,"column":68},"end":{"line":460,"column":5}}],"line":457},"47":{"loc":{"start":{"line":468,"column":15},"end":{"line":468,"column":65}},"type":"cond-expr","locations":[{"start":{"line":468,"column":50},"end":{"line":468,"column":56}},{"start":{"line":468,"column":59},"end":{"line":468,"column":65}}],"line":468},"48":{"loc":{"start":{"line":475,"column":4},"end":{"line":477,"column":5}},"type":"if","locations":[{"start":{"line":475,"column":4},"end":{"line":477,"column":5}},{"start":{},"end":{}}],"line":475},"49":{"loc":{"start":{"line":505,"column":4},"end":{"line":507,"column":5}},"type":"if","locations":[{"start":{"line":505,"column":4},"end":{"line":507,"column":5}},{"start":{},"end":{}}],"line":505},"50":{"loc":{"start":{"line":549,"column":4},"end":{"line":576,"column":5}},"type":"if","locations":[{"start":{"line":549,"column":4},"end":{"line":576,"column":5}},{"start":{},"end":{}}],"line":549},"51":{"loc":{"start":{"line":563,"column":17},"end":{"line":563,"column":55}},"type":"cond-expr","locations":[{"start":{"line":563,"column":40},"end":{"line":563,"column":46}},{"start":{"line":563,"column":49},"end":{"line":563,"column":55}}],"line":563},"52":{"loc":{"start":{"line":597,"column":17},"end":{"line":597,"column":55}},"type":"cond-expr","locations":[{"start":{"line":597,"column":40},"end":{"line":597,"column":46}},{"start":{"line":597,"column":49},"end":{"line":597,"column":55}}],"line":597},"53":{"loc":{"start":{"line":616,"column":6},"end":{"line":616,"column":23}},"type":"if","locations":[{"start":{"line":616,"column":6},"end":{"line":616,"column":23}},{"start":{},"end":{}}],"line":616},"54":{"loc":{"start":{"line":626,"column":4},"end":{"line":626,"column":41}},"type":"if","locations":[{"start":{"line":626,"column":4},"end":{"line":626,"column":41}},{"start":{},"end":{}}],"line":626},"55":{"loc":{"start":{"line":640,"column":4},"end":{"line":640,"column":58}},"type":"if","locations":[{"start":{"line":640,"column":4},"end":{"line":640,"column":58}},{"start":{},"end":{}}],"line":640},"56":{"loc":{"start":{"line":642,"column":4},"end":{"line":678,"column":5}},"type":"if","locations":[{"start":{"line":642,"column":4},"end":{"line":678,"column":5}},{"start":{"line":660,"column":11},"end":{"line":678,"column":5}}],"line":642},"57":{"loc":{"start":{"line":647,"column":6},"end":{"line":650,"column":7}},"type":"if","locations":[{"start":{"line":647,"column":6},"end":{"line":650,"column":7}},{"start":{},"end":{}}],"line":647},"58":{"loc":{"start":{"line":655,"column":8},"end":{"line":655,"column":45}},"type":"if","locations":[{"start":{"line":655,"column":8},"end":{"line":655,"column":45}},{"start":{},"end":{}}],"line":655},"59":{"loc":{"start":{"line":660,"column":11},"end":{"line":678,"column":5}},"type":"if","locations":[{"start":{"line":660,"column":11},"end":{"line":678,"column":5}},{"start":{},"end":{}}],"line":660},"60":{"loc":{"start":{"line":665,"column":6},"end":{"line":668,"column":7}},"type":"if","locations":[{"start":{"line":665,"column":6},"end":{"line":668,"column":7}},{"start":{},"end":{}}],"line":665},"61":{"loc":{"start":{"line":682,"column":4},"end":{"line":686,"column":5}},"type":"if","locations":[{"start":{"line":682,"column":4},"end":{"line":686,"column":5}},{"start":{},"end":{}}],"line":682},"62":{"loc":{"start":{"line":693,"column":4},"end":{"line":696,"column":5}},"type":"if","locations":[{"start":{"line":693,"column":4},"end":{"line":696,"column":5}},{"start":{},"end":{}}],"line":693},"63":{"loc":{"start":{"line":708,"column":27},"end":{"line":708,"column":74}},"type":"cond-expr","locations":[{"start":{"line":708,"column":42},"end":{"line":708,"column":56}},{"start":{"line":708,"column":59},"end":{"line":708,"column":74}}],"line":708},"64":{"loc":{"start":{"line":721,"column":6},"end":{"line":738,"column":7}},"type":"if","locations":[{"start":{"line":721,"column":6},"end":{"line":738,"column":7}},{"start":{"line":725,"column":13},"end":{"line":738,"column":7}}],"line":721},"65":{"loc":{"start":{"line":731,"column":10},"end":{"line":731,"column":109}},"type":"if","locations":[{"start":{"line":731,"column":10},"end":{"line":731,"column":109}},{"start":{},"end":{}}],"line":731},"66":{"loc":{"start":{"line":751,"column":6},"end":{"line":751,"column":33}},"type":"if","locations":[{"start":{"line":751,"column":6},"end":{"line":751,"column":33}},{"start":{},"end":{}}],"line":751},"67":{"loc":{"start":{"line":766,"column":6},"end":{"line":766,"column":30}},"type":"if","locations":[{"start":{"line":766,"column":6},"end":{"line":766,"column":30}},{"start":{},"end":{}}],"line":766},"68":{"loc":{"start":{"line":769,"column":6},"end":{"line":776,"column":7}},"type":"if","locations":[{"start":{"line":769,"column":6},"end":{"line":776,"column":7}},{"start":{},"end":{}}],"line":769},"69":{"loc":{"start":{"line":816,"column":4},"end":{"line":816,"column":36}},"type":"if","locations":[{"start":{"line":816,"column":4},"end":{"line":816,"column":36}},{"start":{},"end":{}}],"line":816},"70":{"loc":{"start":{"line":818,"column":35},"end":{"line":818,"column":70}},"type":"cond-expr","locations":[{"start":{"line":818,"column":50},"end":{"line":818,"column":59}},{"start":{"line":818,"column":62},"end":{"line":818,"column":70}}],"line":818},"71":{"loc":{"start":{"line":828,"column":26},"end":{"line":828,"column":55}},"type":"cond-expr","locations":[{"start":{"line":828,"column":41},"end":{"line":828,"column":47}},{"start":{"line":828,"column":50},"end":{"line":828,"column":55}}],"line":828},"72":{"loc":{"start":{"line":829,"column":28},"end":{"line":829,"column":57}},"type":"cond-expr","locations":[{"start":{"line":829,"column":43},"end":{"line":829,"column":49}},{"start":{"line":829,"column":52},"end":{"line":829,"column":57}}],"line":829},"73":{"loc":{"start":{"line":835,"column":28},"end":{"line":835,"column":61}},"type":"binary-expr","locations":[{"start":{"line":835,"column":28},"end":{"line":835,"column":55}},{"start":{"line":835,"column":59},"end":{"line":835,"column":61}}],"line":835},"74":{"loc":{"start":{"line":842,"column":27},"end":{"line":842,"column":64}},"type":"binary-expr","locations":[{"start":{"line":842,"column":27},"end":{"line":842,"column":51}},{"start":{"line":842,"column":55},"end":{"line":842,"column":64}}],"line":842},"75":{"loc":{"start":{"line":843,"column":24},"end":{"line":843,"column":58}},"type":"binary-expr","locations":[{"start":{"line":843,"column":24},"end":{"line":843,"column":45}},{"start":{"line":843,"column":49},"end":{"line":843,"column":58}}],"line":843},"76":{"loc":{"start":{"line":855,"column":27},"end":{"line":855,"column":58}},"type":"binary-expr","locations":[{"start":{"line":855,"column":27},"end":{"line":855,"column":45}},{"start":{"line":855,"column":49},"end":{"line":855,"column":58}}],"line":855},"77":{"loc":{"start":{"line":856,"column":24},"end":{"line":856,"column":52}},"type":"binary-expr","locations":[{"start":{"line":856,"column":24},"end":{"line":856,"column":39}},{"start":{"line":856,"column":43},"end":{"line":856,"column":52}}],"line":856},"78":{"loc":{"start":{"line":1056,"column":11},"end":{"line":1057,"column":29}},"type":"cond-expr","locations":[{"start":{"line":1056,"column":20},"end":{"line":1056,"column":104}},{"start":{"line":1057,"column":20},"end":{"line":1057,"column":29}}],"line":1056},"79":{"loc":{"start":{"line":1065,"column":32},"end":{"line":1065,"column":65}},"type":"binary-expr","locations":[{"start":{"line":1065,"column":32},"end":{"line":1065,"column":59}},{"start":{"line":1065,"column":63},"end":{"line":1065,"column":65}}],"line":1065},"80":{"loc":{"start":{"line":1076,"column":6},"end":{"line":1082,"column":7}},"type":"if","locations":[{"start":{"line":1076,"column":6},"end":{"line":1082,"column":7}},{"start":{},"end":{}}],"line":1076},"81":{"loc":{"start":{"line":1076,"column":10},"end":{"line":1076,"column":83}},"type":"binary-expr","locations":[{"start":{"line":1076,"column":10},"end":{"line":1076,"column":39}},{"start":{"line":1076,"column":43},"end":{"line":1076,"column":83}}],"line":1076},"82":{"loc":{"start":{"line":1078,"column":8},"end":{"line":1081,"column":9}},"type":"if","locations":[{"start":{"line":1078,"column":8},"end":{"line":1081,"column":9}},{"start":{},"end":{}}],"line":1078},"83":{"loc":{"start":{"line":1085,"column":6},"end":{"line":1088,"column":7}},"type":"if","locations":[{"start":{"line":1085,"column":6},"end":{"line":1088,"column":7}},{"start":{},"end":{}}],"line":1085},"84":{"loc":{"start":{"line":1085,"column":10},"end":{"line":1085,"column":80}},"type":"binary-expr","locations":[{"start":{"line":1085,"column":10},"end":{"line":1085,"column":39}},{"start":{"line":1085,"column":43},"end":{"line":1085,"column":80}}],"line":1085},"85":{"loc":{"start":{"line":1091,"column":6},"end":{"line":1098,"column":7}},"type":"if","locations":[{"start":{"line":1091,"column":6},"end":{"line":1098,"column":7}},{"start":{},"end":{}}],"line":1091},"86":{"loc":{"start":{"line":1094,"column":8},"end":{"line":1097,"column":9}},"type":"if","locations":[{"start":{"line":1094,"column":8},"end":{"line":1097,"column":9}},{"start":{},"end":{}}],"line":1094},"87":{"loc":{"start":{"line":1094,"column":12},"end":{"line":1094,"column":62}},"type":"binary-expr","locations":[{"start":{"line":1094,"column":12},"end":{"line":1094,"column":25}},{"start":{"line":1094,"column":29},"end":{"line":1094,"column":42}},{"start":{"line":1094,"column":46},"end":{"line":1094,"column":62}}],"line":1094},"88":{"loc":{"start":{"line":1110,"column":6},"end":{"line":1113,"column":7}},"type":"if","locations":[{"start":{"line":1110,"column":6},"end":{"line":1113,"column":7}},{"start":{},"end":{}}],"line":1110},"89":{"loc":{"start":{"line":1110,"column":10},"end":{"line":1110,"column":82}},"type":"binary-expr","locations":[{"start":{"line":1110,"column":10},"end":{"line":1110,"column":35}},{"start":{"line":1110,"column":39},"end":{"line":1110,"column":82}}],"line":1110},"90":{"loc":{"start":{"line":1123,"column":8},"end":{"line":1144,"column":9}},"type":"if","locations":[{"start":{"line":1123,"column":8},"end":{"line":1144,"column":9}},{"start":{},"end":{}}],"line":1123},"91":{"loc":{"start":{"line":1126,"column":12},"end":{"line":1126,"column":60}},"type":"if","locations":[{"start":{"line":1126,"column":12},"end":{"line":1126,"column":60}},{"start":{},"end":{}}],"line":1126},"92":{"loc":{"start":{"line":1132,"column":34},"end":{"line":1132,"column":77}},"type":"binary-expr","locations":[{"start":{"line":1132,"column":34},"end":{"line":1132,"column":60}},{"start":{"line":1132,"column":64},"end":{"line":1132,"column":77}}],"line":1132},"93":{"loc":{"start":{"line":1134,"column":12},"end":{"line":1137,"column":13}},"type":"if","locations":[{"start":{"line":1134,"column":12},"end":{"line":1137,"column":13}},{"start":{},"end":{}}],"line":1134},"94":{"loc":{"start":{"line":1134,"column":16},"end":{"line":1134,"column":73}},"type":"binary-expr","locations":[{"start":{"line":1134,"column":16},"end":{"line":1134,"column":29}},{"start":{"line":1134,"column":33},"end":{"line":1134,"column":73}}],"line":1134},"95":{"loc":{"start":{"line":1140,"column":12},"end":{"line":1142,"column":13}},"type":"if","locations":[{"start":{"line":1140,"column":12},"end":{"line":1142,"column":13}},{"start":{},"end":{}}],"line":1140},"96":{"loc":{"start":{"line":1160,"column":6},"end":{"line":1162,"column":7}},"type":"if","locations":[{"start":{"line":1160,"column":6},"end":{"line":1162,"column":7}},{"start":{},"end":{}}],"line":1160},"97":{"loc":{"start":{"line":1168,"column":6},"end":{"line":1173,"column":7}},"type":"if","locations":[{"start":{"line":1168,"column":6},"end":{"line":1173,"column":7}},{"start":{},"end":{}}],"line":1168},"98":{"loc":{"start":{"line":1179,"column":20},"end":{"line":1179,"column":78}},"type":"binary-expr","locations":[{"start":{"line":1179,"column":20},"end":{"line":1179,"column":43}},{"start":{"line":1179,"column":47},"end":{"line":1179,"column":78}}],"line":1179},"99":{"loc":{"start":{"line":1180,"column":8},"end":{"line":1185,"column":9}},"type":"if","locations":[{"start":{"line":1180,"column":8},"end":{"line":1185,"column":9}},{"start":{"line":1182,"column":15},"end":{"line":1185,"column":9}}],"line":1180},"100":{"loc":{"start":{"line":1180,"column":12},"end":{"line":1180,"column":48}},"type":"binary-expr","locations":[{"start":{"line":1180,"column":12},"end":{"line":1180,"column":15}},{"start":{"line":1180,"column":19},"end":{"line":1180,"column":48}}],"line":1180},"101":{"loc":{"start":{"line":1182,"column":15},"end":{"line":1185,"column":9}},"type":"if","locations":[{"start":{"line":1182,"column":15},"end":{"line":1185,"column":9}},{"start":{},"end":{}}],"line":1182},"102":{"loc":{"start":{"line":1215,"column":13},"end":{"line":1215,"column":78}},"type":"binary-expr","locations":[{"start":{"line":1215,"column":13},"end":{"line":1215,"column":32}},{"start":{"line":1215,"column":36},"end":{"line":1215,"column":51}},{"start":{"line":1215,"column":55},"end":{"line":1215,"column":78}}],"line":1215},"103":{"loc":{"start":{"line":1229,"column":4},"end":{"line":1231,"column":5}},"type":"if","locations":[{"start":{"line":1229,"column":4},"end":{"line":1231,"column":5}},{"start":{},"end":{}}],"line":1229},"104":{"loc":{"start":{"line":1235,"column":4},"end":{"line":1244,"column":5}},"type":"if","locations":[{"start":{"line":1235,"column":4},"end":{"line":1244,"column":5}},{"start":{},"end":{}}],"line":1235},"105":{"loc":{"start":{"line":1239,"column":8},"end":{"line":1242,"column":9}},"type":"if","locations":[{"start":{"line":1239,"column":8},"end":{"line":1242,"column":9}},{"start":{},"end":{}}],"line":1239},"106":{"loc":{"start":{"line":1239,"column":12},"end":{"line":1239,"column":64}},"type":"binary-expr","locations":[{"start":{"line":1239,"column":12},"end":{"line":1239,"column":24}},{"start":{"line":1239,"column":28},"end":{"line":1239,"column":64}}],"line":1239},"107":{"loc":{"start":{"line":1253,"column":31},"end":{"line":1253,"column":115}},"type":"binary-expr","locations":[{"start":{"line":1253,"column":31},"end":{"line":1253,"column":57}},{"start":{"line":1253,"column":62},"end":{"line":1253,"column":86}},{"start":{"line":1253,"column":90},"end":{"line":1253,"column":114}}],"line":1253},"108":{"loc":{"start":{"line":1258,"column":4},"end":{"line":1275,"column":5}},"type":"if","locations":[{"start":{"line":1258,"column":4},"end":{"line":1275,"column":5}},{"start":{},"end":{}}],"line":1258},"109":{"loc":{"start":{"line":1268,"column":8},"end":{"line":1270,"column":9}},"type":"if","locations":[{"start":{"line":1268,"column":8},"end":{"line":1270,"column":9}},{"start":{},"end":{}}],"line":1268},"110":{"loc":{"start":{"line":1268,"column":12},"end":{"line":1268,"column":78}},"type":"binary-expr","locations":[{"start":{"line":1268,"column":12},"end":{"line":1268,"column":41}},{"start":{"line":1268,"column":45},"end":{"line":1268,"column":78}}],"line":1268},"111":{"loc":{"start":{"line":1281,"column":6},"end":{"line":1283,"column":7}},"type":"if","locations":[{"start":{"line":1281,"column":6},"end":{"line":1283,"column":7}},{"start":{},"end":{}}],"line":1281},"112":{"loc":{"start":{"line":1288,"column":8},"end":{"line":1290,"column":9}},"type":"if","locations":[{"start":{"line":1288,"column":8},"end":{"line":1290,"column":9}},{"start":{},"end":{}}],"line":1288},"113":{"loc":{"start":{"line":1298,"column":8},"end":{"line":1300,"column":9}},"type":"if","locations":[{"start":{"line":1298,"column":8},"end":{"line":1300,"column":9}},{"start":{},"end":{}}],"line":1298},"114":{"loc":{"start":{"line":1298,"column":12},"end":{"line":1298,"column":89}},"type":"binary-expr","locations":[{"start":{"line":1298,"column":12},"end":{"line":1298,"column":44}},{"start":{"line":1298,"column":48},"end":{"line":1298,"column":89}}],"line":1298},"115":{"loc":{"start":{"line":1364,"column":31},"end":{"line":1364,"column":43}},"type":"default-arg","locations":[{"start":{"line":1364,"column":41},"end":{"line":1364,"column":43}}],"line":1364},"116":{"loc":{"start":{"line":1366,"column":28},"end":{"line":1366,"column":54}},"type":"binary-expr","locations":[{"start":{"line":1366,"column":28},"end":{"line":1366,"column":47}},{"start":{"line":1366,"column":51},"end":{"line":1366,"column":54}}],"line":1366},"117":{"loc":{"start":{"line":1379,"column":12},"end":{"line":1381,"column":13}},"type":"if","locations":[{"start":{"line":1379,"column":12},"end":{"line":1381,"column":13}},{"start":{},"end":{}}],"line":1379},"118":{"loc":{"start":{"line":1391,"column":12},"end":{"line":1393,"column":13}},"type":"if","locations":[{"start":{"line":1391,"column":12},"end":{"line":1393,"column":13}},{"start":{},"end":{}}],"line":1391},"119":{"loc":{"start":{"line":1391,"column":16},"end":{"line":1391,"column":109}},"type":"binary-expr","locations":[{"start":{"line":1391,"column":16},"end":{"line":1391,"column":44}},{"start":{"line":1391,"column":48},"end":{"line":1391,"column":79}},{"start":{"line":1391,"column":83},"end":{"line":1391,"column":109}}],"line":1391},"120":{"loc":{"start":{"line":1394,"column":12},"end":{"line":1397,"column":13}},"type":"if","locations":[{"start":{"line":1394,"column":12},"end":{"line":1397,"column":13}},{"start":{},"end":{}}],"line":1394},"121":{"loc":{"start":{"line":1531,"column":8},"end":{"line":1531,"column":39}},"type":"if","locations":[{"start":{"line":1531,"column":8},"end":{"line":1531,"column":39}},{"start":{},"end":{}}],"line":1531},"122":{"loc":{"start":{"line":1536,"column":8},"end":{"line":1557,"column":9}},"type":"if","locations":[{"start":{"line":1536,"column":8},"end":{"line":1557,"column":9}},{"start":{"line":1548,"column":15},"end":{"line":1557,"column":9}}],"line":1536},"123":{"loc":{"start":{"line":1538,"column":12},"end":{"line":1544,"column":13}},"type":"if","locations":[{"start":{"line":1538,"column":12},"end":{"line":1544,"column":13}},{"start":{},"end":{}}],"line":1538},"124":{"loc":{"start":{"line":1553,"column":12},"end":{"line":1556,"column":13}},"type":"if","locations":[{"start":{"line":1553,"column":12},"end":{"line":1556,"column":13}},{"start":{},"end":{}}],"line":1553},"125":{"loc":{"start":{"line":1553,"column":16},"end":{"line":1553,"column":56}},"type":"binary-expr","locations":[{"start":{"line":1553,"column":16},"end":{"line":1553,"column":32}},{"start":{"line":1553,"column":36},"end":{"line":1553,"column":56}}],"line":1553},"126":{"loc":{"start":{"line":1563,"column":48},"end":{"line":1563,"column":68}},"type":"cond-expr","locations":[{"start":{"line":1563,"column":59},"end":{"line":1563,"column":62}},{"start":{"line":1563,"column":65},"end":{"line":1563,"column":68}}],"line":1563},"127":{"loc":{"start":{"line":1569,"column":8},"end":{"line":1572,"column":9}},"type":"if","locations":[{"start":{"line":1569,"column":8},"end":{"line":1572,"column":9}},{"start":{},"end":{}}],"line":1569},"128":{"loc":{"start":{"line":2135,"column":33586},"end":{"line":2135,"column":33671}},"type":"cond-expr","locations":[{"start":{"line":2135,"column":33604},"end":{"line":2135,"column":33631}},{"start":{"line":2135,"column":33632},"end":{"line":2135,"column":33671}}],"line":2135}},"s":{"0":2,"1":2,"2":2,"3":2,"4":2,"5":2,"6":2,"7":2,"8":2,"9":2,"10":11,"11":11,"12":11,"13":11,"14":11,"15":11,"16":11,"17":11,"18":11,"19":1,"20":1,"21":11,"22":11,"23":11,"24":11,"25":11,"26":11,"27":11,"28":11,"29":11,"30":22,"31":1,"32":1,"33":22,"34":22,"35":22,"36":22,"37":0,"38":22,"39":22,"40":22,"41":22,"42":22,"43":22,"44":22,"45":22,"46":22,"47":8,"48":8,"49":8,"50":0,"51":0,"52":0,"53":0,"54":8,"55":8,"56":8,"57":22,"58":0,"59":0,"60":11,"61":11,"62":22,"63":22,"64":22,"65":11,"66":11,"67":3,"68":8,"69":22,"70":11,"71":50,"72":50,"73":100,"74":100,"75":0,"76":100,"77":50,"78":0,"79":50,"80":50,"81":0,"82":50,"83":50,"84":50,"85":0,"86":0,"87":0,"88":0,"89":0,"90":0,"91":0,"92":0,"93":0,"94":0,"95":0,"96":0,"97":0,"98":0,"99":0,"100":0,"101":0,"102":0,"103":0,"104":0,"105":0,"106":0,"107":0,"108":0,"109":0,"110":0,"111":0,"112":0,"113":0,"114":0,"115":0,"116":0,"117":0,"118":0,"119":0,"120":50,"121":50,"122":0,"123":50,"124":50,"125":39,"126":39,"127":39,"128":52,"129":52,"130":41,"131":11,"132":11,"133":11,"134":11,"135":0,"136":11,"137":11,"138":2,"139":2,"140":2,"141":2,"142":2,"143":2,"144":2,"145":9,"146":9,"147":0,"148":11,"149":2,"150":11,"151":11,"152":11,"153":11,"154":3,"155":3,"156":8,"157":8,"158":11,"159":3,"160":8,"161":11,"162":11,"163":11,"164":3,"165":11,"166":11,"167":11,"168":11,"169":11,"170":0,"171":0,"172":0,"173":0,"174":0,"175":0,"176":11,"177":11,"178":11,"179":11,"180":11,"181":11,"182":9,"183":11,"184":11,"185":11,"186":11,"187":11,"188":1,"189":11,"190":0,"191":11,"192":2,"193":11,"194":9,"195":11,"196":11,"197":11,"198":11,"199":11,"200":11,"201":11,"202":11,"203":11,"204":11,"205":11,"206":11,"207":11,"208":0,"209":11,"210":0,"211":11,"212":0,"213":0,"214":0,"215":0,"216":0,"217":0,"218":0,"219":0,"220":0,"221":0,"222":0,"223":11,"224":11,"225":11,"226":11,"227":11,"228":11,"229":2,"230":11,"231":55,"232":55,"233":55,"234":11,"235":11,"236":22,"237":11,"238":11,"239":11,"240":1,"241":0,"242":1,"243":1,"244":1,"245":1,"246":2,"247":0,"248":2,"249":1,"250":1,"251":1,"252":1,"253":1,"254":1,"255":1,"256":1,"257":0,"258":1,"259":1,"260":1,"261":1,"262":1,"263":1,"264":0,"265":0,"266":1,"267":1,"268":1,"269":1,"270":1,"271":3,"272":1,"273":1,"274":1,"275":3,"276":3,"277":3,"278":1,"279":1,"280":1,"281":1,"282":1,"283":1,"284":1,"285":1,"286":1,"287":0,"288":3,"289":3,"290":2,"291":2,"292":2,"293":2,"294":1,"295":1,"296":1,"297":1,"298":1,"299":1,"300":1,"301":0,"302":1,"303":1,"304":1,"305":11,"306":11,"307":1,"308":0,"309":1,"310":1,"311":1,"312":1,"313":1,"314":1,"315":1,"316":1,"317":11,"318":1,"319":0,"320":1,"321":1,"322":1,"323":1,"324":1,"325":1,"326":1,"327":1,"328":1,"329":1,"330":1,"331":11,"332":1,"333":1,"334":1,"335":1,"336":1,"337":11,"338":11,"339":11,"340":11,"341":11,"342":11,"343":12,"344":0,"345":12,"346":12,"347":12,"348":12,"349":11,"350":11,"351":11,"352":11,"353":11,"354":11,"355":11,"356":0,"357":11,"358":11,"359":55,"360":11,"361":11,"362":11,"363":11,"364":11,"365":11,"366":22,"367":22,"368":11,"369":0,"370":11,"371":11,"372":11,"373":110,"374":110,"375":110,"376":0,"377":0,"378":0,"379":110,"380":0,"381":0,"382":0,"383":110,"384":2,"385":2,"386":2,"387":0,"388":0,"389":11,"390":0,"391":0,"392":0,"393":0,"394":11,"395":0,"396":11,"397":86,"398":413,"399":413,"400":497,"401":198,"402":299,"403":299,"404":299,"405":299,"406":10,"407":10,"408":299,"409":0,"410":11,"411":11,"412":0,"413":0,"414":0,"415":0,"416":0,"417":0,"418":0,"419":0,"420":0,"421":11,"422":0,"423":0,"424":0,"425":0,"426":0,"427":0,"428":0,"429":11,"430":62,"431":62,"432":1,"433":1,"434":8,"435":11,"436":11,"437":11,"438":11,"439":11,"440":11,"441":11,"442":11,"443":11,"444":11,"445":0,"446":0,"447":0,"448":11,"449":11,"450":11,"451":11,"452":11,"453":11,"454":0,"455":0,"456":0,"457":0,"458":0,"459":0,"460":0,"461":0,"462":11,"463":0,"464":0,"465":0,"466":0,"467":0,"468":0,"469":0,"470":11,"471":20,"472":20,"473":13,"474":1,"475":11,"476":39,"477":11,"478":0,"479":0,"480":0,"481":0,"482":0,"483":0,"484":2,"485":6,"486":6,"487":6,"488":6,"489":6,"490":6,"491":6,"492":6,"493":6,"494":2,"495":0,"496":6,"497":0,"498":6,"499":12,"500":0,"501":12,"502":12,"503":12,"504":6,"505":6,"506":6,"507":6,"508":6,"509":6,"510":6,"511":6,"512":6,"513":6,"514":6,"515":6,"516":6,"517":6,"518":6,"519":0,"520":6,"521":0,"522":6,"523":0,"524":6,"525":6,"526":6,"527":6,"528":6,"529":6,"530":6,"531":6,"532":6,"533":1704,"534":1704,"535":1704,"536":1704,"537":0,"538":1704,"539":0,"540":1704,"541":1,"542":1704,"543":6,"544":6,"545":6,"546":6,"547":1,"548":6,"549":6,"550":6,"551":6,"552":6,"553":6,"554":6,"555":6,"556":6,"557":6,"558":6,"559":6,"560":6,"561":17,"562":17,"563":1,"564":16,"565":16,"566":8,"567":0,"568":0,"569":0,"570":0,"571":8,"572":8,"573":8,"574":8,"575":0,"576":0,"577":2,"578":2,"579":2,"580":2,"581":6,"582":6,"583":1,"584":1,"585":2,"586":2,"587":2,"588":568,"589":2,"590":0,"591":0,"592":2,"593":2,"594":2,"595":2,"596":5928,"597":2},"f":{"0":11,"1":0,"2":0,"3":39,"4":52,"5":0,"6":2,"7":2,"8":3,"9":1,"10":0,"11":2,"12":0,"13":0,"14":0,"15":0,"16":2,"17":55,"18":22,"19":1,"20":0,"21":2,"22":0,"23":1,"24":1,"25":1,"26":1,"27":1,"28":0,"29":55,"30":0,"31":0,"32":0,"33":0,"34":86,"35":497,"36":0,"37":0,"38":0,"39":8,"40":0,"41":0,"42":0,"43":0,"44":0,"45":0,"46":20,"47":13,"48":39,"49":0,"50":0,"51":6,"52":2,"53":0,"54":12,"55":0,"56":0,"57":0,"58":1704,"59":0,"60":0,"61":1,"62":1,"63":17,"64":0,"65":568,"66":0,"67":2,"68":5928},"b":{"0":[8],"1":[1,10],"2":[11,10],"3":[11,0],"4":[11,9],"5":[1,21],"6":[1,0],"7":[22,0],"8":[5,17],"9":[0,22],"10":[8,14],"11":[0,8],"12":[0,0,8],"13":[0,0],"14":[11,11],"15":[3,8],"16":[0,100],"17":[100,100],"18":[0,0],"19":[0,50],"20":[50,0],"21":[0,0],"22":[0,0],"23":[0,0],"24":[0,0],"25":[0,0],"26":[0,0],"27":[0,0],"28":[0,0],"29":[0,0],"30":[0,50],"31":[50],"32":[41,11],"33":[52,48],"34":[11,0],"35":[2,9],"36":[11,11,2],"37":[2,9],"38":[1,1],"39":[11,0],"40":[3,8],"41":[3,8],"42":[3,8],"43":[11,0],"44":[0,0],"45":[0,0],"46":[11,11],"47":[0,11],"48":[9,2],"49":[9,2],"50":[0,11],"51":[0,0],"52":[9,2],"53":[11,11],"54":[0,1],"55":[0,2],"56":[1,1],"57":[1,0],"58":[0,1],"59":[1,0],"60":[0,1],"61":[1,2],"62":[1,0],"63":[0,1],"64":[2,1],"65":[1,0],"66":[0,1],"67":[0,1],"68":[1,0],"69":[0,12],"70":[3,9],"71":[1,10],"72":[1,10],"73":[11,11],"74":[11,0],"75":[11,0],"76":[11,0],"77":[11,0],"78":[17,5],"79":[11,11],"80":[0,110],"81":[110,0],"82":[0,0],"83":[0,110],"84":[110,0],"85":[2,108],"86":[0,2],"87":[2,2,0],"88":[0,0],"89":[0,0],"90":[413,0],"91":[198,299],"92":[299,55],"93":[10,289],"94":[299,55],"95":[0,299],"96":[0,0],"97":[0,0],"98":[0,0],"99":[0,0],"100":[0,0],"101":[0,0],"102":[8,2,1],"103":[11,0],"104":[11,0],"105":[0,0],"106":[0,0],"107":[11,10,9],"108":[0,11],"109":[0,0],"110":[0,0],"111":[0,0],"112":[0,0],"113":[1,12],"114":[13,1],"115":[5],"116":[6,5],"117":[0,2],"118":[0,12],"119":[12,12,12],"120":[12,0],"121":[1,16],"122":[8,8],"123":[0,8],"124":[0,8],"125":[8,0],"126":[1,1],"127":[1,5],"128":[1900,4028]},"_coverageSchema":"1a1c01bbd47fc00a2c39e90264f33305004495a9","hash":"c6ed22ed74251b6cf0df649bca1158ad9f38b001"}
}
