{"C:\\Users\\Ramoncito\\Documents\\GitHub\\inyectortamaclarooscuro\\theme-generator.js": {"path":"C:\\Users\\Ramoncito\\Documents\\GitHub\\inyectortamaclarooscuro\\theme-generator.js","statementMap":{"0":{"start":{"line":10,"column":18},"end":{"line":40,"column":1}},"1":{"start":{"line":43,"column":16},"end":{"line":49,"column":1}},"2":{"start":{"line":50,"column":21},"end":{"line":50,"column":23}},"3":{"start":{"line":51,"column":26},"end":{"line":51,"column":28}},"4":{"start":{"line":52,"column":21},"end":{"line":57,"column":1}},"5":{"start":{"line":60,"column":18},"end":{"line":72,"column":1}},"6":{"start":{"line":74,"column":17},"end":{"line":86,"column":1}},"7":{"start":{"line":93,"column":19},"end":{"line":99,"column":3}},"8":{"start":{"line":100,"column":24},"end":{"line":100,"column":26}},"9":{"start":{"line":101,"column":29},"end":{"line":101,"column":31}},"10":{"start":{"line":106,"column":12},"end":{"line":106,"column":17}},"11":{"start":{"line":107,"column":25},"end":{"line":107,"column":30}},"12":{"start":{"line":108,"column":16},"end":{"line":108,"column":25}},"13":{"start":{"line":111,"column":32},"end":{"line":111,"column":37}},"14":{"start":{"line":112,"column":17},"end":{"line":112,"column":20}},"15":{"start":{"line":115,"column":20},"end":{"line":115,"column":25}},"16":{"start":{"line":116,"column":18},"end":{"line":116,"column":19}},"17":{"start":{"line":119,"column":15},"end":{"line":119,"column":17}},"18":{"start":{"line":127,"column":4},"end":{"line":130,"column":5}},"19":{"start":{"line":128,"column":6},"end":{"line":128,"column":96}},"20":{"start":{"line":129,"column":6},"end":{"line":129,"column":25}},"21":{"start":{"line":132,"column":4},"end":{"line":132,"column":77}},"22":{"start":{"line":133,"column":4},"end":{"line":133,"column":27}},"23":{"start":{"line":136,"column":4},"end":{"line":140,"column":6}},"24":{"start":{"line":141,"column":4},"end":{"line":141,"column":63}},"25":{"start":{"line":142,"column":4},"end":{"line":142,"column":74}},"26":{"start":{"line":143,"column":4},"end":{"line":143,"column":92}},"27":{"start":{"line":144,"column":4},"end":{"line":144,"column":82}},"28":{"start":{"line":147,"column":4},"end":{"line":147,"column":17}},"29":{"start":{"line":155,"column":4},"end":{"line":160,"column":5}},"30":{"start":{"line":156,"column":6},"end":{"line":159,"column":7}},"31":{"start":{"line":157,"column":8},"end":{"line":157,"column":107}},"32":{"start":{"line":158,"column":8},"end":{"line":158,"column":76}},"33":{"start":{"line":170,"column":4},"end":{"line":198,"column":5}},"34":{"start":{"line":172,"column":22},"end":{"line":172,"column":104}},"35":{"start":{"line":173,"column":21},"end":{"line":173,"column":78}},"36":{"start":{"line":174,"column":6},"end":{"line":174,"column":64}},"37":{"start":{"line":174,"column":19},"end":{"line":174,"column":64}},"38":{"start":{"line":177,"column":14},"end":{"line":177,"column":43}},"39":{"start":{"line":178,"column":14},"end":{"line":178,"column":43}},"40":{"start":{"line":179,"column":14},"end":{"line":179,"column":43}},"41":{"start":{"line":181,"column":18},"end":{"line":181,"column":35}},"42":{"start":{"line":181,"column":43},"end":{"line":181,"column":60}},"43":{"start":{"line":182,"column":14},"end":{"line":182,"column":15}},"44":{"start":{"line":182,"column":21},"end":{"line":182,"column":22}},"45":{"start":{"line":182,"column":28},"end":{"line":182,"column":43}},"46":{"start":{"line":185,"column":6},"end":{"line":194,"column":7}},"47":{"start":{"line":186,"column":18},"end":{"line":186,"column":27}},"48":{"start":{"line":187,"column":8},"end":{"line":187,"column":60}},"49":{"start":{"line":188,"column":8},"end":{"line":192,"column":9}},"50":{"start":{"line":189,"column":18},"end":{"line":189,"column":52}},"51":{"start":{"line":189,"column":53},"end":{"line":189,"column":59}},"52":{"start":{"line":190,"column":18},"end":{"line":190,"column":38}},"53":{"start":{"line":190,"column":39},"end":{"line":190,"column":45}},"54":{"start":{"line":191,"column":18},"end":{"line":191,"column":38}},"55":{"start":{"line":191,"column":39},"end":{"line":191,"column":45}},"56":{"start":{"line":193,"column":8},"end":{"line":193,"column":15}},"57":{"start":{"line":197,"column":6},"end":{"line":197,"column":88}},"58":{"start":{"line":199,"column":4},"end":{"line":199,"column":86}},"59":{"start":{"line":200,"column":4},"end":{"line":200,"column":34}},"60":{"start":{"line":210,"column":23},"end":{"line":210,"column":25}},"61":{"start":{"line":211,"column":4},"end":{"line":229,"column":5}},"62":{"start":{"line":212,"column":18},"end":{"line":212,"column":37}},"63":{"start":{"line":213,"column":24},"end":{"line":213,"column":35}},"64":{"start":{"line":219,"column":6},"end":{"line":227,"column":7}},"65":{"start":{"line":221,"column":8},"end":{"line":221,"column":46}},"66":{"start":{"line":222,"column":13},"end":{"line":227,"column":7}},"67":{"start":{"line":224,"column":8},"end":{"line":224,"column":47}},"68":{"start":{"line":226,"column":8},"end":{"line":226,"column":26}},"69":{"start":{"line":228,"column":6},"end":{"line":228,"column":83}},"70":{"start":{"line":230,"column":4},"end":{"line":230,"column":22}},"71":{"start":{"line":239,"column":18},"end":{"line":239,"column":31}},"72":{"start":{"line":240,"column":4},"end":{"line":244,"column":5}},"73":{"start":{"line":241,"column":22},"end":{"line":241,"column":70}},"74":{"start":{"line":242,"column":6},"end":{"line":242,"column":68}},"75":{"start":{"line":242,"column":53},"end":{"line":242,"column":68}},"76":{"start":{"line":243,"column":6},"end":{"line":243,"column":38}},"77":{"start":{"line":245,"column":4},"end":{"line":245,"column":32}},"78":{"start":{"line":254,"column":4},"end":{"line":254,"column":50}},"79":{"start":{"line":263,"column":27},"end":{"line":263,"column":59}},"80":{"start":{"line":264,"column":4},"end":{"line":266,"column":5}},"81":{"start":{"line":265,"column":6},"end":{"line":265,"column":74}},"82":{"start":{"line":271,"column":4},"end":{"line":274,"column":5}},"83":{"start":{"line":272,"column":26},"end":{"line":272,"column":43}},"84":{"start":{"line":273,"column":6},"end":{"line":273,"column":25}},"85":{"start":{"line":276,"column":4},"end":{"line":279,"column":5}},"86":{"start":{"line":277,"column":26},"end":{"line":277,"column":57}},"87":{"start":{"line":277,"column":41},"end":{"line":277,"column":56}},"88":{"start":{"line":278,"column":6},"end":{"line":278,"column":25}},"89":{"start":{"line":281,"column":4},"end":{"line":284,"column":5}},"90":{"start":{"line":282,"column":26},"end":{"line":282,"column":61}},"91":{"start":{"line":282,"column":41},"end":{"line":282,"column":60}},"92":{"start":{"line":283,"column":6},"end":{"line":283,"column":25}},"93":{"start":{"line":286,"column":4},"end":{"line":300,"column":5}},"94":{"start":{"line":287,"column":26},"end":{"line":287,"column":43}},"95":{"start":{"line":288,"column":21},"end":{"line":288,"column":28}},"96":{"start":{"line":288,"column":39},"end":{"line":288,"column":46}},"97":{"start":{"line":289,"column":16},"end":{"line":289,"column":55}},"98":{"start":{"line":290,"column":16},"end":{"line":290,"column":54}},"99":{"start":{"line":291,"column":16},"end":{"line":291,"column":30}},"100":{"start":{"line":292,"column":19},"end":{"line":292,"column":20}},"101":{"start":{"line":292,"column":31},"end":{"line":292,"column":32}},"102":{"start":{"line":292,"column":43},"end":{"line":292,"column":44}},"103":{"start":{"line":293,"column":6},"end":{"line":298,"column":52}},"104":{"start":{"line":293,"column":20},"end":{"line":293,"column":57}},"105":{"start":{"line":294,"column":11},"end":{"line":298,"column":52}},"106":{"start":{"line":294,"column":26},"end":{"line":294,"column":63}},"107":{"start":{"line":295,"column":11},"end":{"line":298,"column":52}},"108":{"start":{"line":295,"column":26},"end":{"line":295,"column":63}},"109":{"start":{"line":296,"column":11},"end":{"line":298,"column":52}},"110":{"start":{"line":296,"column":26},"end":{"line":296,"column":63}},"111":{"start":{"line":297,"column":11},"end":{"line":298,"column":52}},"112":{"start":{"line":297,"column":26},"end":{"line":297,"column":63}},"113":{"start":{"line":298,"column":13},"end":{"line":298,"column":50}},"114":{"start":{"line":299,"column":6},"end":{"line":299,"column":121}},"115":{"start":{"line":302,"column":21},"end":{"line":302,"column":57}},"116":{"start":{"line":303,"column":4},"end":{"line":306,"column":5}},"117":{"start":{"line":304,"column":6},"end":{"line":304,"column":53}},"118":{"start":{"line":305,"column":6},"end":{"line":305,"column":46}},"119":{"start":{"line":308,"column":4},"end":{"line":308,"column":16}},"120":{"start":{"line":317,"column":16},"end":{"line":317,"column":51}},"121":{"start":{"line":318,"column":4},"end":{"line":318,"column":27}},"122":{"start":{"line":318,"column":14},"end":{"line":318,"column":27}},"123":{"start":{"line":322,"column":23},"end":{"line":322,"column":68}},"124":{"start":{"line":323,"column":4},"end":{"line":323,"column":27}},"125":{"start":{"line":331,"column":24},"end":{"line":331,"column":59}},"126":{"start":{"line":332,"column":4},"end":{"line":332,"column":63}},"127":{"start":{"line":333,"column":4},"end":{"line":333,"column":32}},"128":{"start":{"line":342,"column":4},"end":{"line":385,"column":5}},"129":{"start":{"line":344,"column":6},"end":{"line":344,"column":109}},"130":{"start":{"line":344,"column":102},"end":{"line":344,"column":109}},"131":{"start":{"line":346,"column":6},"end":{"line":346,"column":28}},"132":{"start":{"line":349,"column":6},"end":{"line":352,"column":7}},"133":{"start":{"line":350,"column":8},"end":{"line":350,"column":57}},"134":{"start":{"line":351,"column":8},"end":{"line":351,"column":135}},"135":{"start":{"line":351,"column":66},"end":{"line":351,"column":117}},"136":{"start":{"line":354,"column":6},"end":{"line":354,"column":71}},"137":{"start":{"line":358,"column":6},"end":{"line":382,"column":7}},"138":{"start":{"line":359,"column":18},"end":{"line":359,"column":31}},"139":{"start":{"line":360,"column":18},"end":{"line":360,"column":31}},"140":{"start":{"line":361,"column":26},"end":{"line":364,"column":9}},"141":{"start":{"line":366,"column":27},"end":{"line":368,"column":10}},"142":{"start":{"line":367,"column":10},"end":{"line":367,"column":48}},"143":{"start":{"line":370,"column":8},"end":{"line":378,"column":11}},"144":{"start":{"line":371,"column":10},"end":{"line":377,"column":12}},"145":{"start":{"line":380,"column":8},"end":{"line":380,"column":59}},"146":{"start":{"line":381,"column":8},"end":{"line":381,"column":46}},"147":{"start":{"line":384,"column":6},"end":{"line":384,"column":51}},"148":{"start":{"line":394,"column":4},"end":{"line":396,"column":5}},"149":{"start":{"line":395,"column":6},"end":{"line":395,"column":80}},"150":{"start":{"line":399,"column":23},"end":{"line":399,"column":65}},"151":{"start":{"line":400,"column":4},"end":{"line":400,"column":106}},"152":{"start":{"line":400,"column":20},"end":{"line":400,"column":106}},"153":{"start":{"line":404,"column":4},"end":{"line":410,"column":5}},"154":{"start":{"line":405,"column":6},"end":{"line":405,"column":51}},"155":{"start":{"line":406,"column":6},"end":{"line":406,"column":55}},"156":{"start":{"line":408,"column":6},"end":{"line":408,"column":52}},"157":{"start":{"line":409,"column":6},"end":{"line":409,"column":54}},"158":{"start":{"line":414,"column":4},"end":{"line":418,"column":5}},"159":{"start":{"line":415,"column":6},"end":{"line":415,"column":70}},"160":{"start":{"line":417,"column":6},"end":{"line":417,"column":61}},"161":{"start":{"line":421,"column":4},"end":{"line":421,"column":76}},"162":{"start":{"line":424,"column":4},"end":{"line":426,"column":8}},"163":{"start":{"line":429,"column":4},"end":{"line":429,"column":80}},"164":{"start":{"line":429,"column":32},"end":{"line":429,"column":78}},"165":{"start":{"line":432,"column":4},"end":{"line":432,"column":31}},"166":{"start":{"line":436,"column":4},"end":{"line":447,"column":5}},"167":{"start":{"line":437,"column":31},"end":{"line":437,"column":74}},"168":{"start":{"line":438,"column":6},"end":{"line":438,"column":41}},"169":{"start":{"line":438,"column":29},"end":{"line":438,"column":41}},"170":{"start":{"line":440,"column":28},"end":{"line":440,"column":56}},"171":{"start":{"line":441,"column":6},"end":{"line":443,"column":7}},"172":{"start":{"line":442,"column":8},"end":{"line":442,"column":82}},"173":{"start":{"line":445,"column":6},"end":{"line":445,"column":67}},"174":{"start":{"line":446,"column":6},"end":{"line":446,"column":53}},"175":{"start":{"line":448,"column":4},"end":{"line":448,"column":16}},"176":{"start":{"line":453,"column":4},"end":{"line":453,"column":59}},"177":{"start":{"line":454,"column":4},"end":{"line":454,"column":57}},"178":{"start":{"line":455,"column":4},"end":{"line":455,"column":73}},"179":{"start":{"line":457,"column":34},"end":{"line":460,"column":5}},"180":{"start":{"line":462,"column":4},"end":{"line":472,"column":7}},"181":{"start":{"line":475,"column":4},"end":{"line":477,"column":5}},"182":{"start":{"line":476,"column":6},"end":{"line":476,"column":62}},"183":{"start":{"line":480,"column":4},"end":{"line":480,"column":58}},"184":{"start":{"line":481,"column":4},"end":{"line":481,"column":50}},"185":{"start":{"line":482,"column":4},"end":{"line":482,"column":87}},"186":{"start":{"line":484,"column":4},"end":{"line":499,"column":7}},"187":{"start":{"line":501,"column":4},"end":{"line":501,"column":110}},"188":{"start":{"line":501,"column":59},"end":{"line":501,"column":108}},"189":{"start":{"line":502,"column":4},"end":{"line":502,"column":107}},"190":{"start":{"line":502,"column":58},"end":{"line":502,"column":105}},"191":{"start":{"line":503,"column":4},"end":{"line":503,"column":95}},"192":{"start":{"line":503,"column":56},"end":{"line":503,"column":93}},"193":{"start":{"line":505,"column":4},"end":{"line":507,"column":5}},"194":{"start":{"line":506,"column":6},"end":{"line":506,"column":109}},"195":{"start":{"line":512,"column":4},"end":{"line":512,"column":54}},"196":{"start":{"line":513,"column":4},"end":{"line":513,"column":59}},"197":{"start":{"line":514,"column":4},"end":{"line":514,"column":71}},"198":{"start":{"line":515,"column":4},"end":{"line":515,"column":48}},"199":{"start":{"line":522,"column":24},"end":{"line":522,"column":36}},"200":{"start":{"line":526,"column":26},"end":{"line":526,"column":48}},"201":{"start":{"line":527,"column":4},"end":{"line":527,"column":62}},"202":{"start":{"line":528,"column":4},"end":{"line":528,"column":63}},"203":{"start":{"line":534,"column":25},"end":{"line":534,"column":54}},"204":{"start":{"line":535,"column":4},"end":{"line":535,"column":44}},"205":{"start":{"line":536,"column":4},"end":{"line":542,"column":7}},"206":{"start":{"line":543,"column":4},"end":{"line":543,"column":73}},"207":{"start":{"line":546,"column":4},"end":{"line":546,"column":114}},"208":{"start":{"line":546,"column":64},"end":{"line":546,"column":112}},"209":{"start":{"line":547,"column":4},"end":{"line":547,"column":115}},"210":{"start":{"line":547,"column":64},"end":{"line":547,"column":113}},"211":{"start":{"line":549,"column":4},"end":{"line":576,"column":5}},"212":{"start":{"line":550,"column":6},"end":{"line":550,"column":61}},"213":{"start":{"line":551,"column":6},"end":{"line":551,"column":42}},"214":{"start":{"line":552,"column":6},"end":{"line":552,"column":81}},"215":{"start":{"line":553,"column":6},"end":{"line":553,"column":73}},"216":{"start":{"line":554,"column":6},"end":{"line":567,"column":9}},"217":{"start":{"line":568,"column":6},"end":{"line":570,"column":9}},"218":{"start":{"line":569,"column":8},"end":{"line":569,"column":57}},"219":{"start":{"line":571,"column":6},"end":{"line":574,"column":9}},"220":{"start":{"line":572,"column":8},"end":{"line":572,"column":75}},"221":{"start":{"line":573,"column":8},"end":{"line":573,"column":62}},"222":{"start":{"line":575,"column":6},"end":{"line":575,"column":52}},"223":{"start":{"line":579,"column":35},"end":{"line":579,"column":67}},"224":{"start":{"line":580,"column":4},"end":{"line":580,"column":49}},"225":{"start":{"line":581,"column":4},"end":{"line":581,"column":141}},"226":{"start":{"line":582,"column":4},"end":{"line":582,"column":116}},"227":{"start":{"line":584,"column":4},"end":{"line":603,"column":7}},"228":{"start":{"line":604,"column":4},"end":{"line":604,"column":112}},"229":{"start":{"line":604,"column":66},"end":{"line":604,"column":110}},"230":{"start":{"line":605,"column":4},"end":{"line":609,"column":7}},"231":{"start":{"line":606,"column":8},"end":{"line":606,"column":78}},"232":{"start":{"line":607,"column":8},"end":{"line":607,"column":65}},"233":{"start":{"line":608,"column":8},"end":{"line":608,"column":86}},"234":{"start":{"line":611,"column":4},"end":{"line":611,"column":53}},"235":{"start":{"line":615,"column":4},"end":{"line":618,"column":7}},"236":{"start":{"line":616,"column":6},"end":{"line":616,"column":23}},"237":{"start":{"line":616,"column":16},"end":{"line":616,"column":23}},"238":{"start":{"line":617,"column":6},"end":{"line":617,"column":50}},"239":{"start":{"line":620,"column":4},"end":{"line":620,"column":24}},"240":{"start":{"line":626,"column":4},"end":{"line":626,"column":41}},"241":{"start":{"line":626,"column":34},"end":{"line":626,"column":41}},"242":{"start":{"line":627,"column":4},"end":{"line":627,"column":27}},"243":{"start":{"line":630,"column":4},"end":{"line":630,"column":48}},"244":{"start":{"line":633,"column":4},"end":{"line":633,"column":94}},"245":{"start":{"line":636,"column":4},"end":{"line":636,"column":87}},"246":{"start":{"line":640,"column":4},"end":{"line":640,"column":58}},"247":{"start":{"line":640,"column":51},"end":{"line":640,"column":58}},"248":{"start":{"line":642,"column":4},"end":{"line":678,"column":5}},"249":{"start":{"line":643,"column":6},"end":{"line":643,"column":29}},"250":{"start":{"line":646,"column":26},"end":{"line":646,"column":95}},"251":{"start":{"line":647,"column":6},"end":{"line":650,"column":7}},"252":{"start":{"line":648,"column":8},"end":{"line":648,"column":43}},"253":{"start":{"line":649,"column":8},"end":{"line":649,"column":53}},"254":{"start":{"line":652,"column":6},"end":{"line":652,"column":65}},"255":{"start":{"line":654,"column":6},"end":{"line":658,"column":15}},"256":{"start":{"line":655,"column":8},"end":{"line":655,"column":45}},"257":{"start":{"line":655,"column":38},"end":{"line":655,"column":45}},"258":{"start":{"line":656,"column":8},"end":{"line":656,"column":110}},"259":{"start":{"line":657,"column":8},"end":{"line":657,"column":31}},"260":{"start":{"line":660,"column":11},"end":{"line":678,"column":5}},"261":{"start":{"line":661,"column":6},"end":{"line":661,"column":29}},"262":{"start":{"line":664,"column":29},"end":{"line":664,"column":105}},"263":{"start":{"line":665,"column":6},"end":{"line":668,"column":7}},"264":{"start":{"line":666,"column":8},"end":{"line":666,"column":46}},"265":{"start":{"line":667,"column":8},"end":{"line":667,"column":56}},"266":{"start":{"line":671,"column":6},"end":{"line":671,"column":34}},"267":{"start":{"line":672,"column":6},"end":{"line":672,"column":53}},"268":{"start":{"line":673,"column":6},"end":{"line":673,"column":65}},"269":{"start":{"line":674,"column":6},"end":{"line":674,"column":58}},"270":{"start":{"line":677,"column":6},"end":{"line":677,"column":85}},"271":{"start":{"line":682,"column":4},"end":{"line":686,"column":5}},"272":{"start":{"line":683,"column":6},"end":{"line":683,"column":60}},"273":{"start":{"line":684,"column":6},"end":{"line":684,"column":58}},"274":{"start":{"line":685,"column":6},"end":{"line":685,"column":64}},"275":{"start":{"line":687,"column":4},"end":{"line":687,"column":48}},"276":{"start":{"line":688,"column":4},"end":{"line":688,"column":46}},"277":{"start":{"line":689,"column":4},"end":{"line":689,"column":69}},"278":{"start":{"line":693,"column":4},"end":{"line":696,"column":5}},"279":{"start":{"line":694,"column":6},"end":{"line":694,"column":48}},"280":{"start":{"line":695,"column":6},"end":{"line":695,"column":76}},"281":{"start":{"line":705,"column":21},"end":{"line":705,"column":51}},"282":{"start":{"line":706,"column":4},"end":{"line":706,"column":50}},"283":{"start":{"line":708,"column":4},"end":{"line":708,"column":76}},"284":{"start":{"line":710,"column":4},"end":{"line":713,"column":7}},"285":{"start":{"line":715,"column":4},"end":{"line":715,"column":40}},"286":{"start":{"line":717,"column":4},"end":{"line":717,"column":78}},"287":{"start":{"line":717,"column":59},"end":{"line":717,"column":76}},"288":{"start":{"line":720,"column":6},"end":{"line":720,"column":46}},"289":{"start":{"line":721,"column":6},"end":{"line":738,"column":7}},"290":{"start":{"line":722,"column":10},"end":{"line":722,"column":60}},"291":{"start":{"line":723,"column":10},"end":{"line":723,"column":91}},"292":{"start":{"line":724,"column":10},"end":{"line":724,"column":142}},"293":{"start":{"line":724,"column":79},"end":{"line":724,"column":124}},"294":{"start":{"line":726,"column":10},"end":{"line":726,"column":55}},"295":{"start":{"line":727,"column":10},"end":{"line":727,"column":56}},"296":{"start":{"line":728,"column":10},"end":{"line":728,"column":126}},"297":{"start":{"line":730,"column":30},"end":{"line":730,"column":102}},"298":{"start":{"line":731,"column":10},"end":{"line":731,"column":109}},"299":{"start":{"line":731,"column":27},"end":{"line":731,"column":109}},"300":{"start":{"line":733,"column":10},"end":{"line":733,"column":140}},"301":{"start":{"line":733,"column":79},"end":{"line":733,"column":122}},"302":{"start":{"line":736,"column":10},"end":{"line":736,"column":154}},"303":{"start":{"line":737,"column":10},"end":{"line":737,"column":61}},"304":{"start":{"line":737,"column":27},"end":{"line":737,"column":53}},"305":{"start":{"line":746,"column":21},"end":{"line":746,"column":26}},"306":{"start":{"line":750,"column":24},"end":{"line":763,"column":5}},"307":{"start":{"line":751,"column":6},"end":{"line":751,"column":33}},"308":{"start":{"line":751,"column":26},"end":{"line":751,"column":33}},"309":{"start":{"line":753,"column":6},"end":{"line":753,"column":24}},"310":{"start":{"line":754,"column":19},"end":{"line":754,"column":50}},"311":{"start":{"line":755,"column":6},"end":{"line":755,"column":38}},"312":{"start":{"line":756,"column":6},"end":{"line":756,"column":37}},"313":{"start":{"line":758,"column":6},"end":{"line":758,"column":40}},"314":{"start":{"line":759,"column":6},"end":{"line":759,"column":40}},"315":{"start":{"line":761,"column":6},"end":{"line":761,"column":65}},"316":{"start":{"line":762,"column":6},"end":{"line":762,"column":77}},"317":{"start":{"line":765,"column":24},"end":{"line":784,"column":5}},"318":{"start":{"line":766,"column":6},"end":{"line":766,"column":30}},"319":{"start":{"line":766,"column":23},"end":{"line":766,"column":30}},"320":{"start":{"line":769,"column":6},"end":{"line":776,"column":7}},"321":{"start":{"line":770,"column":8},"end":{"line":775,"column":30}},"322":{"start":{"line":772,"column":23},"end":{"line":772,"column":54}},"323":{"start":{"line":773,"column":10},"end":{"line":773,"column":87}},"324":{"start":{"line":774,"column":10},"end":{"line":774,"column":31}},"325":{"start":{"line":778,"column":16},"end":{"line":778,"column":99}},"326":{"start":{"line":779,"column":16},"end":{"line":779,"column":101}},"327":{"start":{"line":780,"column":6},"end":{"line":780,"column":36}},"328":{"start":{"line":781,"column":6},"end":{"line":781,"column":35}},"329":{"start":{"line":782,"column":6},"end":{"line":782,"column":36}},"330":{"start":{"line":783,"column":6},"end":{"line":783,"column":35}},"331":{"start":{"line":786,"column":22},"end":{"line":794,"column":5}},"332":{"start":{"line":787,"column":6},"end":{"line":787,"column":25}},"333":{"start":{"line":788,"column":6},"end":{"line":788,"column":39}},"334":{"start":{"line":789,"column":6},"end":{"line":789,"column":100}},"335":{"start":{"line":790,"column":6},"end":{"line":790,"column":68}},"336":{"start":{"line":793,"column":6},"end":{"line":793,"column":120}},"337":{"start":{"line":796,"column":4},"end":{"line":796,"column":55}},"338":{"start":{"line":804,"column":23},"end":{"line":804,"column":52}},"339":{"start":{"line":805,"column":4},"end":{"line":805,"column":38}},"340":{"start":{"line":806,"column":4},"end":{"line":806,"column":51}},"341":{"start":{"line":807,"column":4},"end":{"line":807,"column":180}},"342":{"start":{"line":808,"column":4},"end":{"line":808,"column":42}},"343":{"start":{"line":816,"column":4},"end":{"line":816,"column":36}},"344":{"start":{"line":816,"column":29},"end":{"line":816,"column":36}},"345":{"start":{"line":818,"column":4},"end":{"line":818,"column":71}},"346":{"start":{"line":820,"column":4},"end":{"line":820,"column":70}},"347":{"start":{"line":821,"column":4},"end":{"line":821,"column":78}},"348":{"start":{"line":822,"column":4},"end":{"line":822,"column":57}},"349":{"start":{"line":827,"column":25},"end":{"line":827,"column":78}},"350":{"start":{"line":828,"column":26},"end":{"line":828,"column":55}},"351":{"start":{"line":829,"column":28},"end":{"line":829,"column":57}},"352":{"start":{"line":830,"column":61},"end":{"line":830,"column":80}},"353":{"start":{"line":831,"column":23},"end":{"line":831,"column":49}},"354":{"start":{"line":834,"column":27},"end":{"line":834,"column":129}},"355":{"start":{"line":835,"column":27},"end":{"line":835,"column":97}},"356":{"start":{"line":835,"column":75},"end":{"line":835,"column":96}},"357":{"start":{"line":836,"column":34},"end":{"line":836,"column":86}},"358":{"start":{"line":837,"column":31},"end":{"line":837,"column":109}},"359":{"start":{"line":837,"column":64},"end":{"line":837,"column":96}},"360":{"start":{"line":839,"column":4},"end":{"line":908,"column":6}},"361":{"start":{"line":912,"column":41},"end":{"line":912,"column":60}},"362":{"start":{"line":913,"column":4},"end":{"line":1039,"column":6}},"363":{"start":{"line":1043,"column":25},"end":{"line":1043,"column":56}},"364":{"start":{"line":1045,"column":4},"end":{"line":1045,"column":96}},"365":{"start":{"line":1046,"column":4},"end":{"line":1046,"column":44}},"366":{"start":{"line":1055,"column":19},"end":{"line":1055,"column":72}},"367":{"start":{"line":1056,"column":4},"end":{"line":1057,"column":30}},"368":{"start":{"line":1065,"column":31},"end":{"line":1065,"column":103}},"369":{"start":{"line":1065,"column":79},"end":{"line":1065,"column":102}},"370":{"start":{"line":1069,"column":24},"end":{"line":1069,"column":85}},"371":{"start":{"line":1071,"column":4},"end":{"line":1099,"column":5}},"372":{"start":{"line":1071,"column":17},"end":{"line":1071,"column":18}},"373":{"start":{"line":1072,"column":17},"end":{"line":1072,"column":31}},"374":{"start":{"line":1075,"column":28},"end":{"line":1075,"column":55}},"375":{"start":{"line":1076,"column":6},"end":{"line":1082,"column":7}},"376":{"start":{"line":1078,"column":8},"end":{"line":1081,"column":9}},"377":{"start":{"line":1079,"column":10},"end":{"line":1079,"column":65}},"378":{"start":{"line":1080,"column":10},"end":{"line":1080,"column":19}},"379":{"start":{"line":1085,"column":6},"end":{"line":1088,"column":7}},"380":{"start":{"line":1085,"column":73},"end":{"line":1085,"column":79}},"381":{"start":{"line":1086,"column":8},"end":{"line":1086,"column":50}},"382":{"start":{"line":1087,"column":8},"end":{"line":1087,"column":17}},"383":{"start":{"line":1091,"column":6},"end":{"line":1098,"column":7}},"384":{"start":{"line":1092,"column":26},"end":{"line":1092,"column":60}},"385":{"start":{"line":1093,"column":32},"end":{"line":1093,"column":86}},"386":{"start":{"line":1094,"column":8},"end":{"line":1097,"column":9}},"387":{"start":{"line":1095,"column":10},"end":{"line":1095,"column":47}},"388":{"start":{"line":1096,"column":10},"end":{"line":1096,"column":60}},"389":{"start":{"line":1108,"column":32},"end":{"line":1114,"column":5}},"390":{"start":{"line":1109,"column":22},"end":{"line":1109,"column":34}},"391":{"start":{"line":1110,"column":6},"end":{"line":1113,"column":7}},"392":{"start":{"line":1111,"column":8},"end":{"line":1111,"column":93}},"393":{"start":{"line":1112,"column":8},"end":{"line":1112,"column":67}},"394":{"start":{"line":1117,"column":4},"end":{"line":1119,"column":7}},"395":{"start":{"line":1118,"column":6},"end":{"line":1118,"column":69}},"396":{"start":{"line":1121,"column":4},"end":{"line":1149,"column":7}},"397":{"start":{"line":1122,"column":6},"end":{"line":1148,"column":7}},"398":{"start":{"line":1123,"column":8},"end":{"line":1147,"column":9}},"399":{"start":{"line":1124,"column":10},"end":{"line":1146,"column":13}},"400":{"start":{"line":1126,"column":12},"end":{"line":1126,"column":60}},"401":{"start":{"line":1126,"column":53},"end":{"line":1126,"column":60}},"402":{"start":{"line":1129,"column":12},"end":{"line":1129,"column":61}},"403":{"start":{"line":1129,"column":54},"end":{"line":1129,"column":61}},"404":{"start":{"line":1133,"column":26},"end":{"line":1133,"column":55}},"405":{"start":{"line":1134,"column":27},"end":{"line":1134,"column":53}},"406":{"start":{"line":1135,"column":34},"end":{"line":1135,"column":77}},"407":{"start":{"line":1137,"column":12},"end":{"line":1140,"column":13}},"408":{"start":{"line":1138,"column":14},"end":{"line":1138,"column":95}},"409":{"start":{"line":1139,"column":14},"end":{"line":1139,"column":68}},"410":{"start":{"line":1143,"column":12},"end":{"line":1145,"column":13}},"411":{"start":{"line":1144,"column":14},"end":{"line":1144,"column":74}},"412":{"start":{"line":1151,"column":4},"end":{"line":1154,"column":7}},"413":{"start":{"line":1161,"column":25},"end":{"line":1177,"column":5}},"414":{"start":{"line":1163,"column":6},"end":{"line":1165,"column":7}},"415":{"start":{"line":1164,"column":8},"end":{"line":1164,"column":15}},"416":{"start":{"line":1167,"column":6},"end":{"line":1167,"column":95}},"417":{"start":{"line":1170,"column":28},"end":{"line":1170,"column":102}},"418":{"start":{"line":1171,"column":6},"end":{"line":1176,"column":7}},"419":{"start":{"line":1172,"column":29},"end":{"line":1172,"column":56}},"420":{"start":{"line":1173,"column":8},"end":{"line":1173,"column":45}},"421":{"start":{"line":1174,"column":8},"end":{"line":1174,"column":37}},"422":{"start":{"line":1175,"column":8},"end":{"line":1175,"column":43}},"423":{"start":{"line":1179,"column":20},"end":{"line":1192,"column":5}},"424":{"start":{"line":1180,"column":6},"end":{"line":1191,"column":7}},"425":{"start":{"line":1182,"column":20},"end":{"line":1182,"column":78}},"426":{"start":{"line":1183,"column":8},"end":{"line":1188,"column":9}},"427":{"start":{"line":1184,"column":10},"end":{"line":1184,"column":37}},"428":{"start":{"line":1185,"column":15},"end":{"line":1188,"column":9}},"429":{"start":{"line":1187,"column":10},"end":{"line":1187,"column":100}},"430":{"start":{"line":1187,"column":56},"end":{"line":1187,"column":82}},"431":{"start":{"line":1194,"column":4},"end":{"line":1194,"column":65}},"432":{"start":{"line":1205,"column":4},"end":{"line":1205,"column":53}},"433":{"start":{"line":1206,"column":4},"end":{"line":1206,"column":62}},"434":{"start":{"line":1216,"column":4},"end":{"line":1216,"column":47}},"435":{"start":{"line":1217,"column":4},"end":{"line":1219,"column":6}},"436":{"start":{"line":1218,"column":11},"end":{"line":1218,"column":79}},"437":{"start":{"line":1226,"column":27},"end":{"line":1226,"column":53}},"438":{"start":{"line":1230,"column":4},"end":{"line":1230,"column":29}},"439":{"start":{"line":1231,"column":4},"end":{"line":1231,"column":29}},"440":{"start":{"line":1232,"column":4},"end":{"line":1234,"column":5}},"441":{"start":{"line":1233,"column":6},"end":{"line":1233,"column":33}},"442":{"start":{"line":1235,"column":4},"end":{"line":1235,"column":38}},"443":{"start":{"line":1236,"column":4},"end":{"line":1236,"column":36}},"444":{"start":{"line":1238,"column":4},"end":{"line":1247,"column":5}},"445":{"start":{"line":1239,"column":6},"end":{"line":1239,"column":33}},"446":{"start":{"line":1241,"column":6},"end":{"line":1246,"column":9}},"447":{"start":{"line":1242,"column":8},"end":{"line":1245,"column":9}},"448":{"start":{"line":1243,"column":10},"end":{"line":1243,"column":107}},"449":{"start":{"line":1244,"column":10},"end":{"line":1244,"column":96}},"450":{"start":{"line":1250,"column":4},"end":{"line":1250,"column":87}},"451":{"start":{"line":1253,"column":28},"end":{"line":1253,"column":68}},"452":{"start":{"line":1255,"column":29},"end":{"line":1255,"column":78}},"453":{"start":{"line":1256,"column":31},"end":{"line":1256,"column":115}},"454":{"start":{"line":1258,"column":4},"end":{"line":1258,"column":38}},"455":{"start":{"line":1261,"column":4},"end":{"line":1278,"column":5}},"456":{"start":{"line":1262,"column":27},"end":{"line":1262,"column":40}},"457":{"start":{"line":1264,"column":6},"end":{"line":1267,"column":9}},"458":{"start":{"line":1265,"column":8},"end":{"line":1265,"column":83}},"459":{"start":{"line":1266,"column":8},"end":{"line":1266,"column":46}},"460":{"start":{"line":1270,"column":6},"end":{"line":1274,"column":9}},"461":{"start":{"line":1271,"column":8},"end":{"line":1273,"column":9}},"462":{"start":{"line":1272,"column":10},"end":{"line":1272,"column":50}},"463":{"start":{"line":1277,"column":6},"end":{"line":1277,"column":60}},"464":{"start":{"line":1282,"column":4},"end":{"line":1295,"column":7}},"465":{"start":{"line":1284,"column":6},"end":{"line":1286,"column":7}},"466":{"start":{"line":1285,"column":8},"end":{"line":1285,"column":15}},"467":{"start":{"line":1288,"column":6},"end":{"line":1288,"column":34}},"468":{"start":{"line":1289,"column":6},"end":{"line":1294,"column":14}},"469":{"start":{"line":1291,"column":8},"end":{"line":1293,"column":9}},"470":{"start":{"line":1292,"column":10},"end":{"line":1292,"column":64}},"471":{"start":{"line":1292,"column":38},"end":{"line":1292,"column":62}},"472":{"start":{"line":1298,"column":4},"end":{"line":1305,"column":7}},"473":{"start":{"line":1299,"column":6},"end":{"line":1299,"column":34}},"474":{"start":{"line":1300,"column":6},"end":{"line":1304,"column":14}},"475":{"start":{"line":1301,"column":8},"end":{"line":1303,"column":9}},"476":{"start":{"line":1302,"column":10},"end":{"line":1302,"column":56}},"477":{"start":{"line":1308,"column":21},"end":{"line":1308,"column":76}},"478":{"start":{"line":1308,"column":48},"end":{"line":1308,"column":75}},"479":{"start":{"line":1309,"column":4},"end":{"line":1309,"column":95}},"480":{"start":{"line":1318,"column":4},"end":{"line":1318,"column":37}},"481":{"start":{"line":1319,"column":4},"end":{"line":1319,"column":38}},"482":{"start":{"line":1322,"column":4},"end":{"line":1324,"column":7}},"483":{"start":{"line":1323,"column":6},"end":{"line":1323,"column":58}},"484":{"start":{"line":1325,"column":4},"end":{"line":1325,"column":25}},"485":{"start":{"line":1327,"column":4},"end":{"line":1327,"column":77}},"486":{"start":{"line":1336,"column":22},"end":{"line":1339,"column":1}},"487":{"start":{"line":1364,"column":19},"end":{"line":1364,"column":22}},"488":{"start":{"line":1368,"column":8},"end":{"line":1368,"column":40}},"489":{"start":{"line":1369,"column":8},"end":{"line":1369,"column":55}},"490":{"start":{"line":1370,"column":8},"end":{"line":1370,"column":60}},"491":{"start":{"line":1371,"column":8},"end":{"line":1371,"column":21}},"492":{"start":{"line":1375,"column":8},"end":{"line":1375,"column":40}},"493":{"start":{"line":1376,"column":8},"end":{"line":1376,"column":28}},"494":{"start":{"line":1378,"column":8},"end":{"line":1378,"column":35}},"495":{"start":{"line":1381,"column":8},"end":{"line":1385,"column":11}},"496":{"start":{"line":1382,"column":12},"end":{"line":1384,"column":13}},"497":{"start":{"line":1383,"column":16},"end":{"line":1383,"column":40}},"498":{"start":{"line":1388,"column":8},"end":{"line":1390,"column":11}},"499":{"start":{"line":1389,"column":12},"end":{"line":1389,"column":37}},"500":{"start":{"line":1393,"column":8},"end":{"line":1401,"column":11}},"501":{"start":{"line":1394,"column":12},"end":{"line":1396,"column":13}},"502":{"start":{"line":1395,"column":16},"end":{"line":1395,"column":23}},"503":{"start":{"line":1397,"column":12},"end":{"line":1400,"column":13}},"504":{"start":{"line":1398,"column":39},"end":{"line":1398,"column":76}},"505":{"start":{"line":1399,"column":16},"end":{"line":1399,"column":50}},"506":{"start":{"line":1405,"column":8},"end":{"line":1405,"column":64}},"507":{"start":{"line":1406,"column":8},"end":{"line":1406,"column":65}},"508":{"start":{"line":1407,"column":8},"end":{"line":1416,"column":11}},"509":{"start":{"line":1418,"column":8},"end":{"line":1418,"column":81}},"510":{"start":{"line":1419,"column":8},"end":{"line":1419,"column":59}},"511":{"start":{"line":1423,"column":8},"end":{"line":1423,"column":52}},"512":{"start":{"line":1424,"column":8},"end":{"line":1424,"column":51}},"513":{"start":{"line":1425,"column":8},"end":{"line":1435,"column":11}},"514":{"start":{"line":1437,"column":8},"end":{"line":1437,"column":59}},"515":{"start":{"line":1438,"column":8},"end":{"line":1445,"column":11}},"516":{"start":{"line":1448,"column":8},"end":{"line":1448,"column":64}},"517":{"start":{"line":1449,"column":8},"end":{"line":1449,"column":53}},"518":{"start":{"line":1450,"column":8},"end":{"line":1450,"column":128}},"519":{"start":{"line":1451,"column":8},"end":{"line":1460,"column":11}},"520":{"start":{"line":1461,"column":8},"end":{"line":1461,"column":88}},"521":{"start":{"line":1461,"column":63},"end":{"line":1461,"column":86}},"522":{"start":{"line":1464,"column":8},"end":{"line":1464,"column":123}},"523":{"start":{"line":1464,"column":68},"end":{"line":1464,"column":121}},"524":{"start":{"line":1465,"column":8},"end":{"line":1465,"column":121}},"525":{"start":{"line":1465,"column":68},"end":{"line":1465,"column":119}},"526":{"start":{"line":1467,"column":23},"end":{"line":1467,"column":51}},"527":{"start":{"line":1468,"column":8},"end":{"line":1468,"column":56}},"528":{"start":{"line":1469,"column":8},"end":{"line":1473,"column":11}},"529":{"start":{"line":1475,"column":21},"end":{"line":1475,"column":50}},"530":{"start":{"line":1476,"column":8},"end":{"line":1476,"column":36}},"531":{"start":{"line":1477,"column":8},"end":{"line":1477,"column":81}},"532":{"start":{"line":1478,"column":8},"end":{"line":1478,"column":32}},"533":{"start":{"line":1479,"column":8},"end":{"line":1479,"column":38}},"534":{"start":{"line":1481,"column":8},"end":{"line":1495,"column":11}},"535":{"start":{"line":1482,"column":27},"end":{"line":1482,"column":56}},"536":{"start":{"line":1483,"column":12},"end":{"line":1483,"column":41}},"537":{"start":{"line":1484,"column":12},"end":{"line":1490,"column":15}},"538":{"start":{"line":1491,"column":12},"end":{"line":1491,"column":95}},"539":{"start":{"line":1491,"column":55},"end":{"line":1491,"column":93}},"540":{"start":{"line":1492,"column":12},"end":{"line":1492,"column":91}},"541":{"start":{"line":1492,"column":54},"end":{"line":1492,"column":89}},"542":{"start":{"line":1493,"column":12},"end":{"line":1493,"column":91}},"543":{"start":{"line":1493,"column":51},"end":{"line":1493,"column":89}},"544":{"start":{"line":1494,"column":12},"end":{"line":1494,"column":37}},"545":{"start":{"line":1497,"column":8},"end":{"line":1497,"column":62}},"546":{"start":{"line":1498,"column":8},"end":{"line":1498,"column":56}},"547":{"start":{"line":1499,"column":8},"end":{"line":1509,"column":11}},"548":{"start":{"line":1510,"column":8},"end":{"line":1510,"column":84}},"549":{"start":{"line":1510,"column":59},"end":{"line":1510,"column":82}},"550":{"start":{"line":1512,"column":8},"end":{"line":1512,"column":63}},"551":{"start":{"line":1513,"column":8},"end":{"line":1513,"column":47}},"552":{"start":{"line":1514,"column":8},"end":{"line":1514,"column":45}},"553":{"start":{"line":1515,"column":8},"end":{"line":1515,"column":59}},"554":{"start":{"line":1516,"column":8},"end":{"line":1516,"column":52}},"555":{"start":{"line":1517,"column":8},"end":{"line":1517,"column":47}},"556":{"start":{"line":1520,"column":8},"end":{"line":1520,"column":33}},"557":{"start":{"line":1524,"column":8},"end":{"line":1524,"column":74}},"558":{"start":{"line":1525,"column":8},"end":{"line":1525,"column":61}},"559":{"start":{"line":1526,"column":8},"end":{"line":1526,"column":73}},"560":{"start":{"line":1527,"column":8},"end":{"line":1527,"column":82}},"561":{"start":{"line":1528,"column":8},"end":{"line":1528,"column":64}},"562":{"start":{"line":1529,"column":8},"end":{"line":1529,"column":80}},"563":{"start":{"line":1533,"column":26},"end":{"line":1533,"column":63}},"564":{"start":{"line":1534,"column":8},"end":{"line":1534,"column":39}},"565":{"start":{"line":1534,"column":32},"end":{"line":1534,"column":39}},"566":{"start":{"line":1537,"column":33},"end":{"line":1537,"column":82}},"567":{"start":{"line":1539,"column":8},"end":{"line":1560,"column":9}},"568":{"start":{"line":1541,"column":12},"end":{"line":1547,"column":13}},"569":{"start":{"line":1542,"column":16},"end":{"line":1542,"column":120}},"570":{"start":{"line":1543,"column":16},"end":{"line":1546,"column":35}},"571":{"start":{"line":1544,"column":20},"end":{"line":1544,"column":60}},"572":{"start":{"line":1545,"column":20},"end":{"line":1545,"column":58}},"573":{"start":{"line":1550,"column":12},"end":{"line":1550,"column":48}},"574":{"start":{"line":1552,"column":12},"end":{"line":1552,"column":47}},"575":{"start":{"line":1555,"column":40},"end":{"line":1555,"column":94}},"576":{"start":{"line":1556,"column":12},"end":{"line":1559,"column":13}},"577":{"start":{"line":1557,"column":16},"end":{"line":1557,"column":56}},"578":{"start":{"line":1558,"column":16},"end":{"line":1558,"column":126}},"579":{"start":{"line":1564,"column":8},"end":{"line":1564,"column":60}},"580":{"start":{"line":1565,"column":8},"end":{"line":1565,"column":60}},"581":{"start":{"line":1566,"column":8},"end":{"line":1566,"column":69}},"582":{"start":{"line":1567,"column":8},"end":{"line":1567,"column":32}},"583":{"start":{"line":1571,"column":30},"end":{"line":1571,"column":71}},"584":{"start":{"line":1572,"column":8},"end":{"line":1575,"column":9}},"585":{"start":{"line":1573,"column":12},"end":{"line":1573,"column":69}},"586":{"start":{"line":1574,"column":12},"end":{"line":1574,"column":56}},"587":{"start":{"line":1587,"column":39},"end":{"line":1594,"column":1}},"588":{"start":{"line":1598,"column":22},"end":{"line":2093,"column":1}},"589":{"start":{"line":2095,"column":25},"end":{"line":2098,"column":3}},"590":{"start":{"line":2095,"column":49},"end":{"line":2098,"column":1}},"591":{"start":{"line":2101,"column":0},"end":{"line":2110,"column":3}},"592":{"start":{"line":2103,"column":29},"end":{"line":2103,"column":82}},"593":{"start":{"line":2106,"column":4},"end":{"line":2109,"column":7}},"594":{"start":{"line":2113,"column":0},"end":{"line":2113,"column":42694}},"595":{"start":{"line":2113,"column":14},"end":{"line":2113,"column":118}},"596":{"start":{"line":2113,"column":127},"end":{"line":2113,"column":33568}},"597":{"start":{"line":2113,"column":33577},"end":{"line":2113,"column":33672}},"598":{"start":{"line":2113,"column":33586},"end":{"line":2113,"column":33671}},"599":{"start":{"line":2113,"column":33673},"end":{"line":2113,"column":42689}}},"fnMap":{"0":{"name":"(anonymous_0)","decl":{"start":{"line":126,"column":2},"end":{"line":126,"column":3}},"loc":{"start":{"line":126,"column":46},"end":{"line":148,"column":3}},"line":126},"1":{"name":"(anonymous_1)","decl":{"start":{"line":277,"column":36},"end":{"line":277,"column":37}},"loc":{"start":{"line":277,"column":41},"end":{"line":277,"column":56}},"line":277},"2":{"name":"(anonymous_2)","decl":{"start":{"line":282,"column":36},"end":{"line":282,"column":37}},"loc":{"start":{"line":282,"column":41},"end":{"line":282,"column":60}},"line":282},"3":{"name":"(anonymous_3)","decl":{"start":{"line":330,"column":2},"end":{"line":330,"column":3}},"loc":{"start":{"line":330,"column":25},"end":{"line":334,"column":3}},"line":330},"4":{"name":"(anonymous_4)","decl":{"start":{"line":341,"column":2},"end":{"line":341,"column":3}},"loc":{"start":{"line":341,"column":41},"end":{"line":386,"column":3}},"line":341},"5":{"name":"(anonymous_5)","decl":{"start":{"line":351,"column":60},"end":{"line":351,"column":61}},"loc":{"start":{"line":351,"column":66},"end":{"line":351,"column":117}},"line":351},"6":{"name":"(anonymous_6)","decl":{"start":{"line":366,"column":56},"end":{"line":366,"column":57}},"loc":{"start":{"line":366,"column":62},"end":{"line":368,"column":9}},"line":366},"7":{"name":"(anonymous_7)","decl":{"start":{"line":370,"column":30},"end":{"line":370,"column":31}},"loc":{"start":{"line":370,"column":36},"end":{"line":378,"column":9}},"line":370},"8":{"name":"(anonymous_8)","decl":{"start":{"line":429,"column":26},"end":{"line":429,"column":27}},"loc":{"start":{"line":429,"column":32},"end":{"line":429,"column":78}},"line":429},"9":{"name":"(anonymous_9)","decl":{"start":{"line":501,"column":53},"end":{"line":501,"column":54}},"loc":{"start":{"line":501,"column":59},"end":{"line":501,"column":108}},"line":501},"10":{"name":"(anonymous_10)","decl":{"start":{"line":502,"column":52},"end":{"line":502,"column":53}},"loc":{"start":{"line":502,"column":58},"end":{"line":502,"column":105}},"line":502},"11":{"name":"(anonymous_11)","decl":{"start":{"line":503,"column":49},"end":{"line":503,"column":50}},"loc":{"start":{"line":503,"column":56},"end":{"line":503,"column":93}},"line":503},"12":{"name":"(anonymous_12)","decl":{"start":{"line":546,"column":58},"end":{"line":546,"column":59}},"loc":{"start":{"line":546,"column":64},"end":{"line":546,"column":112}},"line":546},"13":{"name":"(anonymous_13)","decl":{"start":{"line":547,"column":58},"end":{"line":547,"column":59}},"loc":{"start":{"line":547,"column":64},"end":{"line":547,"column":113}},"line":547},"14":{"name":"(anonymous_14)","decl":{"start":{"line":568,"column":59},"end":{"line":568,"column":60}},"loc":{"start":{"line":568,"column":65},"end":{"line":570,"column":7}},"line":568},"15":{"name":"(anonymous_15)","decl":{"start":{"line":571,"column":52},"end":{"line":571,"column":53}},"loc":{"start":{"line":571,"column":58},"end":{"line":574,"column":7}},"line":571},"16":{"name":"(anonymous_16)","decl":{"start":{"line":604,"column":60},"end":{"line":604,"column":61}},"loc":{"start":{"line":604,"column":66},"end":{"line":604,"column":110}},"line":604},"17":{"name":"(anonymous_17)","decl":{"start":{"line":605,"column":50},"end":{"line":605,"column":51}},"loc":{"start":{"line":605,"column":56},"end":{"line":609,"column":5}},"line":605},"18":{"name":"(anonymous_18)","decl":{"start":{"line":615,"column":58},"end":{"line":615,"column":59}},"loc":{"start":{"line":615,"column":65},"end":{"line":618,"column":5}},"line":615},"19":{"name":"(anonymous_19)","decl":{"start":{"line":654,"column":17},"end":{"line":654,"column":18}},"loc":{"start":{"line":654,"column":23},"end":{"line":658,"column":7}},"line":654},"20":{"name":"(anonymous_20)","decl":{"start":{"line":717,"column":53},"end":{"line":717,"column":54}},"loc":{"start":{"line":717,"column":59},"end":{"line":717,"column":76}},"line":717},"21":{"name":"(anonymous_21)","decl":{"start":{"line":724,"column":73},"end":{"line":724,"column":74}},"loc":{"start":{"line":724,"column":79},"end":{"line":724,"column":124}},"line":724},"22":{"name":"(anonymous_22)","decl":{"start":{"line":733,"column":73},"end":{"line":733,"column":74}},"loc":{"start":{"line":733,"column":79},"end":{"line":733,"column":122}},"line":733},"23":{"name":"(anonymous_23)","decl":{"start":{"line":737,"column":21},"end":{"line":737,"column":22}},"loc":{"start":{"line":737,"column":27},"end":{"line":737,"column":53}},"line":737},"24":{"name":"(anonymous_24)","decl":{"start":{"line":750,"column":24},"end":{"line":750,"column":25}},"loc":{"start":{"line":750,"column":31},"end":{"line":763,"column":5}},"line":750},"25":{"name":"(anonymous_25)","decl":{"start":{"line":765,"column":24},"end":{"line":765,"column":25}},"loc":{"start":{"line":765,"column":31},"end":{"line":784,"column":5}},"line":765},"26":{"name":"(anonymous_26)","decl":{"start":{"line":770,"column":35},"end":{"line":770,"column":36}},"loc":{"start":{"line":770,"column":41},"end":{"line":775,"column":9}},"line":770},"27":{"name":"(anonymous_27)","decl":{"start":{"line":786,"column":22},"end":{"line":786,"column":23}},"loc":{"start":{"line":786,"column":28},"end":{"line":794,"column":5}},"line":786},"28":{"name":"(anonymous_28)","decl":{"start":{"line":835,"column":70},"end":{"line":835,"column":71}},"loc":{"start":{"line":835,"column":75},"end":{"line":835,"column":96}},"line":835},"29":{"name":"(anonymous_29)","decl":{"start":{"line":837,"column":57},"end":{"line":837,"column":58}},"loc":{"start":{"line":837,"column":64},"end":{"line":837,"column":96}},"line":837},"30":{"name":"(anonymous_30)","decl":{"start":{"line":1065,"column":74},"end":{"line":1065,"column":75}},"loc":{"start":{"line":1065,"column":79},"end":{"line":1065,"column":102}},"line":1065},"31":{"name":"(anonymous_31)","decl":{"start":{"line":1085,"column":67},"end":{"line":1085,"column":68}},"loc":{"start":{"line":1085,"column":73},"end":{"line":1085,"column":79}},"line":1085},"32":{"name":"(anonymous_32)","decl":{"start":{"line":1108,"column":32},"end":{"line":1108,"column":33}},"loc":{"start":{"line":1108,"column":43},"end":{"line":1114,"column":5}},"line":1108},"33":{"name":"(anonymous_33)","decl":{"start":{"line":1117,"column":51},"end":{"line":1117,"column":52}},"loc":{"start":{"line":1117,"column":62},"end":{"line":1119,"column":5}},"line":1117},"34":{"name":"(anonymous_34)","decl":{"start":{"line":1121,"column":47},"end":{"line":1121,"column":48}},"loc":{"start":{"line":1121,"column":62},"end":{"line":1149,"column":5}},"line":1121},"35":{"name":"(anonymous_35)","decl":{"start":{"line":1124,"column":38},"end":{"line":1124,"column":39}},"loc":{"start":{"line":1124,"column":46},"end":{"line":1146,"column":11}},"line":1124},"36":{"name":"(anonymous_36)","decl":{"start":{"line":1161,"column":25},"end":{"line":1161,"column":26}},"loc":{"start":{"line":1161,"column":43},"end":{"line":1177,"column":5}},"line":1161},"37":{"name":"(anonymous_37)","decl":{"start":{"line":1179,"column":20},"end":{"line":1179,"column":21}},"loc":{"start":{"line":1179,"column":33},"end":{"line":1192,"column":5}},"line":1179},"38":{"name":"(anonymous_38)","decl":{"start":{"line":1187,"column":50},"end":{"line":1187,"column":51}},"loc":{"start":{"line":1187,"column":56},"end":{"line":1187,"column":82}},"line":1187},"39":{"name":"(anonymous_39)","decl":{"start":{"line":1218,"column":6},"end":{"line":1218,"column":7}},"loc":{"start":{"line":1218,"column":11},"end":{"line":1218,"column":79}},"line":1218},"40":{"name":"(anonymous_40)","decl":{"start":{"line":1241,"column":48},"end":{"line":1241,"column":49}},"loc":{"start":{"line":1241,"column":59},"end":{"line":1246,"column":7}},"line":1241},"41":{"name":"(anonymous_41)","decl":{"start":{"line":1264,"column":58},"end":{"line":1264,"column":59}},"loc":{"start":{"line":1264,"column":65},"end":{"line":1267,"column":7}},"line":1264},"42":{"name":"(anonymous_42)","decl":{"start":{"line":1270,"column":48},"end":{"line":1270,"column":49}},"loc":{"start":{"line":1270,"column":59},"end":{"line":1274,"column":7}},"line":1270},"43":{"name":"(anonymous_43)","decl":{"start":{"line":1282,"column":55},"end":{"line":1282,"column":56}},"loc":{"start":{"line":1282,"column":62},"end":{"line":1295,"column":5}},"line":1282},"44":{"name":"(anonymous_44)","decl":{"start":{"line":1289,"column":33},"end":{"line":1289,"column":34}},"loc":{"start":{"line":1289,"column":39},"end":{"line":1294,"column":7}},"line":1289},"45":{"name":"(anonymous_45)","decl":{"start":{"line":1292,"column":32},"end":{"line":1292,"column":33}},"loc":{"start":{"line":1292,"column":38},"end":{"line":1292,"column":62}},"line":1292},"46":{"name":"(anonymous_46)","decl":{"start":{"line":1298,"column":46},"end":{"line":1298,"column":47}},"loc":{"start":{"line":1298,"column":53},"end":{"line":1305,"column":5}},"line":1298},"47":{"name":"(anonymous_47)","decl":{"start":{"line":1300,"column":33},"end":{"line":1300,"column":34}},"loc":{"start":{"line":1300,"column":39},"end":{"line":1304,"column":7}},"line":1300},"48":{"name":"(anonymous_48)","decl":{"start":{"line":1308,"column":42},"end":{"line":1308,"column":43}},"loc":{"start":{"line":1308,"column":48},"end":{"line":1308,"column":75}},"line":1308},"49":{"name":"(anonymous_49)","decl":{"start":{"line":1316,"column":2},"end":{"line":1316,"column":3}},"loc":{"start":{"line":1316,"column":12},"end":{"line":1328,"column":3}},"line":1316},"50":{"name":"(anonymous_50)","decl":{"start":{"line":1322,"column":28},"end":{"line":1322,"column":29}},"loc":{"start":{"line":1322,"column":69},"end":{"line":1324,"column":5}},"line":1322},"51":{"name":"(anonymous_51)","decl":{"start":{"line":1367,"column":4},"end":{"line":1367,"column":5}},"loc":{"start":{"line":1367,"column":45},"end":{"line":1372,"column":5}},"line":1367},"52":{"name":"(anonymous_52)","decl":{"start":{"line":1381,"column":46},"end":{"line":1381,"column":47}},"loc":{"start":{"line":1381,"column":53},"end":{"line":1385,"column":9}},"line":1381},"53":{"name":"(anonymous_53)","decl":{"start":{"line":1388,"column":47},"end":{"line":1388,"column":48}},"loc":{"start":{"line":1388,"column":53},"end":{"line":1390,"column":9}},"line":1388},"54":{"name":"(anonymous_54)","decl":{"start":{"line":1393,"column":43},"end":{"line":1393,"column":44}},"loc":{"start":{"line":1393,"column":50},"end":{"line":1401,"column":9}},"line":1393},"55":{"name":"(anonymous_55)","decl":{"start":{"line":1461,"column":57},"end":{"line":1461,"column":58}},"loc":{"start":{"line":1461,"column":63},"end":{"line":1461,"column":86}},"line":1461},"56":{"name":"(anonymous_56)","decl":{"start":{"line":1464,"column":62},"end":{"line":1464,"column":63}},"loc":{"start":{"line":1464,"column":68},"end":{"line":1464,"column":121}},"line":1464},"57":{"name":"(anonymous_57)","decl":{"start":{"line":1465,"column":62},"end":{"line":1465,"column":63}},"loc":{"start":{"line":1465,"column":68},"end":{"line":1465,"column":119}},"line":1465},"58":{"name":"(anonymous_58)","decl":{"start":{"line":1481,"column":32},"end":{"line":1481,"column":33}},"loc":{"start":{"line":1481,"column":44},"end":{"line":1495,"column":9}},"line":1481},"59":{"name":"(anonymous_59)","decl":{"start":{"line":1491,"column":49},"end":{"line":1491,"column":50}},"loc":{"start":{"line":1491,"column":55},"end":{"line":1491,"column":93}},"line":1491},"60":{"name":"(anonymous_60)","decl":{"start":{"line":1492,"column":48},"end":{"line":1492,"column":49}},"loc":{"start":{"line":1492,"column":54},"end":{"line":1492,"column":89}},"line":1492},"61":{"name":"(anonymous_61)","decl":{"start":{"line":1493,"column":45},"end":{"line":1493,"column":46}},"loc":{"start":{"line":1493,"column":51},"end":{"line":1493,"column":89}},"line":1493},"62":{"name":"(anonymous_62)","decl":{"start":{"line":1510,"column":53},"end":{"line":1510,"column":54}},"loc":{"start":{"line":1510,"column":59},"end":{"line":1510,"column":82}},"line":1510},"63":{"name":"(anonymous_63)","decl":{"start":{"line":1532,"column":4},"end":{"line":1532,"column":5}},"loc":{"start":{"line":1532,"column":22},"end":{"line":1561,"column":5}},"line":1532},"64":{"name":"(anonymous_64)","decl":{"start":{"line":1543,"column":66},"end":{"line":1543,"column":67}},"loc":{"start":{"line":1543,"column":72},"end":{"line":1546,"column":17}},"line":1543},"65":{"name":"(anonymous_65)","decl":{"start":{"line":2095,"column":43},"end":{"line":2095,"column":44}},"loc":{"start":{"line":2095,"column":49},"end":{"line":2098,"column":1}},"line":2095},"66":{"name":"(anonymous_66)","decl":{"start":{"line":2101,"column":46},"end":{"line":2101,"column":47}},"loc":{"start":{"line":2101,"column":52},"end":{"line":2110,"column":1}},"line":2101},"67":{"name":"(anonymous_67)","decl":{"start":{"line":2113,"column":1},"end":{"line":2113,"column":2}},"loc":{"start":{"line":2113,"column":5},"end":{"line":2113,"column":42690}},"line":2113},"68":{"name":"(anonymous_68)","decl":{"start":{"line":2113,"column":33583},"end":{"line":2113,"column":33584}},"loc":{"start":{"line":2113,"column":33586},"end":{"line":2113,"column":33671}},"line":2113}},"branchMap":{"0":{"loc":{"start":{"line":126,"column":26},"end":{"line":126,"column":44}},"type":"default-arg","locations":[{"start":{"line":126,"column":42},"end":{"line":126,"column":44}}],"line":126},"1":{"loc":{"start":{"line":127,"column":4},"end":{"line":130,"column":5}},"type":"if","locations":[{"start":{"line":127,"column":4},"end":{"line":130,"column":5}},{"start":{},"end":{}}],"line":127},"2":{"loc":{"start":{"line":127,"column":8},"end":{"line":127,"column":67}},"type":"binary-expr","locations":[{"start":{"line":127,"column":8},"end":{"line":127,"column":41}},{"start":{"line":127,"column":45},"end":{"line":127,"column":67}}],"line":127},"3":{"loc":{"start":{"line":132,"column":23},"end":{"line":132,"column":76}},"type":"binary-expr","locations":[{"start":{"line":132,"column":23},"end":{"line":132,"column":33}},{"start":{"line":132,"column":37},"end":{"line":132,"column":76}}],"line":132},"4":{"loc":{"start":{"line":141,"column":24},"end":{"line":141,"column":62}},"type":"binary-expr","locations":[{"start":{"line":141,"column":24},"end":{"line":141,"column":55}},{"start":{"line":141,"column":59},"end":{"line":141,"column":62}}],"line":141},"5":{"loc":{"start":{"line":156,"column":6},"end":{"line":159,"column":7}},"type":"if","locations":[{"start":{"line":156,"column":6},"end":{"line":159,"column":7}},{"start":{},"end":{}}],"line":156},"6":{"loc":{"start":{"line":158,"column":33},"end":{"line":158,"column":75}},"type":"cond-expr","locations":[{"start":{"line":158,"column":54},"end":{"line":158,"column":63}},{"start":{"line":158,"column":66},"end":{"line":158,"column":75}}],"line":158},"7":{"loc":{"start":{"line":170,"column":4},"end":{"line":198,"column":5}},"type":"if","locations":[{"start":{"line":170,"column":4},"end":{"line":198,"column":5}},{"start":{},"end":{}}],"line":170},"8":{"loc":{"start":{"line":172,"column":22},"end":{"line":172,"column":104}},"type":"cond-expr","locations":[{"start":{"line":172,"column":41},"end":{"line":172,"column":98}},{"start":{"line":172,"column":101},"end":{"line":172,"column":104}}],"line":172},"9":{"loc":{"start":{"line":174,"column":6},"end":{"line":174,"column":64}},"type":"if","locations":[{"start":{"line":174,"column":6},"end":{"line":174,"column":64}},{"start":{},"end":{}}],"line":174},"10":{"loc":{"start":{"line":185,"column":6},"end":{"line":194,"column":7}},"type":"if","locations":[{"start":{"line":185,"column":6},"end":{"line":194,"column":7}},{"start":{},"end":{}}],"line":185},"11":{"loc":{"start":{"line":187,"column":12},"end":{"line":187,"column":59}},"type":"cond-expr","locations":[{"start":{"line":187,"column":22},"end":{"line":187,"column":41}},{"start":{"line":187,"column":44},"end":{"line":187,"column":59}}],"line":187},"12":{"loc":{"start":{"line":188,"column":8},"end":{"line":192,"column":9}},"type":"switch","locations":[{"start":{"line":189,"column":10},"end":{"line":189,"column":59}},{"start":{"line":190,"column":10},"end":{"line":190,"column":45}},{"start":{"line":191,"column":10},"end":{"line":191,"column":45}}],"line":188},"13":{"loc":{"start":{"line":189,"column":37},"end":{"line":189,"column":50}},"type":"cond-expr","locations":[{"start":{"line":189,"column":45},"end":{"line":189,"column":46}},{"start":{"line":189,"column":49},"end":{"line":189,"column":50}}],"line":189},"14":{"loc":{"start":{"line":219,"column":6},"end":{"line":227,"column":7}},"type":"if","locations":[{"start":{"line":219,"column":6},"end":{"line":227,"column":7}},{"start":{"line":222,"column":13},"end":{"line":227,"column":7}}],"line":219},"15":{"loc":{"start":{"line":222,"column":13},"end":{"line":227,"column":7}},"type":"if","locations":[{"start":{"line":222,"column":13},"end":{"line":227,"column":7}},{"start":{"line":225,"column":13},"end":{"line":227,"column":7}}],"line":222},"16":{"loc":{"start":{"line":242,"column":6},"end":{"line":242,"column":68}},"type":"if","locations":[{"start":{"line":242,"column":6},"end":{"line":242,"column":68}},{"start":{},"end":{}}],"line":242},"17":{"loc":{"start":{"line":242,"column":10},"end":{"line":242,"column":51}},"type":"binary-expr","locations":[{"start":{"line":242,"column":10},"end":{"line":242,"column":17}},{"start":{"line":242,"column":21},"end":{"line":242,"column":51}}],"line":242},"18":{"loc":{"start":{"line":254,"column":11},"end":{"line":254,"column":49}},"type":"binary-expr","locations":[{"start":{"line":254,"column":11},"end":{"line":254,"column":41}},{"start":{"line":254,"column":45},"end":{"line":254,"column":49}}],"line":254},"19":{"loc":{"start":{"line":264,"column":4},"end":{"line":266,"column":5}},"type":"if","locations":[{"start":{"line":264,"column":4},"end":{"line":266,"column":5}},{"start":{},"end":{}}],"line":264},"20":{"loc":{"start":{"line":271,"column":4},"end":{"line":274,"column":5}},"type":"if","locations":[{"start":{"line":271,"column":4},"end":{"line":274,"column":5}},{"start":{},"end":{}}],"line":271},"21":{"loc":{"start":{"line":276,"column":4},"end":{"line":279,"column":5}},"type":"if","locations":[{"start":{"line":276,"column":4},"end":{"line":279,"column":5}},{"start":{},"end":{}}],"line":276},"22":{"loc":{"start":{"line":281,"column":4},"end":{"line":284,"column":5}},"type":"if","locations":[{"start":{"line":281,"column":4},"end":{"line":284,"column":5}},{"start":{},"end":{}}],"line":281},"23":{"loc":{"start":{"line":286,"column":4},"end":{"line":300,"column":5}},"type":"if","locations":[{"start":{"line":286,"column":4},"end":{"line":300,"column":5}},{"start":{},"end":{}}],"line":286},"24":{"loc":{"start":{"line":293,"column":6},"end":{"line":298,"column":52}},"type":"if","locations":[{"start":{"line":293,"column":6},"end":{"line":298,"column":52}},{"start":{"line":294,"column":11},"end":{"line":298,"column":52}}],"line":293},"25":{"loc":{"start":{"line":294,"column":11},"end":{"line":298,"column":52}},"type":"if","locations":[{"start":{"line":294,"column":11},"end":{"line":298,"column":52}},{"start":{"line":295,"column":11},"end":{"line":298,"column":52}}],"line":294},"26":{"loc":{"start":{"line":295,"column":11},"end":{"line":298,"column":52}},"type":"if","locations":[{"start":{"line":295,"column":11},"end":{"line":298,"column":52}},{"start":{"line":296,"column":11},"end":{"line":298,"column":52}}],"line":295},"27":{"loc":{"start":{"line":296,"column":11},"end":{"line":298,"column":52}},"type":"if","locations":[{"start":{"line":296,"column":11},"end":{"line":298,"column":52}},{"start":{"line":297,"column":11},"end":{"line":298,"column":52}}],"line":296},"28":{"loc":{"start":{"line":297,"column":11},"end":{"line":298,"column":52}},"type":"if","locations":[{"start":{"line":297,"column":11},"end":{"line":298,"column":52}},{"start":{"line":298,"column":11},"end":{"line":298,"column":52}}],"line":297},"29":{"loc":{"start":{"line":303,"column":4},"end":{"line":306,"column":5}},"type":"if","locations":[{"start":{"line":303,"column":4},"end":{"line":306,"column":5}},{"start":{},"end":{}}],"line":303},"30":{"loc":{"start":{"line":318,"column":4},"end":{"line":318,"column":27}},"type":"if","locations":[{"start":{"line":318,"column":4},"end":{"line":318,"column":27}},{"start":{},"end":{}}],"line":318},"31":{"loc":{"start":{"line":341,"column":19},"end":{"line":341,"column":39}},"type":"default-arg","locations":[{"start":{"line":341,"column":34},"end":{"line":341,"column":39}}],"line":341},"32":{"loc":{"start":{"line":344,"column":6},"end":{"line":344,"column":109}},"type":"if","locations":[{"start":{"line":344,"column":6},"end":{"line":344,"column":109}},{"start":{},"end":{}}],"line":344},"33":{"loc":{"start":{"line":344,"column":10},"end":{"line":344,"column":100}},"type":"binary-expr","locations":[{"start":{"line":344,"column":10},"end":{"line":344,"column":33}},{"start":{"line":344,"column":37},"end":{"line":344,"column":100}}],"line":344},"34":{"loc":{"start":{"line":349,"column":6},"end":{"line":352,"column":7}},"type":"if","locations":[{"start":{"line":349,"column":6},"end":{"line":352,"column":7}},{"start":{},"end":{}}],"line":349},"35":{"loc":{"start":{"line":358,"column":6},"end":{"line":382,"column":7}},"type":"if","locations":[{"start":{"line":358,"column":6},"end":{"line":382,"column":7}},{"start":{"line":379,"column":13},"end":{"line":382,"column":7}}],"line":358},"36":{"loc":{"start":{"line":358,"column":10},"end":{"line":358,"column":85}},"type":"binary-expr","locations":[{"start":{"line":358,"column":10},"end":{"line":358,"column":38}},{"start":{"line":358,"column":42},"end":{"line":358,"column":54}},{"start":{"line":358,"column":58},"end":{"line":358,"column":85}}],"line":358},"37":{"loc":{"start":{"line":394,"column":4},"end":{"line":396,"column":5}},"type":"if","locations":[{"start":{"line":394,"column":4},"end":{"line":396,"column":5}},{"start":{},"end":{}}],"line":394},"38":{"loc":{"start":{"line":395,"column":47},"end":{"line":395,"column":78}},"type":"cond-expr","locations":[{"start":{"line":395,"column":62},"end":{"line":395,"column":68}},{"start":{"line":395,"column":71},"end":{"line":395,"column":78}}],"line":395},"39":{"loc":{"start":{"line":400,"column":4},"end":{"line":400,"column":106}},"type":"if","locations":[{"start":{"line":400,"column":4},"end":{"line":400,"column":106}},{"start":{},"end":{}}],"line":400},"40":{"loc":{"start":{"line":400,"column":69},"end":{"line":400,"column":102}},"type":"cond-expr","locations":[{"start":{"line":400,"column":84},"end":{"line":400,"column":92}},{"start":{"line":400,"column":95},"end":{"line":400,"column":102}}],"line":400},"41":{"loc":{"start":{"line":404,"column":4},"end":{"line":410,"column":5}},"type":"if","locations":[{"start":{"line":404,"column":4},"end":{"line":410,"column":5}},{"start":{"line":407,"column":11},"end":{"line":410,"column":5}}],"line":404},"42":{"loc":{"start":{"line":414,"column":4},"end":{"line":418,"column":5}},"type":"if","locations":[{"start":{"line":414,"column":4},"end":{"line":418,"column":5}},{"start":{"line":416,"column":11},"end":{"line":418,"column":5}}],"line":414},"43":{"loc":{"start":{"line":438,"column":6},"end":{"line":438,"column":41}},"type":"if","locations":[{"start":{"line":438,"column":6},"end":{"line":438,"column":41}},{"start":{},"end":{}}],"line":438},"44":{"loc":{"start":{"line":441,"column":6},"end":{"line":443,"column":7}},"type":"if","locations":[{"start":{"line":441,"column":6},"end":{"line":443,"column":7}},{"start":{},"end":{}}],"line":441},"45":{"loc":{"start":{"line":441,"column":10},"end":{"line":441,"column":89}},"type":"binary-expr","locations":[{"start":{"line":441,"column":10},"end":{"line":441,"column":48}},{"start":{"line":441,"column":52},"end":{"line":441,"column":89}}],"line":441},"46":{"loc":{"start":{"line":457,"column":34},"end":{"line":460,"column":5}},"type":"binary-expr","locations":[{"start":{"line":457,"column":34},"end":{"line":457,"column":64}},{"start":{"line":457,"column":68},"end":{"line":460,"column":5}}],"line":457},"47":{"loc":{"start":{"line":468,"column":15},"end":{"line":468,"column":65}},"type":"cond-expr","locations":[{"start":{"line":468,"column":50},"end":{"line":468,"column":56}},{"start":{"line":468,"column":59},"end":{"line":468,"column":65}}],"line":468},"48":{"loc":{"start":{"line":475,"column":4},"end":{"line":477,"column":5}},"type":"if","locations":[{"start":{"line":475,"column":4},"end":{"line":477,"column":5}},{"start":{},"end":{}}],"line":475},"49":{"loc":{"start":{"line":505,"column":4},"end":{"line":507,"column":5}},"type":"if","locations":[{"start":{"line":505,"column":4},"end":{"line":507,"column":5}},{"start":{},"end":{}}],"line":505},"50":{"loc":{"start":{"line":549,"column":4},"end":{"line":576,"column":5}},"type":"if","locations":[{"start":{"line":549,"column":4},"end":{"line":576,"column":5}},{"start":{},"end":{}}],"line":549},"51":{"loc":{"start":{"line":563,"column":17},"end":{"line":563,"column":55}},"type":"cond-expr","locations":[{"start":{"line":563,"column":40},"end":{"line":563,"column":46}},{"start":{"line":563,"column":49},"end":{"line":563,"column":55}}],"line":563},"52":{"loc":{"start":{"line":597,"column":17},"end":{"line":597,"column":55}},"type":"cond-expr","locations":[{"start":{"line":597,"column":40},"end":{"line":597,"column":46}},{"start":{"line":597,"column":49},"end":{"line":597,"column":55}}],"line":597},"53":{"loc":{"start":{"line":616,"column":6},"end":{"line":616,"column":23}},"type":"if","locations":[{"start":{"line":616,"column":6},"end":{"line":616,"column":23}},{"start":{},"end":{}}],"line":616},"54":{"loc":{"start":{"line":626,"column":4},"end":{"line":626,"column":41}},"type":"if","locations":[{"start":{"line":626,"column":4},"end":{"line":626,"column":41}},{"start":{},"end":{}}],"line":626},"55":{"loc":{"start":{"line":640,"column":4},"end":{"line":640,"column":58}},"type":"if","locations":[{"start":{"line":640,"column":4},"end":{"line":640,"column":58}},{"start":{},"end":{}}],"line":640},"56":{"loc":{"start":{"line":642,"column":4},"end":{"line":678,"column":5}},"type":"if","locations":[{"start":{"line":642,"column":4},"end":{"line":678,"column":5}},{"start":{"line":660,"column":11},"end":{"line":678,"column":5}}],"line":642},"57":{"loc":{"start":{"line":647,"column":6},"end":{"line":650,"column":7}},"type":"if","locations":[{"start":{"line":647,"column":6},"end":{"line":650,"column":7}},{"start":{},"end":{}}],"line":647},"58":{"loc":{"start":{"line":655,"column":8},"end":{"line":655,"column":45}},"type":"if","locations":[{"start":{"line":655,"column":8},"end":{"line":655,"column":45}},{"start":{},"end":{}}],"line":655},"59":{"loc":{"start":{"line":660,"column":11},"end":{"line":678,"column":5}},"type":"if","locations":[{"start":{"line":660,"column":11},"end":{"line":678,"column":5}},{"start":{},"end":{}}],"line":660},"60":{"loc":{"start":{"line":665,"column":6},"end":{"line":668,"column":7}},"type":"if","locations":[{"start":{"line":665,"column":6},"end":{"line":668,"column":7}},{"start":{},"end":{}}],"line":665},"61":{"loc":{"start":{"line":682,"column":4},"end":{"line":686,"column":5}},"type":"if","locations":[{"start":{"line":682,"column":4},"end":{"line":686,"column":5}},{"start":{},"end":{}}],"line":682},"62":{"loc":{"start":{"line":693,"column":4},"end":{"line":696,"column":5}},"type":"if","locations":[{"start":{"line":693,"column":4},"end":{"line":696,"column":5}},{"start":{},"end":{}}],"line":693},"63":{"loc":{"start":{"line":708,"column":27},"end":{"line":708,"column":74}},"type":"cond-expr","locations":[{"start":{"line":708,"column":42},"end":{"line":708,"column":56}},{"start":{"line":708,"column":59},"end":{"line":708,"column":74}}],"line":708},"64":{"loc":{"start":{"line":721,"column":6},"end":{"line":738,"column":7}},"type":"if","locations":[{"start":{"line":721,"column":6},"end":{"line":738,"column":7}},{"start":{"line":725,"column":13},"end":{"line":738,"column":7}}],"line":721},"65":{"loc":{"start":{"line":731,"column":10},"end":{"line":731,"column":109}},"type":"if","locations":[{"start":{"line":731,"column":10},"end":{"line":731,"column":109}},{"start":{},"end":{}}],"line":731},"66":{"loc":{"start":{"line":751,"column":6},"end":{"line":751,"column":33}},"type":"if","locations":[{"start":{"line":751,"column":6},"end":{"line":751,"column":33}},{"start":{},"end":{}}],"line":751},"67":{"loc":{"start":{"line":766,"column":6},"end":{"line":766,"column":30}},"type":"if","locations":[{"start":{"line":766,"column":6},"end":{"line":766,"column":30}},{"start":{},"end":{}}],"line":766},"68":{"loc":{"start":{"line":769,"column":6},"end":{"line":776,"column":7}},"type":"if","locations":[{"start":{"line":769,"column":6},"end":{"line":776,"column":7}},{"start":{},"end":{}}],"line":769},"69":{"loc":{"start":{"line":816,"column":4},"end":{"line":816,"column":36}},"type":"if","locations":[{"start":{"line":816,"column":4},"end":{"line":816,"column":36}},{"start":{},"end":{}}],"line":816},"70":{"loc":{"start":{"line":818,"column":35},"end":{"line":818,"column":70}},"type":"cond-expr","locations":[{"start":{"line":818,"column":50},"end":{"line":818,"column":59}},{"start":{"line":818,"column":62},"end":{"line":818,"column":70}}],"line":818},"71":{"loc":{"start":{"line":828,"column":26},"end":{"line":828,"column":55}},"type":"cond-expr","locations":[{"start":{"line":828,"column":41},"end":{"line":828,"column":47}},{"start":{"line":828,"column":50},"end":{"line":828,"column":55}}],"line":828},"72":{"loc":{"start":{"line":829,"column":28},"end":{"line":829,"column":57}},"type":"cond-expr","locations":[{"start":{"line":829,"column":43},"end":{"line":829,"column":49}},{"start":{"line":829,"column":52},"end":{"line":829,"column":57}}],"line":829},"73":{"loc":{"start":{"line":835,"column":28},"end":{"line":835,"column":61}},"type":"binary-expr","locations":[{"start":{"line":835,"column":28},"end":{"line":835,"column":55}},{"start":{"line":835,"column":59},"end":{"line":835,"column":61}}],"line":835},"74":{"loc":{"start":{"line":842,"column":27},"end":{"line":842,"column":64}},"type":"binary-expr","locations":[{"start":{"line":842,"column":27},"end":{"line":842,"column":51}},{"start":{"line":842,"column":55},"end":{"line":842,"column":64}}],"line":842},"75":{"loc":{"start":{"line":843,"column":24},"end":{"line":843,"column":58}},"type":"binary-expr","locations":[{"start":{"line":843,"column":24},"end":{"line":843,"column":45}},{"start":{"line":843,"column":49},"end":{"line":843,"column":58}}],"line":843},"76":{"loc":{"start":{"line":855,"column":27},"end":{"line":855,"column":58}},"type":"binary-expr","locations":[{"start":{"line":855,"column":27},"end":{"line":855,"column":45}},{"start":{"line":855,"column":49},"end":{"line":855,"column":58}}],"line":855},"77":{"loc":{"start":{"line":856,"column":24},"end":{"line":856,"column":52}},"type":"binary-expr","locations":[{"start":{"line":856,"column":24},"end":{"line":856,"column":39}},{"start":{"line":856,"column":43},"end":{"line":856,"column":52}}],"line":856},"78":{"loc":{"start":{"line":1056,"column":11},"end":{"line":1057,"column":29}},"type":"cond-expr","locations":[{"start":{"line":1056,"column":20},"end":{"line":1056,"column":104}},{"start":{"line":1057,"column":20},"end":{"line":1057,"column":29}}],"line":1056},"79":{"loc":{"start":{"line":1065,"column":32},"end":{"line":1065,"column":65}},"type":"binary-expr","locations":[{"start":{"line":1065,"column":32},"end":{"line":1065,"column":59}},{"start":{"line":1065,"column":63},"end":{"line":1065,"column":65}}],"line":1065},"80":{"loc":{"start":{"line":1076,"column":6},"end":{"line":1082,"column":7}},"type":"if","locations":[{"start":{"line":1076,"column":6},"end":{"line":1082,"column":7}},{"start":{},"end":{}}],"line":1076},"81":{"loc":{"start":{"line":1076,"column":10},"end":{"line":1076,"column":83}},"type":"binary-expr","locations":[{"start":{"line":1076,"column":10},"end":{"line":1076,"column":39}},{"start":{"line":1076,"column":43},"end":{"line":1076,"column":83}}],"line":1076},"82":{"loc":{"start":{"line":1078,"column":8},"end":{"line":1081,"column":9}},"type":"if","locations":[{"start":{"line":1078,"column":8},"end":{"line":1081,"column":9}},{"start":{},"end":{}}],"line":1078},"83":{"loc":{"start":{"line":1085,"column":6},"end":{"line":1088,"column":7}},"type":"if","locations":[{"start":{"line":1085,"column":6},"end":{"line":1088,"column":7}},{"start":{},"end":{}}],"line":1085},"84":{"loc":{"start":{"line":1085,"column":10},"end":{"line":1085,"column":80}},"type":"binary-expr","locations":[{"start":{"line":1085,"column":10},"end":{"line":1085,"column":39}},{"start":{"line":1085,"column":43},"end":{"line":1085,"column":80}}],"line":1085},"85":{"loc":{"start":{"line":1091,"column":6},"end":{"line":1098,"column":7}},"type":"if","locations":[{"start":{"line":1091,"column":6},"end":{"line":1098,"column":7}},{"start":{},"end":{}}],"line":1091},"86":{"loc":{"start":{"line":1094,"column":8},"end":{"line":1097,"column":9}},"type":"if","locations":[{"start":{"line":1094,"column":8},"end":{"line":1097,"column":9}},{"start":{},"end":{}}],"line":1094},"87":{"loc":{"start":{"line":1094,"column":12},"end":{"line":1094,"column":62}},"type":"binary-expr","locations":[{"start":{"line":1094,"column":12},"end":{"line":1094,"column":25}},{"start":{"line":1094,"column":29},"end":{"line":1094,"column":42}},{"start":{"line":1094,"column":46},"end":{"line":1094,"column":62}}],"line":1094},"88":{"loc":{"start":{"line":1110,"column":6},"end":{"line":1113,"column":7}},"type":"if","locations":[{"start":{"line":1110,"column":6},"end":{"line":1113,"column":7}},{"start":{},"end":{}}],"line":1110},"89":{"loc":{"start":{"line":1110,"column":10},"end":{"line":1110,"column":82}},"type":"binary-expr","locations":[{"start":{"line":1110,"column":10},"end":{"line":1110,"column":35}},{"start":{"line":1110,"column":39},"end":{"line":1110,"column":82}}],"line":1110},"90":{"loc":{"start":{"line":1123,"column":8},"end":{"line":1147,"column":9}},"type":"if","locations":[{"start":{"line":1123,"column":8},"end":{"line":1147,"column":9}},{"start":{},"end":{}}],"line":1123},"91":{"loc":{"start":{"line":1126,"column":12},"end":{"line":1126,"column":60}},"type":"if","locations":[{"start":{"line":1126,"column":12},"end":{"line":1126,"column":60}},{"start":{},"end":{}}],"line":1126},"92":{"loc":{"start":{"line":1129,"column":12},"end":{"line":1129,"column":61}},"type":"if","locations":[{"start":{"line":1129,"column":12},"end":{"line":1129,"column":61}},{"start":{},"end":{}}],"line":1129},"93":{"loc":{"start":{"line":1135,"column":34},"end":{"line":1135,"column":77}},"type":"binary-expr","locations":[{"start":{"line":1135,"column":34},"end":{"line":1135,"column":60}},{"start":{"line":1135,"column":64},"end":{"line":1135,"column":77}}],"line":1135},"94":{"loc":{"start":{"line":1137,"column":12},"end":{"line":1140,"column":13}},"type":"if","locations":[{"start":{"line":1137,"column":12},"end":{"line":1140,"column":13}},{"start":{},"end":{}}],"line":1137},"95":{"loc":{"start":{"line":1137,"column":16},"end":{"line":1137,"column":73}},"type":"binary-expr","locations":[{"start":{"line":1137,"column":16},"end":{"line":1137,"column":29}},{"start":{"line":1137,"column":33},"end":{"line":1137,"column":73}}],"line":1137},"96":{"loc":{"start":{"line":1143,"column":12},"end":{"line":1145,"column":13}},"type":"if","locations":[{"start":{"line":1143,"column":12},"end":{"line":1145,"column":13}},{"start":{},"end":{}}],"line":1143},"97":{"loc":{"start":{"line":1163,"column":6},"end":{"line":1165,"column":7}},"type":"if","locations":[{"start":{"line":1163,"column":6},"end":{"line":1165,"column":7}},{"start":{},"end":{}}],"line":1163},"98":{"loc":{"start":{"line":1171,"column":6},"end":{"line":1176,"column":7}},"type":"if","locations":[{"start":{"line":1171,"column":6},"end":{"line":1176,"column":7}},{"start":{},"end":{}}],"line":1171},"99":{"loc":{"start":{"line":1182,"column":20},"end":{"line":1182,"column":78}},"type":"binary-expr","locations":[{"start":{"line":1182,"column":20},"end":{"line":1182,"column":43}},{"start":{"line":1182,"column":47},"end":{"line":1182,"column":78}}],"line":1182},"100":{"loc":{"start":{"line":1183,"column":8},"end":{"line":1188,"column":9}},"type":"if","locations":[{"start":{"line":1183,"column":8},"end":{"line":1188,"column":9}},{"start":{"line":1185,"column":15},"end":{"line":1188,"column":9}}],"line":1183},"101":{"loc":{"start":{"line":1183,"column":12},"end":{"line":1183,"column":48}},"type":"binary-expr","locations":[{"start":{"line":1183,"column":12},"end":{"line":1183,"column":15}},{"start":{"line":1183,"column":19},"end":{"line":1183,"column":48}}],"line":1183},"102":{"loc":{"start":{"line":1185,"column":15},"end":{"line":1188,"column":9}},"type":"if","locations":[{"start":{"line":1185,"column":15},"end":{"line":1188,"column":9}},{"start":{},"end":{}}],"line":1185},"103":{"loc":{"start":{"line":1218,"column":13},"end":{"line":1218,"column":78}},"type":"binary-expr","locations":[{"start":{"line":1218,"column":13},"end":{"line":1218,"column":32}},{"start":{"line":1218,"column":36},"end":{"line":1218,"column":51}},{"start":{"line":1218,"column":55},"end":{"line":1218,"column":78}}],"line":1218},"104":{"loc":{"start":{"line":1232,"column":4},"end":{"line":1234,"column":5}},"type":"if","locations":[{"start":{"line":1232,"column":4},"end":{"line":1234,"column":5}},{"start":{},"end":{}}],"line":1232},"105":{"loc":{"start":{"line":1238,"column":4},"end":{"line":1247,"column":5}},"type":"if","locations":[{"start":{"line":1238,"column":4},"end":{"line":1247,"column":5}},{"start":{},"end":{}}],"line":1238},"106":{"loc":{"start":{"line":1242,"column":8},"end":{"line":1245,"column":9}},"type":"if","locations":[{"start":{"line":1242,"column":8},"end":{"line":1245,"column":9}},{"start":{},"end":{}}],"line":1242},"107":{"loc":{"start":{"line":1242,"column":12},"end":{"line":1242,"column":64}},"type":"binary-expr","locations":[{"start":{"line":1242,"column":12},"end":{"line":1242,"column":24}},{"start":{"line":1242,"column":28},"end":{"line":1242,"column":64}}],"line":1242},"108":{"loc":{"start":{"line":1256,"column":31},"end":{"line":1256,"column":115}},"type":"binary-expr","locations":[{"start":{"line":1256,"column":31},"end":{"line":1256,"column":57}},{"start":{"line":1256,"column":62},"end":{"line":1256,"column":86}},{"start":{"line":1256,"column":90},"end":{"line":1256,"column":114}}],"line":1256},"109":{"loc":{"start":{"line":1261,"column":4},"end":{"line":1278,"column":5}},"type":"if","locations":[{"start":{"line":1261,"column":4},"end":{"line":1278,"column":5}},{"start":{},"end":{}}],"line":1261},"110":{"loc":{"start":{"line":1271,"column":8},"end":{"line":1273,"column":9}},"type":"if","locations":[{"start":{"line":1271,"column":8},"end":{"line":1273,"column":9}},{"start":{},"end":{}}],"line":1271},"111":{"loc":{"start":{"line":1271,"column":12},"end":{"line":1271,"column":78}},"type":"binary-expr","locations":[{"start":{"line":1271,"column":12},"end":{"line":1271,"column":41}},{"start":{"line":1271,"column":45},"end":{"line":1271,"column":78}}],"line":1271},"112":{"loc":{"start":{"line":1284,"column":6},"end":{"line":1286,"column":7}},"type":"if","locations":[{"start":{"line":1284,"column":6},"end":{"line":1286,"column":7}},{"start":{},"end":{}}],"line":1284},"113":{"loc":{"start":{"line":1291,"column":8},"end":{"line":1293,"column":9}},"type":"if","locations":[{"start":{"line":1291,"column":8},"end":{"line":1293,"column":9}},{"start":{},"end":{}}],"line":1291},"114":{"loc":{"start":{"line":1301,"column":8},"end":{"line":1303,"column":9}},"type":"if","locations":[{"start":{"line":1301,"column":8},"end":{"line":1303,"column":9}},{"start":{},"end":{}}],"line":1301},"115":{"loc":{"start":{"line":1301,"column":12},"end":{"line":1301,"column":89}},"type":"binary-expr","locations":[{"start":{"line":1301,"column":12},"end":{"line":1301,"column":44}},{"start":{"line":1301,"column":48},"end":{"line":1301,"column":89}}],"line":1301},"116":{"loc":{"start":{"line":1367,"column":31},"end":{"line":1367,"column":43}},"type":"default-arg","locations":[{"start":{"line":1367,"column":41},"end":{"line":1367,"column":43}}],"line":1367},"117":{"loc":{"start":{"line":1369,"column":28},"end":{"line":1369,"column":54}},"type":"binary-expr","locations":[{"start":{"line":1369,"column":28},"end":{"line":1369,"column":47}},{"start":{"line":1369,"column":51},"end":{"line":1369,"column":54}}],"line":1369},"118":{"loc":{"start":{"line":1382,"column":12},"end":{"line":1384,"column":13}},"type":"if","locations":[{"start":{"line":1382,"column":12},"end":{"line":1384,"column":13}},{"start":{},"end":{}}],"line":1382},"119":{"loc":{"start":{"line":1394,"column":12},"end":{"line":1396,"column":13}},"type":"if","locations":[{"start":{"line":1394,"column":12},"end":{"line":1396,"column":13}},{"start":{},"end":{}}],"line":1394},"120":{"loc":{"start":{"line":1394,"column":16},"end":{"line":1394,"column":109}},"type":"binary-expr","locations":[{"start":{"line":1394,"column":16},"end":{"line":1394,"column":44}},{"start":{"line":1394,"column":48},"end":{"line":1394,"column":79}},{"start":{"line":1394,"column":83},"end":{"line":1394,"column":109}}],"line":1394},"121":{"loc":{"start":{"line":1397,"column":12},"end":{"line":1400,"column":13}},"type":"if","locations":[{"start":{"line":1397,"column":12},"end":{"line":1400,"column":13}},{"start":{},"end":{}}],"line":1397},"122":{"loc":{"start":{"line":1534,"column":8},"end":{"line":1534,"column":39}},"type":"if","locations":[{"start":{"line":1534,"column":8},"end":{"line":1534,"column":39}},{"start":{},"end":{}}],"line":1534},"123":{"loc":{"start":{"line":1539,"column":8},"end":{"line":1560,"column":9}},"type":"if","locations":[{"start":{"line":1539,"column":8},"end":{"line":1560,"column":9}},{"start":{"line":1551,"column":15},"end":{"line":1560,"column":9}}],"line":1539},"124":{"loc":{"start":{"line":1541,"column":12},"end":{"line":1547,"column":13}},"type":"if","locations":[{"start":{"line":1541,"column":12},"end":{"line":1547,"column":13}},{"start":{},"end":{}}],"line":1541},"125":{"loc":{"start":{"line":1556,"column":12},"end":{"line":1559,"column":13}},"type":"if","locations":[{"start":{"line":1556,"column":12},"end":{"line":1559,"column":13}},{"start":{},"end":{}}],"line":1556},"126":{"loc":{"start":{"line":1556,"column":16},"end":{"line":1556,"column":56}},"type":"binary-expr","locations":[{"start":{"line":1556,"column":16},"end":{"line":1556,"column":32}},{"start":{"line":1556,"column":36},"end":{"line":1556,"column":56}}],"line":1556},"127":{"loc":{"start":{"line":1566,"column":48},"end":{"line":1566,"column":68}},"type":"cond-expr","locations":[{"start":{"line":1566,"column":59},"end":{"line":1566,"column":62}},{"start":{"line":1566,"column":65},"end":{"line":1566,"column":68}}],"line":1566},"128":{"loc":{"start":{"line":1572,"column":8},"end":{"line":1575,"column":9}},"type":"if","locations":[{"start":{"line":1572,"column":8},"end":{"line":1575,"column":9}},{"start":{},"end":{}}],"line":1572},"129":{"loc":{"start":{"line":2113,"column":33586},"end":{"line":2113,"column":33671}},"type":"cond-expr","locations":[{"start":{"line":2113,"column":33604},"end":{"line":2113,"column":33631}},{"start":{"line":2113,"column":33632},"end":{"line":2113,"column":33671}}],"line":2113}},"s":{"0":3,"1":3,"2":3,"3":3,"4":3,"5":3,"6":3,"7":3,"8":3,"9":3,"10":18,"11":18,"12":18,"13":18,"14":18,"15":18,"16":18,"17":18,"18":18,"19":1,"20":1,"21":18,"22":18,"23":18,"24":18,"25":18,"26":18,"27":18,"28":18,"29":18,"30":36,"31":1,"32":1,"33":36,"34":36,"35":36,"36":36,"37":0,"38":36,"39":36,"40":36,"41":36,"42":36,"43":36,"44":36,"45":36,"46":36,"47":13,"48":13,"49":13,"50":0,"51":0,"52":0,"53":0,"54":13,"55":13,"56":13,"57":36,"58":0,"59":0,"60":18,"61":18,"62":36,"63":36,"64":36,"65":18,"66":18,"67":5,"68":13,"69":36,"70":18,"71":80,"72":80,"73":160,"74":160,"75":0,"76":160,"77":80,"78":0,"79":80,"80":80,"81":0,"82":80,"83":80,"84":80,"85":0,"86":0,"87":0,"88":0,"89":0,"90":0,"91":0,"92":0,"93":0,"94":0,"95":0,"96":0,"97":0,"98":0,"99":0,"100":0,"101":0,"102":0,"103":0,"104":0,"105":0,"106":0,"107":0,"108":0,"109":0,"110":0,"111":0,"112":0,"113":0,"114":0,"115":0,"116":0,"117":0,"118":0,"119":0,"120":80,"121":80,"122":0,"123":80,"124":80,"125":62,"126":62,"127":62,"128":82,"129":82,"130":68,"131":14,"132":14,"133":14,"134":14,"135":0,"136":14,"137":14,"138":2,"139":2,"140":2,"141":2,"142":2,"143":2,"144":2,"145":12,"146":12,"147":0,"148":14,"149":2,"150":14,"151":14,"152":14,"153":14,"154":3,"155":3,"156":11,"157":11,"158":14,"159":3,"160":11,"161":14,"162":14,"163":14,"164":3,"165":14,"166":18,"167":18,"168":18,"169":18,"170":0,"171":0,"172":0,"173":0,"174":0,"175":0,"176":18,"177":18,"178":18,"179":18,"180":18,"181":18,"182":16,"183":18,"184":18,"185":18,"186":18,"187":18,"188":1,"189":18,"190":0,"191":18,"192":2,"193":18,"194":16,"195":18,"196":18,"197":18,"198":18,"199":18,"200":18,"201":18,"202":18,"203":18,"204":18,"205":18,"206":18,"207":18,"208":0,"209":18,"210":0,"211":18,"212":0,"213":0,"214":0,"215":0,"216":0,"217":0,"218":0,"219":0,"220":0,"221":0,"222":0,"223":18,"224":18,"225":18,"226":18,"227":18,"228":18,"229":2,"230":18,"231":81,"232":81,"233":81,"234":18,"235":18,"236":36,"237":18,"238":18,"239":18,"240":1,"241":0,"242":1,"243":1,"244":1,"245":1,"246":2,"247":0,"248":2,"249":1,"250":1,"251":1,"252":1,"253":1,"254":1,"255":1,"256":1,"257":0,"258":1,"259":1,"260":1,"261":1,"262":1,"263":1,"264":0,"265":0,"266":1,"267":1,"268":1,"269":1,"270":1,"271":3,"272":1,"273":1,"274":1,"275":3,"276":3,"277":3,"278":1,"279":1,"280":1,"281":1,"282":1,"283":1,"284":1,"285":1,"286":1,"287":0,"288":3,"289":3,"290":2,"291":2,"292":2,"293":2,"294":1,"295":1,"296":1,"297":1,"298":1,"299":1,"300":1,"301":0,"302":1,"303":1,"304":1,"305":18,"306":18,"307":1,"308":0,"309":1,"310":1,"311":1,"312":1,"313":1,"314":1,"315":1,"316":1,"317":18,"318":1,"319":0,"320":1,"321":1,"322":1,"323":1,"324":1,"325":1,"326":1,"327":1,"328":1,"329":1,"330":1,"331":18,"332":1,"333":1,"334":1,"335":1,"336":1,"337":18,"338":18,"339":18,"340":18,"341":18,"342":18,"343":15,"344":0,"345":15,"346":15,"347":15,"348":15,"349":18,"350":18,"351":18,"352":18,"353":18,"354":18,"355":18,"356":0,"357":18,"358":18,"359":90,"360":18,"361":18,"362":18,"363":18,"364":18,"365":18,"366":36,"367":36,"368":18,"369":0,"370":18,"371":18,"372":18,"373":147,"374":147,"375":147,"376":0,"377":0,"378":0,"379":147,"380":0,"381":0,"382":0,"383":147,"384":4,"385":4,"386":4,"387":1,"388":1,"389":18,"390":1,"391":1,"392":1,"393":1,"394":18,"395":1,"396":18,"397":137,"398":604,"399":604,"400":715,"401":273,"402":442,"403":78,"404":364,"405":364,"406":364,"407":364,"408":1,"409":1,"410":364,"411":1,"412":18,"413":18,"414":0,"415":0,"416":0,"417":0,"418":0,"419":0,"420":0,"421":0,"422":0,"423":18,"424":0,"425":0,"426":0,"427":0,"428":0,"429":0,"430":0,"431":18,"432":99,"433":99,"434":1,"435":1,"436":8,"437":18,"438":18,"439":18,"440":18,"441":18,"442":18,"443":18,"444":18,"445":18,"446":18,"447":0,"448":0,"449":0,"450":18,"451":18,"452":18,"453":18,"454":18,"455":18,"456":0,"457":0,"458":0,"459":0,"460":0,"461":0,"462":0,"463":0,"464":18,"465":0,"466":0,"467":0,"468":0,"469":0,"470":0,"471":0,"472":18,"473":20,"474":20,"475":13,"476":1,"477":18,"478":62,"479":18,"480":1,"481":1,"482":1,"483":5,"484":1,"485":1,"486":3,"487":6,"488":6,"489":6,"490":6,"491":6,"492":6,"493":6,"494":6,"495":6,"496":2,"497":0,"498":6,"499":0,"500":6,"501":12,"502":0,"503":12,"504":12,"505":12,"506":6,"507":6,"508":6,"509":6,"510":6,"511":6,"512":6,"513":6,"514":6,"515":6,"516":6,"517":6,"518":6,"519":6,"520":6,"521":0,"522":6,"523":0,"524":6,"525":0,"526":6,"527":6,"528":6,"529":6,"530":6,"531":6,"532":6,"533":6,"534":6,"535":1704,"536":1704,"537":1704,"538":1704,"539":0,"540":1704,"541":0,"542":1704,"543":1,"544":1704,"545":6,"546":6,"547":6,"548":6,"549":1,"550":6,"551":6,"552":6,"553":6,"554":6,"555":6,"556":6,"557":6,"558":6,"559":6,"560":6,"561":6,"562":6,"563":17,"564":17,"565":1,"566":16,"567":16,"568":8,"569":0,"570":0,"571":0,"572":0,"573":8,"574":8,"575":8,"576":8,"577":0,"578":0,"579":2,"580":2,"581":2,"582":2,"583":6,"584":6,"585":1,"586":1,"587":3,"588":3,"589":3,"590":852,"591":3,"592":0,"593":0,"594":3,"595":3,"596":3,"597":3,"598":8892,"599":3},"f":{"0":18,"1":0,"2":0,"3":62,"4":82,"5":0,"6":2,"7":2,"8":3,"9":1,"10":0,"11":2,"12":0,"13":0,"14":0,"15":0,"16":2,"17":81,"18":36,"19":1,"20":0,"21":2,"22":0,"23":1,"24":1,"25":1,"26":1,"27":1,"28":0,"29":90,"30":0,"31":0,"32":1,"33":1,"34":137,"35":715,"36":0,"37":0,"38":0,"39":8,"40":0,"41":0,"42":0,"43":0,"44":0,"45":0,"46":20,"47":13,"48":62,"49":1,"50":5,"51":6,"52":2,"53":0,"54":12,"55":0,"56":0,"57":0,"58":1704,"59":0,"60":0,"61":1,"62":1,"63":17,"64":0,"65":852,"66":0,"67":3,"68":8892},"b":{"0":[15],"1":[1,17],"2":[18,17],"3":[18,5],"4":[18,16],"5":[1,35],"6":[1,0],"7":[36,0],"8":[9,27],"9":[0,36],"10":[13,23],"11":[0,13],"12":[0,0,13],"13":[0,0],"14":[18,18],"15":[5,13],"16":[0,160],"17":[160,150],"18":[0,0],"19":[0,80],"20":[80,0],"21":[0,0],"22":[0,0],"23":[0,0],"24":[0,0],"25":[0,0],"26":[0,0],"27":[0,0],"28":[0,0],"29":[0,0],"30":[0,80],"31":[80],"32":[68,14],"33":[82,78],"34":[14,0],"35":[2,12],"36":[14,13,2],"37":[2,12],"38":[1,1],"39":[14,0],"40":[3,11],"41":[3,11],"42":[3,11],"43":[18,0],"44":[0,0],"45":[0,0],"46":[18,18],"47":[0,18],"48":[16,2],"49":[16,2],"50":[0,18],"51":[0,0],"52":[16,2],"53":[18,18],"54":[0,1],"55":[0,2],"56":[1,1],"57":[1,0],"58":[0,1],"59":[1,0],"60":[0,1],"61":[1,2],"62":[1,0],"63":[0,1],"64":[2,1],"65":[1,0],"66":[0,1],"67":[0,1],"68":[1,0],"69":[0,15],"70":[3,12],"71":[1,17],"72":[1,17],"73":[18,18],"74":[18,0],"75":[18,0],"76":[18,0],"77":[18,0],"78":[27,9],"79":[18,18],"80":[0,147],"81":[147,21],"82":[0,0],"83":[0,147],"84":[147,0],"85":[4,143],"86":[1,3],"87":[4,4,1],"88":[1,0],"89":[1,1],"90":[604,0],"91":[273,442],"92":[78,364],"93":[364,1],"94":[1,363],"95":[364,1],"96":[1,363],"97":[0,0],"98":[0,0],"99":[0,0],"100":[0,0],"101":[0,0],"102":[0,0],"103":[8,2,1],"104":[18,0],"105":[18,0],"106":[0,0],"107":[0,0],"108":[18,17,16],"109":[0,18],"110":[0,0],"111":[0,0],"112":[0,0],"113":[0,0],"114":[1,12],"115":[13,1],"116":[5],"117":[6,5],"118":[0,2],"119":[0,12],"120":[12,12,12],"121":[12,0],"122":[1,16],"123":[8,8],"124":[0,8],"125":[0,8],"126":[8,0],"127":[1,1],"128":[1,5],"129":[2850,6042]},"_coverageSchema":"1a1c01bbd47fc00a2c39e90264f33305004495a9","hash":"909e5ae359430ab2e7c7c6d409dd06baa1bc6b3a"}
}
