TN:
SF:theme-generator.js
FN:126,(anonymous_0)
FN:277,(anonymous_1)
FN:282,(anonymous_2)
FN:330,(anonymous_3)
FN:341,(anonymous_4)
FN:351,(anonymous_5)
FN:366,(anonymous_6)
FN:370,(anonymous_7)
FN:429,(anonymous_8)
FN:501,(anonymous_9)
FN:502,(anonymous_10)
FN:503,(anonymous_11)
FN:546,(anonymous_12)
FN:547,(anonymous_13)
FN:568,(anonymous_14)
FN:571,(anonymous_15)
FN:604,(anonymous_16)
FN:605,(anonymous_17)
FN:615,(anonymous_18)
FN:654,(anonymous_19)
FN:717,(anonymous_20)
FN:724,(anonymous_21)
FN:733,(anonymous_22)
FN:737,(anonymous_23)
FN:750,(anonymous_24)
FN:765,(anonymous_25)
FN:770,(anonymous_26)
FN:786,(anonymous_27)
FN:835,(anonymous_28)
FN:837,(anonymous_29)
FN:1065,(anonymous_30)
FN:1085,(anonymous_31)
FN:1108,(anonymous_32)
FN:1117,(anonymous_33)
FN:1121,(anonymous_34)
FN:1124,(anonymous_35)
FN:1161,(anonymous_36)
FN:1179,(anonymous_37)
FN:1187,(anonymous_38)
FN:1218,(anonymous_39)
FN:1241,(anonymous_40)
FN:1264,(anonymous_41)
FN:1270,(anonymous_42)
FN:1282,(anonymous_43)
FN:1289,(anonymous_44)
FN:1292,(anonymous_45)
FN:1298,(anonymous_46)
FN:1300,(anonymous_47)
FN:1308,(anonymous_48)
FN:1316,(anonymous_49)
FN:1322,(anonymous_50)
FN:1367,(anonymous_51)
FN:1381,(anonymous_52)
FN:1388,(anonymous_53)
FN:1393,(anonymous_54)
FN:1461,(anonymous_55)
FN:1464,(anonymous_56)
FN:1465,(anonymous_57)
FN:1481,(anonymous_58)
FN:1491,(anonymous_59)
FN:1492,(anonymous_60)
FN:1493,(anonymous_61)
FN:1510,(anonymous_62)
FN:1532,(anonymous_63)
FN:1543,(anonymous_64)
FN:2095,(anonymous_65)
FN:2101,(anonymous_66)
FN:2113,(anonymous_67)
FN:2113,(anonymous_68)
FNF:69
FNH:39
FNDA:16,(anonymous_0)
FNDA:0,(anonymous_1)
FNDA:0,(anonymous_2)
FNDA:39,(anonymous_3)
FNDA:57,(anonymous_4)
FNDA:0,(anonymous_5)
FNDA:2,(anonymous_6)
FNDA:2,(anonymous_7)
FNDA:3,(anonymous_8)
FNDA:1,(anonymous_9)
FNDA:0,(anonymous_10)
FNDA:2,(anonymous_11)
FNDA:0,(anonymous_12)
FNDA:0,(anonymous_13)
FNDA:0,(anonymous_14)
FNDA:0,(anonymous_15)
FNDA:2,(anonymous_16)
FNDA:56,(anonymous_17)
FNDA:32,(anonymous_18)
FNDA:1,(anonymous_19)
FNDA:0,(anonymous_20)
FNDA:2,(anonymous_21)
FNDA:0,(anonymous_22)
FNDA:1,(anonymous_23)
FNDA:1,(anonymous_24)
FNDA:1,(anonymous_25)
FNDA:1,(anonymous_26)
FNDA:1,(anonymous_27)
FNDA:0,(anonymous_28)
FNDA:80,(anonymous_29)
FNDA:0,(anonymous_30)
FNDA:0,(anonymous_31)
FNDA:1,(anonymous_32)
FNDA:1,(anonymous_33)
FNDA:89,(anonymous_34)
FNDA:500,(anonymous_35)
FNDA:0,(anonymous_36)
FNDA:0,(anonymous_37)
FNDA:0,(anonymous_38)
FNDA:8,(anonymous_39)
FNDA:0,(anonymous_40)
FNDA:0,(anonymous_41)
FNDA:0,(anonymous_42)
FNDA:0,(anonymous_43)
FNDA:0,(anonymous_44)
FNDA:0,(anonymous_45)
FNDA:20,(anonymous_46)
FNDA:13,(anonymous_47)
FNDA:39,(anonymous_48)
FNDA:1,(anonymous_49)
FNDA:5,(anonymous_50)
FNDA:6,(anonymous_51)
FNDA:2,(anonymous_52)
FNDA:0,(anonymous_53)
FNDA:12,(anonymous_54)
FNDA:0,(anonymous_55)
FNDA:0,(anonymous_56)
FNDA:0,(anonymous_57)
FNDA:1704,(anonymous_58)
FNDA:0,(anonymous_59)
FNDA:0,(anonymous_60)
FNDA:1,(anonymous_61)
FNDA:1,(anonymous_62)
FNDA:17,(anonymous_63)
FNDA:0,(anonymous_64)
FNDA:852,(anonymous_65)
FNDA:0,(anonymous_66)
FNDA:3,(anonymous_67)
FNDA:8892,(anonymous_68)
DA:10,3
DA:43,3
DA:50,3
DA:51,3
DA:52,3
DA:60,3
DA:74,3
DA:93,3
DA:100,3
DA:101,3
DA:106,16
DA:107,16
DA:108,16
DA:111,16
DA:112,16
DA:115,16
DA:116,16
DA:119,16
DA:127,16
DA:128,1
DA:129,1
DA:132,16
DA:133,16
DA:136,16
DA:141,16
DA:142,16
DA:143,16
DA:144,16
DA:147,16
DA:155,16
DA:156,32
DA:157,1
DA:158,1
DA:170,32
DA:172,32
DA:173,32
DA:174,32
DA:177,32
DA:178,32
DA:179,32
DA:181,32
DA:182,32
DA:185,32
DA:186,13
DA:187,13
DA:188,13
DA:189,0
DA:190,0
DA:191,13
DA:193,13
DA:197,32
DA:199,0
DA:200,0
DA:210,16
DA:211,16
DA:212,32
DA:213,32
DA:219,32
DA:221,16
DA:222,16
DA:224,3
DA:226,13
DA:228,32
DA:230,16
DA:239,55
DA:240,55
DA:241,110
DA:242,110
DA:243,110
DA:245,55
DA:254,0
DA:263,55
DA:264,55
DA:265,0
DA:271,55
DA:272,55
DA:273,55
DA:276,0
DA:277,0
DA:278,0
DA:281,0
DA:282,0
DA:283,0
DA:286,0
DA:287,0
DA:288,0
DA:289,0
DA:290,0
DA:291,0
DA:292,0
DA:293,0
DA:294,0
DA:295,0
DA:296,0
DA:297,0
DA:298,0
DA:299,0
DA:302,0
DA:303,0
DA:304,0
DA:305,0
DA:308,0
DA:317,55
DA:318,55
DA:322,55
DA:323,55
DA:331,39
DA:332,39
DA:333,39
DA:342,57
DA:344,57
DA:346,12
DA:349,12
DA:350,12
DA:351,12
DA:354,12
DA:358,12
DA:359,2
DA:360,2
DA:361,2
DA:366,2
DA:367,2
DA:370,2
DA:371,2
DA:380,10
DA:381,10
DA:384,0
DA:394,12
DA:395,2
DA:399,12
DA:400,12
DA:404,12
DA:405,3
DA:406,3
DA:408,9
DA:409,9
DA:414,12
DA:415,3
DA:417,9
DA:421,12
DA:424,12
DA:429,12
DA:432,12
DA:436,16
DA:437,16
DA:438,16
DA:440,0
DA:441,0
DA:442,0
DA:445,0
DA:446,0
DA:448,0
DA:453,16
DA:454,16
DA:455,16
DA:457,16
DA:462,16
DA:475,16
DA:476,14
DA:480,16
DA:481,16
DA:482,16
DA:484,16
DA:501,16
DA:502,16
DA:503,16
DA:505,16
DA:506,14
DA:512,16
DA:513,16
DA:514,16
DA:515,16
DA:522,16
DA:526,16
DA:527,16
DA:528,16
DA:534,16
DA:535,16
DA:536,16
DA:543,16
DA:546,16
DA:547,16
DA:549,16
DA:550,0
DA:551,0
DA:552,0
DA:553,0
DA:554,0
DA:568,0
DA:569,0
DA:571,0
DA:572,0
DA:573,0
DA:575,0
DA:579,16
DA:580,16
DA:581,16
DA:582,16
DA:584,16
DA:604,16
DA:605,16
DA:606,56
DA:607,56
DA:608,56
DA:611,16
DA:615,16
DA:616,32
DA:617,16
DA:620,16
DA:626,1
DA:627,1
DA:630,1
DA:633,1
DA:636,1
DA:640,2
DA:642,2
DA:643,1
DA:646,1
DA:647,1
DA:648,1
DA:649,1
DA:652,1
DA:654,1
DA:655,1
DA:656,1
DA:657,1
DA:660,1
DA:661,1
DA:664,1
DA:665,1
DA:666,0
DA:667,0
DA:671,1
DA:672,1
DA:673,1
DA:674,1
DA:677,1
DA:682,3
DA:683,1
DA:684,1
DA:685,1
DA:687,3
DA:688,3
DA:689,3
DA:693,1
DA:694,1
DA:695,1
DA:705,1
DA:706,1
DA:708,1
DA:710,1
DA:715,1
DA:717,1
DA:720,3
DA:721,3
DA:722,2
DA:723,2
DA:724,2
DA:726,1
DA:727,1
DA:728,1
DA:730,1
DA:731,1
DA:733,1
DA:736,1
DA:737,1
DA:746,16
DA:750,16
DA:751,1
DA:753,1
DA:754,1
DA:755,1
DA:756,1
DA:758,1
DA:759,1
DA:761,1
DA:762,1
DA:765,16
DA:766,1
DA:769,1
DA:770,1
DA:772,1
DA:773,1
DA:774,1
DA:778,1
DA:779,1
DA:780,1
DA:781,1
DA:782,1
DA:783,1
DA:786,16
DA:787,1
DA:788,1
DA:789,1
DA:790,1
DA:793,1
DA:796,16
DA:804,16
DA:805,16
DA:806,16
DA:807,16
DA:808,16
DA:816,13
DA:818,13
DA:820,13
DA:821,13
DA:822,13
DA:827,16
DA:828,16
DA:829,16
DA:830,16
DA:831,16
DA:834,16
DA:835,16
DA:836,16
DA:837,80
DA:839,16
DA:912,16
DA:913,16
DA:1043,16
DA:1045,16
DA:1046,16
DA:1055,32
DA:1056,32
DA:1065,16
DA:1069,16
DA:1071,16
DA:1072,131
DA:1075,131
DA:1076,131
DA:1078,0
DA:1079,0
DA:1080,0
DA:1085,131
DA:1086,0
DA:1087,0
DA:1091,131
DA:1092,2
DA:1093,2
DA:1094,2
DA:1095,0
DA:1096,0
DA:1108,16
DA:1109,1
DA:1110,1
DA:1111,1
DA:1112,1
DA:1117,16
DA:1118,1
DA:1121,16
DA:1122,89
DA:1123,416
DA:1124,416
DA:1126,500
DA:1129,302
DA:1133,247
DA:1134,247
DA:1135,247
DA:1137,247
DA:1138,1
DA:1139,1
DA:1143,247
DA:1144,1
DA:1151,16
DA:1161,16
DA:1163,0
DA:1164,0
DA:1167,0
DA:1170,0
DA:1171,0
DA:1172,0
DA:1173,0
DA:1174,0
DA:1175,0
DA:1179,16
DA:1180,0
DA:1182,0
DA:1183,0
DA:1184,0
DA:1185,0
DA:1187,0
DA:1194,16
DA:1205,89
DA:1206,89
DA:1216,1
DA:1217,1
DA:1218,8
DA:1226,16
DA:1230,16
DA:1231,16
DA:1232,16
DA:1233,16
DA:1235,16
DA:1236,16
DA:1238,16
DA:1239,16
DA:1241,16
DA:1242,0
DA:1243,0
DA:1244,0
DA:1250,16
DA:1253,16
DA:1255,16
DA:1256,16
DA:1258,16
DA:1261,16
DA:1262,0
DA:1264,0
DA:1265,0
DA:1266,0
DA:1270,0
DA:1271,0
DA:1272,0
DA:1277,0
DA:1282,16
DA:1284,0
DA:1285,0
DA:1288,0
DA:1289,0
DA:1291,0
DA:1292,0
DA:1298,16
DA:1299,20
DA:1300,20
DA:1301,13
DA:1302,1
DA:1308,39
DA:1309,16
DA:1318,1
DA:1319,1
DA:1322,1
DA:1323,5
DA:1325,1
DA:1327,1
DA:1336,3
DA:1364,6
DA:1368,6
DA:1369,6
DA:1370,6
DA:1371,6
DA:1375,6
DA:1376,6
DA:1378,6
DA:1381,6
DA:1382,2
DA:1383,0
DA:1388,6
DA:1389,0
DA:1393,6
DA:1394,12
DA:1395,0
DA:1397,12
DA:1398,12
DA:1399,12
DA:1405,6
DA:1406,6
DA:1407,6
DA:1418,6
DA:1419,6
DA:1423,6
DA:1424,6
DA:1425,6
DA:1437,6
DA:1438,6
DA:1448,6
DA:1449,6
DA:1450,6
DA:1451,6
DA:1461,6
DA:1464,6
DA:1465,6
DA:1467,6
DA:1468,6
DA:1469,6
DA:1475,6
DA:1476,6
DA:1477,6
DA:1478,6
DA:1479,6
DA:1481,6
DA:1482,1704
DA:1483,1704
DA:1484,1704
DA:1491,1704
DA:1492,1704
DA:1493,1704
DA:1494,1704
DA:1497,6
DA:1498,6
DA:1499,6
DA:1510,6
DA:1512,6
DA:1513,6
DA:1514,6
DA:1515,6
DA:1516,6
DA:1517,6
DA:1520,6
DA:1524,6
DA:1525,6
DA:1526,6
DA:1527,6
DA:1528,6
DA:1529,6
DA:1533,17
DA:1534,17
DA:1537,16
DA:1539,16
DA:1541,8
DA:1542,0
DA:1543,0
DA:1544,0
DA:1545,0
DA:1550,8
DA:1552,8
DA:1555,8
DA:1556,8
DA:1557,0
DA:1558,0
DA:1564,2
DA:1565,2
DA:1566,2
DA:1567,2
DA:1571,6
DA:1572,6
DA:1573,1
DA:1574,1
DA:1587,3
DA:1598,3
DA:2095,852
DA:2101,3
DA:2103,0
DA:2106,0
DA:2113,8892
LF:534
LH:433
BRDA:126,0,0,13
BRDA:127,1,0,1
BRDA:127,1,1,15
BRDA:127,2,0,16
BRDA:127,2,1,15
BRDA:132,3,0,16
BRDA:132,3,1,5
BRDA:141,4,0,16
BRDA:141,4,1,14
BRDA:156,5,0,1
BRDA:156,5,1,31
BRDA:158,6,0,1
BRDA:158,6,1,0
BRDA:170,7,0,32
BRDA:170,7,1,0
BRDA:172,8,0,5
BRDA:172,8,1,27
BRDA:174,9,0,0
BRDA:174,9,1,32
BRDA:185,10,0,13
BRDA:185,10,1,19
BRDA:187,11,0,0
BRDA:187,11,1,13
BRDA:188,12,0,0
BRDA:188,12,1,0
BRDA:188,12,2,13
BRDA:189,13,0,0
BRDA:189,13,1,0
BRDA:219,14,0,16
BRDA:219,14,1,16
BRDA:222,15,0,3
BRDA:222,15,1,13
BRDA:242,16,0,0
BRDA:242,16,1,110
BRDA:242,17,0,110
BRDA:242,17,1,100
BRDA:254,18,0,0
BRDA:254,18,1,0
BRDA:264,19,0,0
BRDA:264,19,1,55
BRDA:271,20,0,55
BRDA:271,20,1,0
BRDA:276,21,0,0
BRDA:276,21,1,0
BRDA:281,22,0,0
BRDA:281,22,1,0
BRDA:286,23,0,0
BRDA:286,23,1,0
BRDA:293,24,0,0
BRDA:293,24,1,0
BRDA:294,25,0,0
BRDA:294,25,1,0
BRDA:295,26,0,0
BRDA:295,26,1,0
BRDA:296,27,0,0
BRDA:296,27,1,0
BRDA:297,28,0,0
BRDA:297,28,1,0
BRDA:303,29,0,0
BRDA:303,29,1,0
BRDA:318,30,0,0
BRDA:318,30,1,55
BRDA:341,31,0,55
BRDA:344,32,0,45
BRDA:344,32,1,12
BRDA:344,33,0,57
BRDA:344,33,1,53
BRDA:349,34,0,12
BRDA:349,34,1,0
BRDA:358,35,0,2
BRDA:358,35,1,10
BRDA:358,36,0,12
BRDA:358,36,1,11
BRDA:358,36,2,2
BRDA:394,37,0,2
BRDA:394,37,1,10
BRDA:395,38,0,1
BRDA:395,38,1,1
BRDA:400,39,0,12
BRDA:400,39,1,0
BRDA:400,40,0,3
BRDA:400,40,1,9
BRDA:404,41,0,3
BRDA:404,41,1,9
BRDA:414,42,0,3
BRDA:414,42,1,9
BRDA:438,43,0,16
BRDA:438,43,1,0
BRDA:441,44,0,0
BRDA:441,44,1,0
BRDA:441,45,0,0
BRDA:441,45,1,0
BRDA:457,46,0,16
BRDA:457,46,1,16
BRDA:468,47,0,0
BRDA:468,47,1,16
BRDA:475,48,0,14
BRDA:475,48,1,2
BRDA:505,49,0,14
BRDA:505,49,1,2
BRDA:549,50,0,0
BRDA:549,50,1,16
BRDA:563,51,0,0
BRDA:563,51,1,0
BRDA:597,52,0,14
BRDA:597,52,1,2
BRDA:616,53,0,16
BRDA:616,53,1,16
BRDA:626,54,0,0
BRDA:626,54,1,1
BRDA:640,55,0,0
BRDA:640,55,1,2
BRDA:642,56,0,1
BRDA:642,56,1,1
BRDA:647,57,0,1
BRDA:647,57,1,0
BRDA:655,58,0,0
BRDA:655,58,1,1
BRDA:660,59,0,1
BRDA:660,59,1,0
BRDA:665,60,0,0
BRDA:665,60,1,1
BRDA:682,61,0,1
BRDA:682,61,1,2
BRDA:693,62,0,1
BRDA:693,62,1,0
BRDA:708,63,0,0
BRDA:708,63,1,1
BRDA:721,64,0,2
BRDA:721,64,1,1
BRDA:731,65,0,1
BRDA:731,65,1,0
BRDA:751,66,0,0
BRDA:751,66,1,1
BRDA:766,67,0,0
BRDA:766,67,1,1
BRDA:769,68,0,1
BRDA:769,68,1,0
BRDA:816,69,0,0
BRDA:816,69,1,13
BRDA:818,70,0,3
BRDA:818,70,1,10
BRDA:828,71,0,1
BRDA:828,71,1,15
BRDA:829,72,0,1
BRDA:829,72,1,15
BRDA:835,73,0,16
BRDA:835,73,1,16
BRDA:842,74,0,16
BRDA:842,74,1,0
BRDA:843,75,0,16
BRDA:843,75,1,0
BRDA:855,76,0,16
BRDA:855,76,1,0
BRDA:856,77,0,16
BRDA:856,77,1,0
BRDA:1056,78,0,27
BRDA:1056,78,1,5
BRDA:1065,79,0,16
BRDA:1065,79,1,16
BRDA:1076,80,0,0
BRDA:1076,80,1,131
BRDA:1076,81,0,131
BRDA:1076,81,1,21
BRDA:1078,82,0,0
BRDA:1078,82,1,0
BRDA:1085,83,0,0
BRDA:1085,83,1,131
BRDA:1085,84,0,131
BRDA:1085,84,1,0
BRDA:1091,85,0,2
BRDA:1091,85,1,129
BRDA:1094,86,0,0
BRDA:1094,86,1,2
BRDA:1094,87,0,2
BRDA:1094,87,1,2
BRDA:1094,87,2,0
BRDA:1110,88,0,1
BRDA:1110,88,1,0
BRDA:1110,89,0,1
BRDA:1110,89,1,1
BRDA:1123,90,0,416
BRDA:1123,90,1,0
BRDA:1126,91,0,198
BRDA:1126,91,1,302
BRDA:1129,92,0,55
BRDA:1129,92,1,247
BRDA:1135,93,0,247
BRDA:1135,93,1,1
BRDA:1137,94,0,1
BRDA:1137,94,1,246
BRDA:1137,95,0,247
BRDA:1137,95,1,1
BRDA:1143,96,0,1
BRDA:1143,96,1,246
BRDA:1163,97,0,0
BRDA:1163,97,1,0
BRDA:1171,98,0,0
BRDA:1171,98,1,0
BRDA:1182,99,0,0
BRDA:1182,99,1,0
BRDA:1183,100,0,0
BRDA:1183,100,1,0
BRDA:1183,101,0,0
BRDA:1183,101,1,0
BRDA:1185,102,0,0
BRDA:1185,102,1,0
BRDA:1218,103,0,8
BRDA:1218,103,1,2
BRDA:1218,103,2,1
BRDA:1232,104,0,16
BRDA:1232,104,1,0
BRDA:1238,105,0,16
BRDA:1238,105,1,0
BRDA:1242,106,0,0
BRDA:1242,106,1,0
BRDA:1242,107,0,0
BRDA:1242,107,1,0
BRDA:1256,108,0,16
BRDA:1256,108,1,15
BRDA:1256,108,2,14
BRDA:1261,109,0,0
BRDA:1261,109,1,16
BRDA:1271,110,0,0
BRDA:1271,110,1,0
BRDA:1271,111,0,0
BRDA:1271,111,1,0
BRDA:1284,112,0,0
BRDA:1284,112,1,0
BRDA:1291,113,0,0
BRDA:1291,113,1,0
BRDA:1301,114,0,1
BRDA:1301,114,1,12
BRDA:1301,115,0,13
BRDA:1301,115,1,1
BRDA:1367,116,0,5
BRDA:1369,117,0,6
BRDA:1369,117,1,5
BRDA:1382,118,0,0
BRDA:1382,118,1,2
BRDA:1394,119,0,0
BRDA:1394,119,1,12
BRDA:1394,120,0,12
BRDA:1394,120,1,12
BRDA:1394,120,2,12
BRDA:1397,121,0,12
BRDA:1397,121,1,0
BRDA:1534,122,0,1
BRDA:1534,122,1,16
BRDA:1539,123,0,8
BRDA:1539,123,1,8
BRDA:1541,124,0,0
BRDA:1541,124,1,8
BRDA:1556,125,0,0
BRDA:1556,125,1,8
BRDA:1556,126,0,8
BRDA:1556,126,1,0
BRDA:1566,127,0,1
BRDA:1566,127,1,1
BRDA:1572,128,0,1
BRDA:1572,128,1,5
BRDA:2113,129,0,2850
BRDA:2113,129,1,6042
BRF:263
BRH:161
end_of_record
